#
# A fatal error has been detected by the Java Runtime Environment:
#
#  SIGSEGV (0xb) at pc=0x00007f79935e89fc, pid=559213, tid=559229
#
# JRE version: OpenJDK Runtime Environment Temurin-21.0.9+10 (21.0.9+10) (build 21.0.9+10-LTS)
# Java VM: OpenJDK 64-Bit Server VM Temurin-21.0.9+10 (21.0.9+10-LTS, mixed mode, sharing, tiered, compressed oops, compressed class ptrs, g1 gc, linux-amd64)
# Problematic frame:
# V  [libjvm.so+0x5e89fc]  ciVirtualCallData::translate_from(ProfileData const*)+0x6c
#
# No core dump will be written. Core dumps have been disabled. To enable core dumping, try "ulimit -c unlimited" before starting Java again
#
# If you would like to submit a bug report, please visit:
#   https://github.com/adoptium/adoptium-support/issues
#

---------------  S U M M A R Y ------------

Command Line: org.jetbrains.kotlin.cli.jvm.K2JVMCompiler @/home/niel/Documents/aCSDFE/YEAR 4/SEM 1/SYSTEM/threat-hunting-platform/mobile/android/app/build/20260602_321155179752213828.compiler.options

Host: Intel(R) Core(TM) i7-6820HQ CPU @ 2.70GHz, 8 cores, 15G, Parrot Security 7.1 (echo)
Time: Tue Jun  2 10:36:45 2026 EAT elapsed time: 0.533236 seconds (0d 0h 0m 0s)

---------------  T H R E A D  ---------------

Current thread (0x00007f798c176fc0):  JavaThread "C1 CompilerThread0" daemon [_thread_in_vm, id=559229, stack(0x00007f79703ff000,0x00007f79704ff000) (1024K)]


Current CompileTask:
C1:533  662       3       sun.net.www.protocol.jar.Handler::parseContextSpec (150 bytes)

Stack: [0x00007f79703ff000,0x00007f79704ff000],  sp=0x00007f79704fce10,  free space=1015k
Native frames: (J=compiled Java code, j=interpreted, Vv=VM code, C=native code)
V  [libjvm.so+0x5e89fc]  ciVirtualCallData::translate_from(ProfileData const*)+0x6c
V  [libjvm.so+0x5e661f]  ciMethodData::load_data()+0x35f
V  [libjvm.so+0x5e40b8]  ciMethod::ensure_method_data()+0x168
V  [libjvm.so+0x4eabcb]  Compilation::compile_java_method()+0x3b
V  [libjvm.so+0x4eb112]  Compilation::compile_method()+0x112
V  [libjvm.so+0x4eb509]  Compilation::Compilation(AbstractCompiler*, ciEnv*, ciMethod*, int, BufferBlob*, bool, DirectiveSet*)+0x1f9
V  [libjvm.so+0x4ec3d1]  Compiler::compile_method(ciEnv*, ciMethod*, int, bool, DirectiveSet*)+0xb1
V  [libjvm.so+0x67b0fe]  CompileBroker::invoke_compiler_on_method(CompileTask*)+0xc9e
V  [libjvm.so+0x67e438]  CompileBroker::compiler_thread_loop()+0x738
V  [libjvm.so+0x92e9b8]  JavaThread::thread_main_inner()+0x1d8
V  [libjvm.so+0xf84328]  Thread::call_run()+0xa8
V  [libjvm.so+0xd0d8ea]  thread_native_entry(Thread*)+0xda

siginfo: si_signo: 11 (SIGSEGV), si_code: 1 (SEGV_MAPERR), si_addr: 0x0000000000100098

Registers:
RAX=0x00007f790f18a430, RBX=0x0000000000000002, RCX=0x00007f7994430cd8, RDX=0x0000000000000004
RSP=0x00007f79704fce10, RBP=0x00007f79704fce50, RSI=0x0000000000100000, RDI=0x00007f78f417b2a8
R8 =0x00007f78f417b2a8, R9 =0x0000000000000003, R10=0x0000000000000000, R11=0x00007f79948e0000
R12=0x00007f78f417b2a8, R13=0x0000000000000004, R14=0x00007f79944f81c0, R15=0x00007f78f417b298
RIP=0x00007f79935e89fc, EFLAGS=0x0000000000010206, CSGSFS=0x002b000000000033, ERR=0x0000000000000004
  TRAPNO=0x000000000000000e

XMM[0]=0x00007f78f417b198 0x00007f78f41778a0
XMM[1]=0x00007f798c176fc0 0x00007f790f18a1c0
XMM[2]=0x0000000000000000 0x00007f798c176fc0
XMM[3]=0x0000000000000000 0x00007f798c176fc0
XMM[4]=0x00007f798c176fc0 0x00007f7913168848
XMM[5]=0x0000000000000000 0x00007f798c176fc0
XMM[6]=0x0000000000000000 0x00007f798c176fc0
XMM[7]=0x0000000000000000 0x0000000000000000
XMM[8]=0x0000000000000000 0x000001b100000859
XMM[9]=0x6161616161616161 0x6161616161616161
XMM[10]=0x6161616115190415 0x0f0e220d0e13150f
XMM[11]=0x9999999999999999 0x9999999999999999
XMM[12]=0x2020202020202020 0x2020202020202020
XMM[13]=0x0000000000000000 0x0000000000000000
XMM[14]=0x0000000000000000 0x0000000000000000
XMM[15]=0x0000000000000000 0x0000000000000000
  MXCSR=0x00001fa2


Register to memory mapping:

RAX=0x00007f790f18a430 is pointing into metadata
RBX=0x0000000000000002 is an unknown value
RCX=0x00007f7994430cd8: <offset 0x0000000001430cd8> in /home/niel/.asdf/installs/java/adoptopenjdk-21.0.9+10.0.LTS/lib/server/libjvm.so at 0x00007f7993000000
RDX=0x0000000000000004 is an unknown value
RSP=0x00007f79704fce10 is pointing into the stack for thread: 0x00007f798c176fc0
RBP=0x00007f79704fce50 is pointing into the stack for thread: 0x00007f798c176fc0
RSI=0x0000000000100000 is an unknown value
RDI=0x00007f78f417b2a8 points into unknown readable memory: 0x00007f7994430cd8 | d8 0c 43 94 79 7f 00 00
R8 =0x00007f78f417b2a8 points into unknown readable memory: 0x00007f7994430cd8 | d8 0c 43 94 79 7f 00 00
R9 =0x0000000000000003 is an unknown value
R10=0x0 is null
R11=0x00007f79948e0000 points into unknown readable memory: 0x0000000105eab69c | 9c b6 ea 05 01 00 00 00
R12=0x00007f78f417b2a8 points into unknown readable memory: 0x00007f7994430cd8 | d8 0c 43 94 79 7f 00 00
R13=0x0000000000000004 is an unknown value
R14=0x00007f79944f81c0: <offset 0x00000000014f81c0> in /home/niel/.asdf/installs/java/adoptopenjdk-21.0.9+10.0.LTS/lib/server/libjvm.so at 0x00007f7993000000
R15=0x00007f78f417b298 points into unknown readable memory: 0x00007f79944c8ef0 | f0 8e 4c 94 79 7f 00 00

Top of Stack: (sp=0x00007f79704fce10)
0x00007f79704fce10:   00007f790f18a430 00007f790f18a1c0
0x00007f79704fce20:   00007f79704fce50 00007f78f4171760
0x00007f79704fce30:   00007f790f18a1c0 0000000000000108
0x00007f79704fce40:   00007f78f417b298 00007f78f417b2a8
0x00007f79704fce50:   00007f79704fced0 00007f79935e661f
0x00007f79704fce60:   00007f78f41778a0 00007f78f417b198
0x00007f79704fce70:   00000000000083b0 00007f78f417f888
0x00007f79704fce80:   00007f78f41778a0 00007f78f417b198
0x00007f79704fce90:   00007f798c1752f0 00007f790f18a2f0
0x00007f79704fcea0:   00007f79000000b8 00007f79704fd140
0x00007f79704fceb0:   00007f78f4170ae0 00007f7913168848
0x00007f79704fcec0:   00007f798c176fc0 00007f79704fcee0
0x00007f79704fced0:   00007f79704fcf10 00007f79935e40b8
0x00007f79704fcee0:   00007f7913168848 00007f798c176fc0
0x00007f79704fcef0:   00007f79704fd140 00007f79941199a8
0x00007f79704fcf00:   00007f7994538271 00007f79704fd1d8
0x00007f79704fcf10:   00007f79704fcfb0 00007f79934eabcb
0x00007f79704fcf20:   00007f79704fcf40 00007f7993db04fd
0x00007f79704fcf30:   00007f798c177828 00007f79936df2d6
0x00007f79704fcf40:   00007f79704fcf80 00007f78f417b128
0x00007f79704fcf50:   00007f78f417b080 00007f79704fd140
0x00007f79704fcf60:   00007f78f417b0d8 00007f79704fd6a0
0x00007f79704fcf70:   00007f79704fd6a0 00007f79704fd1d8
0x00007f79704fcf80:   00007f79704fcfb0 00007f79704fd140
0x00007f79704fcf90:   00007f79704fcfd0 00007f79941199a8
0x00007f79704fcfa0:   00007f7994538271 00007f79704fd1d8
0x00007f79704fcfb0:   00007f79704fd050 00007f79934eb112
0x00007f79704fcfc0:   00007f7900000000 00007f799349729f
0x00007f79704fcfd0:   00007f78e80e0000 0000000000000000
0x00007f79704fcfe0:   00007f78e80e5af0 0000000000000000
0x00007f79704fcff0:   0000000000000009 00007f79941199a8
0x00007f79704fd000:   0000000000000000 0000000000000000 

Instructions: (pc=0x00007f79935e89fc)
0x00007f79935e88fc:   00 00 00 00 55 48 89 e5 41 55 41 54 44 0f b6 e6
0x00007f79935e890c:   53 44 89 e6 48 89 fb 48 83 ec 08 e8 c4 ed 6a 00
0x00007f79935e891c:   4c 8d 2d 9d f8 f0 00 48 8b 53 08 49 8b 45 00 8d
0x00007f79935e892c:   44 00 02 48 98 48 8b 44 c2 08 83 f8 01 7e 1f 48
0x00007f79935e893c:   8d 7b 10 44 89 e6 e8 b9 fb 6a 00 49 8b 45 00 48
0x00007f79935e894c:   8b 53 08 8d 44 00 02 48 98 48 8b 44 c2 08 a8 01
0x00007f79935e895c:   75 12 48 83 c4 08 5b 41 5c 41 5d 5d c3 0f 1f 80
0x00007f79935e896c:   00 00 00 00 48 83 c4 08 48 8d 7b 20 44 89 e6 5b
0x00007f79935e897c:   41 5c 41 5d 5d e9 6a fc 6a 00 66 2e 0f 1f 84 00
0x00007f79935e898c:   00 00 00 00 55 48 89 e5 41 57 41 56 41 55 41 54
0x00007f79935e899c:   53 48 83 ec 18 4c 8d 35 18 f8 f0 00 41 8b 06 85
0x00007f79935e89ac:   c0 0f 84 98 00 00 00 49 89 ff 49 89 f4 31 db eb
0x00007f79935e89bc:   15 0f 1f 00 49 8b 47 08 4a c7 44 e8 08 00 00 00
0x00007f79935e89cc:   00 41 3b 1e 73 79 49 8b 04 24 4c 89 e7 ff 50 20
0x00007f79935e89dc:   84 c0 0f 84 db 00 00 00 83 c3 01 49 8b 44 24 08
0x00007f79935e89ec:   8d 14 1b 4c 63 ea 4a 8b 74 e8 08 48 85 f6 74 c4
0x00007f79935e89fc:   48 8b be 98 00 00 00 89 55 cc 48 89 75 c0 e8 a1
0x00007f79935e8a0c:   f8 03 00 8b 55 cc 84 c0 74 4a 66 48 8d 3d a2 89
0x00007f79935e8a1c:   f0 00 66 66 48 e8 7a ad cb ff 48 8b 75 c0 48 8b
0x00007f79935e8a2c:   00 48 8b 80 00 07 00 00 48 8b 78 38 e8 23 47 00
0x00007f79935e8a3c:   00 49 8b 57 08 4a 89 44 ea 08 41 3b 1e 72 87 48
0x00007f79935e8a4c:   83 c4 18 5b 41 5c 41 5d 41 5e 41 5f 5d c3 66 0f
0x00007f79935e8a5c:   1f 44 00 00 49 8b 47 08 83 c2 01 48 8d 0d 92 fb
0x00007f79935e8a6c:   ff ff 48 63 d2 48 c7 40 08 00 00 00 00 49 8b 47
0x00007f79935e8a7c:   08 4a c7 44 e8 08 00 00 00 00 49 8b 47 08 48 c7
0x00007f79935e8a8c:   44 d0 08 00 00 00 00 49 8b 07 48 8b 40 28 48 39
0x00007f79935e8a9c:   c8 75 11 49 8b 47 08 48 c7 40 10 00 00 00 00 e9
0x00007f79935e8aac:   1d ff ff ff 4c 89 ff ff d0 84 c0 0f 85 10 ff ff
0x00007f79935e8abc:   ff eb e0 48 8b 04 25 08 00 00 00 0f 0b 0f 1f 80
0x00007f79935e8acc:   00 00 00 00 55 48 89 e5 41 57 41 56 41 55 41 54
0x00007f79935e8adc:   53 48 83 ec 18 4c 8d 35 d8 f6 f0 00 41 8b 06 85
0x00007f79935e8aec:   c0 0f 84 98 00 00 00 49 89 ff 49 89 f4 31 db eb 


Stack slot to memory mapping:

stack at sp + 0 slots: 0x00007f790f18a430 is pointing into metadata
stack at sp + 1 slots: 0x00007f790f18a1c0 is pointing into metadata
stack at sp + 2 slots: 0x00007f79704fce50 is pointing into the stack for thread: 0x00007f798c176fc0
stack at sp + 3 slots: 0x00007f78f4171760 points into unknown readable memory: 0x00007f79944c9430 | 30 94 4c 94 79 7f 00 00
stack at sp + 4 slots: 0x00007f790f18a1c0 is pointing into metadata
stack at sp + 5 slots: 0x0000000000000108 is an unknown value
stack at sp + 6 slots: 0x00007f78f417b298 points into unknown readable memory: 0x00007f79944c8ef0 | f0 8e 4c 94 79 7f 00 00
stack at sp + 7 slots: 0x00007f78f417b2a8 points into unknown readable memory: 0x00007f7994430cd8 | d8 0c 43 94 79 7f 00 00


---------------  P R O C E S S  ---------------

Threads class SMR info:
_java_thread_list=0x00007f78d8000b70, length=11, elements={
0x00007f798c02ad40, 0x00007f798c16e540, 0x00007f798c16faa0, 0x00007f798c171220,
0x00007f798c172850, 0x00007f798c173de0, 0x00007f798c175910, 0x00007f798c176fc0,
0x00007f798c183530, 0x00007f798c186820, 0x00007f78f40b75e0
}

Java Threads: ( => current thread )
  0x00007f798c02ad40 JavaThread "main"                              [_thread_in_Java, id=559215, stack(0x00007f7992f00000,0x00007f7993000000) (1024K)]
  0x00007f798c16e540 JavaThread "Reference Handler"          daemon [_thread_blocked, id=559223, stack(0x00007f79903e8000,0x00007f79904e8000) (1024K)]
  0x00007f798c16faa0 JavaThread "Finalizer"                  daemon [_thread_blocked, id=559224, stack(0x00007f79902e7000,0x00007f79903e7000) (1024K)]
  0x00007f798c171220 JavaThread "Signal Dispatcher"          daemon [_thread_blocked, id=559225, stack(0x00007f79901e6000,0x00007f79902e6000) (1024K)]
  0x00007f798c172850 JavaThread "Service Thread"             daemon [_thread_blocked, id=559226, stack(0x00007f79900e5000,0x00007f79901e5000) (1024K)]
  0x00007f798c173de0 JavaThread "Monitor Deflation Thread"   daemon [_thread_blocked, id=559227, stack(0x00007f7970958000,0x00007f7970a58000) (1024K)]
  0x00007f798c175910 JavaThread "C2 CompilerThread0"         daemon [_thread_blocked, id=559228, stack(0x00007f7970500000,0x00007f7970600000) (1024K)]
=>0x00007f798c176fc0 JavaThread "C1 CompilerThread0"         daemon [_thread_in_vm, id=559229, stack(0x00007f79703ff000,0x00007f79704ff000) (1024K)]
  0x00007f798c183530 JavaThread "Notification Thread"        daemon [_thread_blocked, id=559230, stack(0x00007f79702fe000,0x00007f79703fe000) (1024K)]
  0x00007f798c186820 JavaThread "Common-Cleaner"             daemon [_thread_blocked, id=559231, stack(0x00007f79701fd000,0x00007f79702fd000) (1024K)]
  0x00007f78f40b75e0 JavaThread "C2 CompilerThread1"         daemon [_thread_blocked, id=559232, stack(0x00007f79700fc000,0x00007f79701fc000) (1024K)]
Total: 11

Other Threads:
  0x00007f798c164380 VMThread "VM Thread"                           [id=559222, stack(0x00007f79904e9000,0x00007f79905e9000) (1024K)]
  0x00007f798c1526a0 WatcherThread "VM Periodic Task Thread"        [id=559221, stack(0x00007f79905ea000,0x00007f79906ea000) (1024K)]
  0x00007f798c092a50 WorkerThread "GC Thread#0"                     [id=559216, stack(0x00007f7991414000,0x00007f7991514000) (1024K)]
  0x00007f798c0a36f0 ConcurrentGCThread "G1 Main Marker"            [id=559217, stack(0x00007f7991313000,0x00007f7991413000) (1024K)]
  0x00007f798c0a4690 WorkerThread "G1 Conc#0"                       [id=559218, stack(0x00007f7991212000,0x00007f7991312000) (1024K)]
  0x00007f798c1379d0 ConcurrentGCThread "G1 Refine#0"               [id=559219, stack(0x00007f7990909000,0x00007f7990a09000) (1024K)]
  0x00007f798c138980 ConcurrentGCThread "G1 Service"                [id=559220, stack(0x00007f7990808000,0x00007f7990908000) (1024K)]
Total: 7

Threads with active compile tasks:
C1 CompilerThread0  560  662       3       sun.net.www.protocol.jar.Handler::parseContextSpec (150 bytes)
Total: 1

VM state: not at safepoint (normal execution)

VM Mutex/Monitor currently owned by a thread: None

Heap address: 0x0000000709600000, size: 3946 MB, Compressed Oops mode: Zero based, Oop shift amount: 3

CDS archive(s) mapped at: [0x00007f7913000000-0x00007f7913ca0000-0x00007f7913ca0000), size 13238272, SharedBaseAddress: 0x00007f7913000000, ArchiveRelocationMode: 1.
Compressed class space mapped at: 0x00007f7914000000-0x00007f7954000000, reserved size: 1073741824
Narrow klass base: 0x00007f7913000000, Narrow klass shift: 0, Narrow klass range: 0x100000000

GC Precious Log:
 CardTable entry size: 512
 Card Set container configuration: InlinePtr #cards 4 size 8 Array Of Cards #cards 16 size 48 Howl #buckets 8 coarsen threshold 3686 Howl Bitmap #cards 512 size 80 coarsen threshold 460 Card regions per heap region 1 cards per card region 4096
 CPUs: 8 total, 8 available
 Memory: 15779M
 Large Page Support: Disabled
 NUMA Support: Disabled
 Compressed Oops: Enabled (Zero based)
 Heap Region Size: 2M
 Heap Min Capacity: 8M
 Heap Initial Capacity: 248M
 Heap Max Capacity: 3946M
 Pre-touch: Disabled
 Parallel Workers: 8
 Concurrent Workers: 2
 Concurrent Refinement Workers: 8
 Periodic GC: Disabled

Heap:
 garbage-first heap   total 256000K, used 17457K [0x0000000709600000, 0x0000000800000000)
  region size 2048K, 8 young (16384K), 0 survivors (0K)
 Metaspace       used 5080K, committed 5248K, reserved 1114112K
  class space    used 445K, committed 512K, reserved 1048576K

Heap Regions: E=young(eden), S=young(survivor), O=old, HS=humongous(starts), HC=humongous(continues), CS=collection set, F=free, TAMS=top-at-mark-start, PB=parsable bottom
|   0|0x0000000709600000, 0x0000000709800000, 0x0000000709800000|100%|HS|  |TAMS 0x0000000709600000| PB 0x0000000709600000| Complete 
|   1|0x0000000709800000, 0x0000000709a00000, 0x0000000709a00000|100%|HC|  |TAMS 0x0000000709800000| PB 0x0000000709800000| Complete 
|   2|0x0000000709a00000, 0x0000000709a00000, 0x0000000709c00000|  0%| F|  |TAMS 0x0000000709a00000| PB 0x0000000709a00000| Untracked 
|   3|0x0000000709c00000, 0x0000000709c00000, 0x0000000709e00000|  0%| F|  |TAMS 0x0000000709c00000| PB 0x0000000709c00000| Untracked 
|   4|0x0000000709e00000, 0x0000000709e00000, 0x000000070a000000|  0%| F|  |TAMS 0x0000000709e00000| PB 0x0000000709e00000| Untracked 
|   5|0x000000070a000000, 0x000000070a000000, 0x000000070a200000|  0%| F|  |TAMS 0x000000070a000000| PB 0x000000070a000000| Untracked 
|   6|0x000000070a200000, 0x000000070a200000, 0x000000070a400000|  0%| F|  |TAMS 0x000000070a200000| PB 0x000000070a200000| Untracked 
|   7|0x000000070a400000, 0x000000070a400000, 0x000000070a600000|  0%| F|  |TAMS 0x000000070a400000| PB 0x000000070a400000| Untracked 
|   8|0x000000070a600000, 0x000000070a600000, 0x000000070a800000|  0%| F|  |TAMS 0x000000070a600000| PB 0x000000070a600000| Untracked 
|   9|0x000000070a800000, 0x000000070a800000, 0x000000070aa00000|  0%| F|  |TAMS 0x000000070a800000| PB 0x000000070a800000| Untracked 
|  10|0x000000070aa00000, 0x000000070aa00000, 0x000000070ac00000|  0%| F|  |TAMS 0x000000070aa00000| PB 0x000000070aa00000| Untracked 
|  11|0x000000070ac00000, 0x000000070ac00000, 0x000000070ae00000|  0%| F|  |TAMS 0x000000070ac00000| PB 0x000000070ac00000| Untracked 
|  12|0x000000070ae00000, 0x000000070ae00000, 0x000000070b000000|  0%| F|  |TAMS 0x000000070ae00000| PB 0x000000070ae00000| Untracked 
|  13|0x000000070b000000, 0x000000070b000000, 0x000000070b200000|  0%| F|  |TAMS 0x000000070b000000| PB 0x000000070b000000| Untracked 
|  14|0x000000070b200000, 0x000000070b200000, 0x000000070b400000|  0%| F|  |TAMS 0x000000070b200000| PB 0x000000070b200000| Untracked 
|  15|0x000000070b400000, 0x000000070b400000, 0x000000070b600000|  0%| F|  |TAMS 0x000000070b400000| PB 0x000000070b400000| Untracked 
|  16|0x000000070b600000, 0x000000070b600000, 0x000000070b800000|  0%| F|  |TAMS 0x000000070b600000| PB 0x000000070b600000| Untracked 
|  17|0x000000070b800000, 0x000000070b800000, 0x000000070ba00000|  0%| F|  |TAMS 0x000000070b800000| PB 0x000000070b800000| Untracked 
|  18|0x000000070ba00000, 0x000000070ba00000, 0x000000070bc00000|  0%| F|  |TAMS 0x000000070ba00000| PB 0x000000070ba00000| Untracked 
|  19|0x000000070bc00000, 0x000000070bc00000, 0x000000070be00000|  0%| F|  |TAMS 0x000000070bc00000| PB 0x000000070bc00000| Untracked 
|  20|0x000000070be00000, 0x000000070be00000, 0x000000070c000000|  0%| F|  |TAMS 0x000000070be00000| PB 0x000000070be00000| Untracked 
|  21|0x000000070c000000, 0x000000070c000000, 0x000000070c200000|  0%| F|  |TAMS 0x000000070c000000| PB 0x000000070c000000| Untracked 
|  22|0x000000070c200000, 0x000000070c200000, 0x000000070c400000|  0%| F|  |TAMS 0x000000070c200000| PB 0x000000070c200000| Untracked 
|  23|0x000000070c400000, 0x000000070c400000, 0x000000070c600000|  0%| F|  |TAMS 0x000000070c400000| PB 0x000000070c400000| Untracked 
|  24|0x000000070c600000, 0x000000070c600000, 0x000000070c800000|  0%| F|  |TAMS 0x000000070c600000| PB 0x000000070c600000| Untracked 
|  25|0x000000070c800000, 0x000000070c800000, 0x000000070ca00000|  0%| F|  |TAMS 0x000000070c800000| PB 0x000000070c800000| Untracked 
|  26|0x000000070ca00000, 0x000000070ca00000, 0x000000070cc00000|  0%| F|  |TAMS 0x000000070ca00000| PB 0x000000070ca00000| Untracked 
|  27|0x000000070cc00000, 0x000000070cc00000, 0x000000070ce00000|  0%| F|  |TAMS 0x000000070cc00000| PB 0x000000070cc00000| Untracked 
|  28|0x000000070ce00000, 0x000000070ce00000, 0x000000070d000000|  0%| F|  |TAMS 0x000000070ce00000| PB 0x000000070ce00000| Untracked 
|  29|0x000000070d000000, 0x000000070d000000, 0x000000070d200000|  0%| F|  |TAMS 0x000000070d000000| PB 0x000000070d000000| Untracked 
|  30|0x000000070d200000, 0x000000070d200000, 0x000000070d400000|  0%| F|  |TAMS 0x000000070d200000| PB 0x000000070d200000| Untracked 
|  31|0x000000070d400000, 0x000000070d400000, 0x000000070d600000|  0%| F|  |TAMS 0x000000070d400000| PB 0x000000070d400000| Untracked 
|  32|0x000000070d600000, 0x000000070d600000, 0x000000070d800000|  0%| F|  |TAMS 0x000000070d600000| PB 0x000000070d600000| Untracked 
|  33|0x000000070d800000, 0x000000070d800000, 0x000000070da00000|  0%| F|  |TAMS 0x000000070d800000| PB 0x000000070d800000| Untracked 
|  34|0x000000070da00000, 0x000000070da00000, 0x000000070dc00000|  0%| F|  |TAMS 0x000000070da00000| PB 0x000000070da00000| Untracked 
|  35|0x000000070dc00000, 0x000000070dc00000, 0x000000070de00000|  0%| F|  |TAMS 0x000000070dc00000| PB 0x000000070dc00000| Untracked 
|  36|0x000000070de00000, 0x000000070de00000, 0x000000070e000000|  0%| F|  |TAMS 0x000000070de00000| PB 0x000000070de00000| Untracked 
|  37|0x000000070e000000, 0x000000070e000000, 0x000000070e200000|  0%| F|  |TAMS 0x000000070e000000| PB 0x000000070e000000| Untracked 
|  38|0x000000070e200000, 0x000000070e200000, 0x000000070e400000|  0%| F|  |TAMS 0x000000070e200000| PB 0x000000070e200000| Untracked 
|  39|0x000000070e400000, 0x000000070e400000, 0x000000070e600000|  0%| F|  |TAMS 0x000000070e400000| PB 0x000000070e400000| Untracked 
|  40|0x000000070e600000, 0x000000070e600000, 0x000000070e800000|  0%| F|  |TAMS 0x000000070e600000| PB 0x000000070e600000| Untracked 
|  41|0x000000070e800000, 0x000000070e800000, 0x000000070ea00000|  0%| F|  |TAMS 0x000000070e800000| PB 0x000000070e800000| Untracked 
|  42|0x000000070ea00000, 0x000000070ea00000, 0x000000070ec00000|  0%| F|  |TAMS 0x000000070ea00000| PB 0x000000070ea00000| Untracked 
|  43|0x000000070ec00000, 0x000000070ec00000, 0x000000070ee00000|  0%| F|  |TAMS 0x000000070ec00000| PB 0x000000070ec00000| Untracked 
|  44|0x000000070ee00000, 0x000000070ee00000, 0x000000070f000000|  0%| F|  |TAMS 0x000000070ee00000| PB 0x000000070ee00000| Untracked 
|  45|0x000000070f000000, 0x000000070f000000, 0x000000070f200000|  0%| F|  |TAMS 0x000000070f000000| PB 0x000000070f000000| Untracked 
|  46|0x000000070f200000, 0x000000070f200000, 0x000000070f400000|  0%| F|  |TAMS 0x000000070f200000| PB 0x000000070f200000| Untracked 
|  47|0x000000070f400000, 0x000000070f400000, 0x000000070f600000|  0%| F|  |TAMS 0x000000070f400000| PB 0x000000070f400000| Untracked 
|  48|0x000000070f600000, 0x000000070f600000, 0x000000070f800000|  0%| F|  |TAMS 0x000000070f600000| PB 0x000000070f600000| Untracked 
|  49|0x000000070f800000, 0x000000070f800000, 0x000000070fa00000|  0%| F|  |TAMS 0x000000070f800000| PB 0x000000070f800000| Untracked 
|  50|0x000000070fa00000, 0x000000070fa00000, 0x000000070fc00000|  0%| F|  |TAMS 0x000000070fa00000| PB 0x000000070fa00000| Untracked 
|  51|0x000000070fc00000, 0x000000070fc00000, 0x000000070fe00000|  0%| F|  |TAMS 0x000000070fc00000| PB 0x000000070fc00000| Untracked 
|  52|0x000000070fe00000, 0x000000070fe00000, 0x0000000710000000|  0%| F|  |TAMS 0x000000070fe00000| PB 0x000000070fe00000| Untracked 
|  53|0x0000000710000000, 0x0000000710000000, 0x0000000710200000|  0%| F|  |TAMS 0x0000000710000000| PB 0x0000000710000000| Untracked 
|  54|0x0000000710200000, 0x0000000710200000, 0x0000000710400000|  0%| F|  |TAMS 0x0000000710200000| PB 0x0000000710200000| Untracked 
|  55|0x0000000710400000, 0x0000000710400000, 0x0000000710600000|  0%| F|  |TAMS 0x0000000710400000| PB 0x0000000710400000| Untracked 
|  56|0x0000000710600000, 0x0000000710600000, 0x0000000710800000|  0%| F|  |TAMS 0x0000000710600000| PB 0x0000000710600000| Untracked 
|  57|0x0000000710800000, 0x0000000710800000, 0x0000000710a00000|  0%| F|  |TAMS 0x0000000710800000| PB 0x0000000710800000| Untracked 
|  58|0x0000000710a00000, 0x0000000710a00000, 0x0000000710c00000|  0%| F|  |TAMS 0x0000000710a00000| PB 0x0000000710a00000| Untracked 
|  59|0x0000000710c00000, 0x0000000710c00000, 0x0000000710e00000|  0%| F|  |TAMS 0x0000000710c00000| PB 0x0000000710c00000| Untracked 
|  60|0x0000000710e00000, 0x0000000710e00000, 0x0000000711000000|  0%| F|  |TAMS 0x0000000710e00000| PB 0x0000000710e00000| Untracked 
|  61|0x0000000711000000, 0x0000000711000000, 0x0000000711200000|  0%| F|  |TAMS 0x0000000711000000| PB 0x0000000711000000| Untracked 
|  62|0x0000000711200000, 0x0000000711200000, 0x0000000711400000|  0%| F|  |TAMS 0x0000000711200000| PB 0x0000000711200000| Untracked 
|  63|0x0000000711400000, 0x0000000711400000, 0x0000000711600000|  0%| F|  |TAMS 0x0000000711400000| PB 0x0000000711400000| Untracked 
|  64|0x0000000711600000, 0x0000000711600000, 0x0000000711800000|  0%| F|  |TAMS 0x0000000711600000| PB 0x0000000711600000| Untracked 
|  65|0x0000000711800000, 0x0000000711800000, 0x0000000711a00000|  0%| F|  |TAMS 0x0000000711800000| PB 0x0000000711800000| Untracked 
|  66|0x0000000711a00000, 0x0000000711a00000, 0x0000000711c00000|  0%| F|  |TAMS 0x0000000711a00000| PB 0x0000000711a00000| Untracked 
|  67|0x0000000711c00000, 0x0000000711c00000, 0x0000000711e00000|  0%| F|  |TAMS 0x0000000711c00000| PB 0x0000000711c00000| Untracked 
|  68|0x0000000711e00000, 0x0000000711e00000, 0x0000000712000000|  0%| F|  |TAMS 0x0000000711e00000| PB 0x0000000711e00000| Untracked 
|  69|0x0000000712000000, 0x0000000712000000, 0x0000000712200000|  0%| F|  |TAMS 0x0000000712000000| PB 0x0000000712000000| Untracked 
|  70|0x0000000712200000, 0x0000000712200000, 0x0000000712400000|  0%| F|  |TAMS 0x0000000712200000| PB 0x0000000712200000| Untracked 
|  71|0x0000000712400000, 0x0000000712400000, 0x0000000712600000|  0%| F|  |TAMS 0x0000000712400000| PB 0x0000000712400000| Untracked 
|  72|0x0000000712600000, 0x0000000712600000, 0x0000000712800000|  0%| F|  |TAMS 0x0000000712600000| PB 0x0000000712600000| Untracked 
|  73|0x0000000712800000, 0x0000000712800000, 0x0000000712a00000|  0%| F|  |TAMS 0x0000000712800000| PB 0x0000000712800000| Untracked 
|  74|0x0000000712a00000, 0x0000000712a00000, 0x0000000712c00000|  0%| F|  |TAMS 0x0000000712a00000| PB 0x0000000712a00000| Untracked 
|  75|0x0000000712c00000, 0x0000000712c00000, 0x0000000712e00000|  0%| F|  |TAMS 0x0000000712c00000| PB 0x0000000712c00000| Untracked 
|  76|0x0000000712e00000, 0x0000000712e00000, 0x0000000713000000|  0%| F|  |TAMS 0x0000000712e00000| PB 0x0000000712e00000| Untracked 
|  77|0x0000000713000000, 0x0000000713000000, 0x0000000713200000|  0%| F|  |TAMS 0x0000000713000000| PB 0x0000000713000000| Untracked 
|  78|0x0000000713200000, 0x0000000713200000, 0x0000000713400000|  0%| F|  |TAMS 0x0000000713200000| PB 0x0000000713200000| Untracked 
|  79|0x0000000713400000, 0x0000000713400000, 0x0000000713600000|  0%| F|  |TAMS 0x0000000713400000| PB 0x0000000713400000| Untracked 
|  80|0x0000000713600000, 0x0000000713600000, 0x0000000713800000|  0%| F|  |TAMS 0x0000000713600000| PB 0x0000000713600000| Untracked 
|  81|0x0000000713800000, 0x0000000713800000, 0x0000000713a00000|  0%| F|  |TAMS 0x0000000713800000| PB 0x0000000713800000| Untracked 
|  82|0x0000000713a00000, 0x0000000713a00000, 0x0000000713c00000|  0%| F|  |TAMS 0x0000000713a00000| PB 0x0000000713a00000| Untracked 
|  83|0x0000000713c00000, 0x0000000713c00000, 0x0000000713e00000|  0%| F|  |TAMS 0x0000000713c00000| PB 0x0000000713c00000| Untracked 
|  84|0x0000000713e00000, 0x0000000713e00000, 0x0000000714000000|  0%| F|  |TAMS 0x0000000713e00000| PB 0x0000000713e00000| Untracked 
|  85|0x0000000714000000, 0x0000000714000000, 0x0000000714200000|  0%| F|  |TAMS 0x0000000714000000| PB 0x0000000714000000| Untracked 
|  86|0x0000000714200000, 0x0000000714200000, 0x0000000714400000|  0%| F|  |TAMS 0x0000000714200000| PB 0x0000000714200000| Untracked 
|  87|0x0000000714400000, 0x0000000714400000, 0x0000000714600000|  0%| F|  |TAMS 0x0000000714400000| PB 0x0000000714400000| Untracked 
|  88|0x0000000714600000, 0x0000000714600000, 0x0000000714800000|  0%| F|  |TAMS 0x0000000714600000| PB 0x0000000714600000| Untracked 
|  89|0x0000000714800000, 0x0000000714800000, 0x0000000714a00000|  0%| F|  |TAMS 0x0000000714800000| PB 0x0000000714800000| Untracked 
|  90|0x0000000714a00000, 0x0000000714a00000, 0x0000000714c00000|  0%| F|  |TAMS 0x0000000714a00000| PB 0x0000000714a00000| Untracked 
|  91|0x0000000714c00000, 0x0000000714c00000, 0x0000000714e00000|  0%| F|  |TAMS 0x0000000714c00000| PB 0x0000000714c00000| Untracked 
|  92|0x0000000714e00000, 0x0000000714e00000, 0x0000000715000000|  0%| F|  |TAMS 0x0000000714e00000| PB 0x0000000714e00000| Untracked 
|  93|0x0000000715000000, 0x0000000715000000, 0x0000000715200000|  0%| F|  |TAMS 0x0000000715000000| PB 0x0000000715000000| Untracked 
|  94|0x0000000715200000, 0x0000000715200000, 0x0000000715400000|  0%| F|  |TAMS 0x0000000715200000| PB 0x0000000715200000| Untracked 
|  95|0x0000000715400000, 0x0000000715400000, 0x0000000715600000|  0%| F|  |TAMS 0x0000000715400000| PB 0x0000000715400000| Untracked 
|  96|0x0000000715600000, 0x0000000715600000, 0x0000000715800000|  0%| F|  |TAMS 0x0000000715600000| PB 0x0000000715600000| Untracked 
|  97|0x0000000715800000, 0x0000000715800000, 0x0000000715a00000|  0%| F|  |TAMS 0x0000000715800000| PB 0x0000000715800000| Untracked 
|  98|0x0000000715a00000, 0x0000000715a00000, 0x0000000715c00000|  0%| F|  |TAMS 0x0000000715a00000| PB 0x0000000715a00000| Untracked 
|  99|0x0000000715c00000, 0x0000000715c00000, 0x0000000715e00000|  0%| F|  |TAMS 0x0000000715c00000| PB 0x0000000715c00000| Untracked 
| 100|0x0000000715e00000, 0x0000000715e00000, 0x0000000716000000|  0%| F|  |TAMS 0x0000000715e00000| PB 0x0000000715e00000| Untracked 
| 101|0x0000000716000000, 0x0000000716000000, 0x0000000716200000|  0%| F|  |TAMS 0x0000000716000000| PB 0x0000000716000000| Untracked 
| 102|0x0000000716200000, 0x0000000716200000, 0x0000000716400000|  0%| F|  |TAMS 0x0000000716200000| PB 0x0000000716200000| Untracked 
| 103|0x0000000716400000, 0x0000000716400000, 0x0000000716600000|  0%| F|  |TAMS 0x0000000716400000| PB 0x0000000716400000| Untracked 
| 104|0x0000000716600000, 0x0000000716600000, 0x0000000716800000|  0%| F|  |TAMS 0x0000000716600000| PB 0x0000000716600000| Untracked 
| 105|0x0000000716800000, 0x0000000716800000, 0x0000000716a00000|  0%| F|  |TAMS 0x0000000716800000| PB 0x0000000716800000| Untracked 
| 106|0x0000000716a00000, 0x0000000716a00000, 0x0000000716c00000|  0%| F|  |TAMS 0x0000000716a00000| PB 0x0000000716a00000| Untracked 
| 107|0x0000000716c00000, 0x0000000716c00000, 0x0000000716e00000|  0%| F|  |TAMS 0x0000000716c00000| PB 0x0000000716c00000| Untracked 
| 108|0x0000000716e00000, 0x0000000716e00000, 0x0000000717000000|  0%| F|  |TAMS 0x0000000716e00000| PB 0x0000000716e00000| Untracked 
| 109|0x0000000717000000, 0x0000000717000000, 0x0000000717200000|  0%| F|  |TAMS 0x0000000717000000| PB 0x0000000717000000| Untracked 
| 110|0x0000000717200000, 0x0000000717200000, 0x0000000717400000|  0%| F|  |TAMS 0x0000000717200000| PB 0x0000000717200000| Untracked 
| 111|0x0000000717400000, 0x0000000717400000, 0x0000000717600000|  0%| F|  |TAMS 0x0000000717400000| PB 0x0000000717400000| Untracked 
| 112|0x0000000717600000, 0x0000000717600000, 0x0000000717800000|  0%| F|  |TAMS 0x0000000717600000| PB 0x0000000717600000| Untracked 
| 113|0x0000000717800000, 0x0000000717800000, 0x0000000717a00000|  0%| F|  |TAMS 0x0000000717800000| PB 0x0000000717800000| Untracked 
| 114|0x0000000717a00000, 0x0000000717a00000, 0x0000000717c00000|  0%| F|  |TAMS 0x0000000717a00000| PB 0x0000000717a00000| Untracked 
| 115|0x0000000717c00000, 0x0000000717c00000, 0x0000000717e00000|  0%| F|  |TAMS 0x0000000717c00000| PB 0x0000000717c00000| Untracked 
| 116|0x0000000717e00000, 0x0000000717ee30a0, 0x0000000718000000| 44%| E|  |TAMS 0x0000000717e00000| PB 0x0000000717e00000| Complete 
| 117|0x0000000718000000, 0x0000000718200000, 0x0000000718200000|100%| E|CS|TAMS 0x0000000718000000| PB 0x0000000718000000| Complete 
| 118|0x0000000718200000, 0x0000000718400000, 0x0000000718400000|100%| E|CS|TAMS 0x0000000718200000| PB 0x0000000718200000| Complete 
| 119|0x0000000718400000, 0x0000000718600000, 0x0000000718600000|100%| E|CS|TAMS 0x0000000718400000| PB 0x0000000718400000| Complete 
| 120|0x0000000718600000, 0x0000000718800000, 0x0000000718800000|100%| E|  |TAMS 0x0000000718600000| PB 0x0000000718600000| Complete 
| 121|0x0000000718800000, 0x0000000718a00000, 0x0000000718a00000|100%| E|CS|TAMS 0x0000000718800000| PB 0x0000000718800000| Complete 
| 122|0x0000000718a00000, 0x0000000718c00000, 0x0000000718c00000|100%| E|CS|TAMS 0x0000000718a00000| PB 0x0000000718a00000| Complete 
| 123|0x0000000718c00000, 0x0000000718e00000, 0x0000000718e00000|100%| E|CS|TAMS 0x0000000718c00000| PB 0x0000000718c00000| Complete 
|1972|0x00000007ffe00000, 0x00000007fff0c798, 0x0000000800000000| 52%| O|  |TAMS 0x00000007ffe00000| PB 0x00000007ffe00000| Untracked 

Card table byte_map: [0x00007f7991594000,0x00007f7991d49000] _byte_map_base: 0x00007f798dd49000

Marking Bits: (CMBitMap*) 0x00007f798c093570
 Bits: [0x00007f7970a58000, 0x00007f7974800000)

Polling page: 0x00007f79948a1000

Metaspace:

Usage:
  Non-class:      4.55 MB used.
      Class:    449.55 KB used.
       Both:      4.99 MB used.

Virtual space:
  Non-class space:       64.00 MB reserved,       4.62 MB (  7%) committed,  1 nodes.
      Class space:        1.00 GB reserved,     512.00 KB ( <1%) committed,  1 nodes.
             Both:        1.06 GB reserved,       5.12 MB ( <1%) committed. 

Chunk freelists:
   Non-Class:  8.95 MB
       Class:  15.44 MB
        Both:  24.39 MB

MaxMetaspaceSize: unlimited
CompressedClassSpaceSize: 1.00 GB
Initial GC threshold: 21.00 MB
Current GC threshold: 21.00 MB
CDS: on
 - commit_granule_bytes: 65536.
 - commit_granule_words: 8192.
 - virtual_space_node_default_size: 8388608.
 - enlarge_chunks_in_place: 1.
 - use_allocation_guard: 0.


Internal statistics:

num_allocs_failed_limit: 0.
num_arena_births: 62.
num_arena_deaths: 0.
num_vsnodes_births: 2.
num_vsnodes_deaths: 0.
num_space_committed: 82.
num_space_uncommitted: 0.
num_chunks_returned_to_freelist: 0.
num_chunks_taken_from_freelist: 204.
num_chunk_merges: 0.
num_chunk_splits: 148.
num_chunks_enlarged: 126.
num_inconsistent_stats: 0.

CodeHeap 'non-profiled nmethods': size=120028Kb used=214Kb max_used=214Kb free=119813Kb
 bounds [0x00007f797c2c9000, 0x00007f797c539000, 0x00007f7983800000]
CodeHeap 'profiled nmethods': size=120028Kb used=1053Kb max_used=1053Kb free=118974Kb
 bounds [0x00007f7974800000, 0x00007f7974a70000, 0x00007f797bd37000]
CodeHeap 'non-nmethods': size=5704Kb used=1321Kb max_used=1334Kb free=4382Kb
 bounds [0x00007f797bd37000, 0x00007f797bfa7000, 0x00007f797c2c9000]
CodeCache: size=245760Kb, used=2588Kb, max_used=2601Kb, free=243169Kb
 total_blobs=1105, nmethods=661, adapters=350, full_count=0
Compilation: enabled, stopped_count=0, restarted_count=0

Compilation events (20 events):
Event: 0.517 Thread 0x00007f798c176fc0 nmethod 652 0x00007f79748fff90 code [0x00007f79749001c0, 0x00007f7974900bf0]
Event: 0.517 Thread 0x00007f798c176fc0  653       3       java.util.zip.ZipUtils::CENOFF (9 bytes)
Event: 0.517 Thread 0x00007f798c176fc0 nmethod 653 0x00007f7974901090 code [0x00007f7974901240, 0x00007f7974901508]
Event: 0.517 Thread 0x00007f798c176fc0  654       3       java.util.zip.ZipFile$ZipFileInflaterInputStream::<init> (14 bytes)
Event: 0.518 Thread 0x00007f798c176fc0 nmethod 654 0x00007f7974901690 code [0x00007f7974901840, 0x00007f7974901a00]
Event: 0.518 Thread 0x00007f798c176fc0  655   !   3       java.util.zip.ZipFile$CleanableResource::getInflater (47 bytes)
Event: 0.518 Thread 0x00007f798c176fc0 nmethod 655 0x00007f7974901b10 code [0x00007f7974901d00, 0x00007f7974902230]
Event: 0.518 Thread 0x00007f798c176fc0  656       3       java.util.ArrayDeque::poll (5 bytes)
Event: 0.518 Thread 0x00007f798c176fc0 nmethod 656 0x00007f7974902490 code [0x00007f7974902640, 0x00007f7974902790]
Event: 0.518 Thread 0x00007f798c176fc0  657       3       java.util.zip.ZipEntry::<init> (84 bytes)
Event: 0.519 Thread 0x00007f798c176fc0 nmethod 657 0x00007f7974902810 code [0x00007f7974902a00, 0x00007f7974902f70]
Event: 0.519 Thread 0x00007f798c176fc0  658       3       java.net.URLStreamHandler::toExternalForm (156 bytes)
Event: 0.520 Thread 0x00007f798c176fc0 nmethod 658 0x00007f7974903190 code [0x00007f7974903560, 0x00007f7974904a70]
Event: 0.520 Thread 0x00007f798c176fc0  659       3       sun.net.util.IPAddressUtil::checkHostString (64 bytes)
Event: 0.521 Thread 0x00007f798c176fc0 nmethod 659 0x00007f7974905210 code [0x00007f79749053c0, 0x00007f79749055c8]
Event: 0.521 Thread 0x00007f798c176fc0  660   !   3       java.net.URL::set (114 bytes)
Event: 0.521 Thread 0x00007f798c176fc0 nmethod 660 0x00007f7974905690 code [0x00007f79749058e0, 0x00007f7974906338]
Event: 0.521 Thread 0x00007f798c176fc0  661       3       sun.net.www.protocol.jar.Handler::parseURL (173 bytes)
Event: 0.522 Thread 0x00007f798c176fc0 nmethod 661 0x00007f7974906690 code [0x00007f7974906920, 0x00007f79749072f8]
Event: 0.522 Thread 0x00007f798c176fc0  662       3       sun.net.www.protocol.jar.Handler::parseContextSpec (150 bytes)

GC Heap History (0 events):
No events

Dll operation events (7 events):
Event: 0.002 Loaded shared library /home/niel/.asdf/installs/java/adoptopenjdk-21.0.9+10.0.LTS/lib/libjava.so
Event: 0.062 Loaded shared library /home/niel/.asdf/installs/java/adoptopenjdk-21.0.9+10.0.LTS/lib/libjsvml.so
Event: 0.069 Loaded shared library /home/niel/.asdf/installs/java/adoptopenjdk-21.0.9+10.0.LTS/lib/libnio.so
Event: 0.105 Loaded shared library /home/niel/.asdf/installs/java/adoptopenjdk-21.0.9+10.0.LTS/lib/libzip.so
Event: 0.125 Loaded shared library /home/niel/.asdf/installs/java/adoptopenjdk-21.0.9+10.0.LTS/lib/libjimage.so
Event: 0.158 Loaded shared library /home/niel/.asdf/installs/java/adoptopenjdk-21.0.9+10.0.LTS/lib/libverify.so
Event: 0.198 Loaded shared library /tmp/libjansi-1.9.24-release-822-524401521261175637.so

Deoptimization events (20 events):
Event: 0.209 Thread 0x00007f798c02ad40 Uncommon trap: trap_request=0xffffff45 fr.pc=0x00007f797c2cc138 relative=0x0000000000000278
Event: 0.209 Thread 0x00007f798c02ad40 Uncommon trap: reason=unstable_if action=reinterpret pc=0x00007f797c2cc138 method=jdk.internal.util.ArraysSupport.vectorizedHashCode(Ljava/lang/Object;IIII)I @ 2 c2
Event: 0.209 Thread 0x00007f798c02ad40 DEOPT PACKING pc=0x00007f797c2cc138 sp=0x00007f7992ffda20
Event: 0.209 Thread 0x00007f798c02ad40 DEOPT UNPACKING pc=0x00007f797bd8af99 sp=0x00007f7992ffd9f0 mode 2
Event: 0.271 Thread 0x00007f798c02ad40 DEOPT PACKING pc=0x00007f7974817fc8 sp=0x00007f7992ffcf60
Event: 0.271 Thread 0x00007f798c02ad40 DEOPT UNPACKING pc=0x00007f797bd8b72f sp=0x00007f7992ffc3a0 mode 0
Event: 0.292 Thread 0x00007f798c02ad40 DEOPT PACKING pc=0x00007f7974811d49 sp=0x00007f7992ffd2a0
Event: 0.292 Thread 0x00007f798c02ad40 DEOPT UNPACKING pc=0x00007f797bd8b72f sp=0x00007f7992ffc728 mode 0
Event: 0.434 Thread 0x00007f798c02ad40 Uncommon trap: trap_request=0xffffff45 fr.pc=0x00007f797c2e7c10 relative=0x0000000000000170
Event: 0.434 Thread 0x00007f798c02ad40 Uncommon trap: reason=unstable_if action=reinterpret pc=0x00007f797c2e7c10 method=java.util.concurrent.locks.ReentrantLock$NonfairSync.initialTryLock()Z @ 10 c2
Event: 0.434 Thread 0x00007f798c02ad40 DEOPT PACKING pc=0x00007f797c2e7c10 sp=0x00007f7992ffd4d0
Event: 0.434 Thread 0x00007f798c02ad40 DEOPT UNPACKING pc=0x00007f797bd8af99 sp=0x00007f7992ffd478 mode 2
Event: 0.435 Thread 0x00007f798c02ad40 Uncommon trap: trap_request=0xffffff45 fr.pc=0x00007f797c2e77c0 relative=0x0000000000000120
Event: 0.435 Thread 0x00007f798c02ad40 Uncommon trap: reason=unstable_if action=reinterpret pc=0x00007f797c2e77c0 method=java.util.concurrent.locks.ReentrantLock$Sync.tryRelease(I)Z @ 26 c2
Event: 0.435 Thread 0x00007f798c02ad40 DEOPT PACKING pc=0x00007f797c2e77c0 sp=0x00007f7992ffd220
Event: 0.435 Thread 0x00007f798c02ad40 DEOPT UNPACKING pc=0x00007f797bd8af99 sp=0x00007f7992ffd1c0 mode 2
Event: 0.477 Thread 0x00007f798c02ad40 Uncommon trap: trap_request=0xffffff6e fr.pc=0x00007f797c2e0c58 relative=0x00000000000001b8
Event: 0.477 Thread 0x00007f798c02ad40 Uncommon trap: reason=loop_limit_check action=maybe_recompile pc=0x00007f797c2e0c58 method=java.lang.StringLatin1.lastIndexOf([BII)I @ 19 c2
Event: 0.477 Thread 0x00007f798c02ad40 DEOPT PACKING pc=0x00007f797c2e0c58 sp=0x00007f7992ffcea0
Event: 0.477 Thread 0x00007f798c02ad40 DEOPT UNPACKING pc=0x00007f797bd8af99 sp=0x00007f7992ffce40 mode 2

Classes loaded (20 events):
Event: 0.319 Loading class java/lang/invoke/MethodHandle$1
Event: 0.319 Loading class java/lang/invoke/MethodHandle$1 done
Event: 0.326 Loading class java/lang/InstantiationException
Event: 0.326 Loading class java/lang/InstantiationException done
Event: 0.345 Loading class java/lang/Class$1
Event: 0.345 Loading class java/lang/Class$1 done
Event: 0.359 Loading class java/util/regex/Pattern$BnM
Event: 0.359 Loading class java/util/regex/Pattern$BnM done
Event: 0.368 Loading class sun/invoke/util/ValueConversions$1
Event: 0.368 Loading class sun/invoke/util/ValueConversions$1 done
Event: 0.370 Loading class java/lang/invoke/BoundMethodHandle$Species_LI
Event: 0.370 Loading class java/lang/invoke/BoundMethodHandle$Species_LI done
Event: 0.419 Loading class java/lang/CloneNotSupportedException
Event: 0.419 Loading class java/lang/CloneNotSupportedException done
Event: 0.475 Loading class java/util/Stack
Event: 0.476 Loading class java/util/Vector
Event: 0.476 Loading class java/util/Vector done
Event: 0.476 Loading class java/util/Stack done
Event: 0.477 Loading class java/math/MutableBigInteger
Event: 0.478 Loading class java/math/MutableBigInteger done

Classes unloaded (0 events):
No events

Classes redefined (0 events):
No events

Internal exceptions (9 events):
Event: 0.196 Thread 0x00007f798c02ad40 Exception <a 'java/lang/NoSuchMethodError'{0x00000007189568e8}: 'java.lang.Object java.lang.invoke.Invokers$Holder.invokeExact_MT(java.lang.Object, java.lang.Object, java.lang.Object, java.lang.Object, java.lang.Object)'> (0x00000007189568e8) 
thrown [src/hotspot/share/interpreter/linkResolver.cpp, line 772]
Event: 0.198 Thread 0x00007f798c02ad40 Exception <a 'java/lang/UnsatisfiedLinkError'{0x000000071895b630}: 'void org.jetbrains.kotlin.org.fusesource.jansi.internal.CLibrary.init()'> (0x000000071895b630) 
thrown [src/hotspot/share/prims/nativeLookup.cpp, line 415]
Event: 0.198 Thread 0x00007f798c02ad40 Exception <a 'java/lang/UnsatisfiedLinkError'{0x000000071895b630}> (0x000000071895b630) 
thrown [src/hotspot/share/oops/instanceKlass.cpp, line 1220]
Event: 0.366 Thread 0x00007f798c02ad40 Exception <a 'java/lang/NoSuchMethodError'{0x00000007183495a0}: 'void java.lang.invoke.DirectMethodHandle$Holder.invokeSpecial(java.lang.Object, java.lang.Object, int)'> (0x00000007183495a0) 
thrown [src/hotspot/share/interpreter/linkResolver.cpp, line 772]
Event: 0.369 Thread 0x00007f798c02ad40 Exception <a 'java/lang/NoSuchMethodError'{0x000000071834e038}: 'int java.lang.invoke.DirectMethodHandle$Holder.invokeSpecial(java.lang.Object, java.lang.Object, java.lang.Object, int)'> (0x000000071834e038) 
thrown [src/hotspot/share/interpreter/linkResolver.cpp, line 772]
Event: 0.374 Thread 0x00007f798c02ad40 Exception <a 'java/lang/NoSuchMethodError'{0x00000007183609b0}: 'java.lang.Object java.lang.invoke.DirectMethodHandle$Holder.invokeStatic(java.lang.Object, java.lang.Object, java.lang.Object, java.lang.Object, int)'> (0x00000007183609b0) 
thrown [src/hotspot/share/interpreter/linkResolver.cpp, line 772]
Event: 0.376 Thread 0x00007f798c02ad40 Exception <a 'java/lang/NoSuchMethodError'{0x000000071836bac8}: 'void java.lang.invoke.DelegatingMethodHandle$Holder.reinvoke_L(java.lang.Object, java.lang.Object, int)'> (0x000000071836bac8) 
thrown [src/hotspot/share/interpreter/linkResolver.cpp, line 772]
Event: 0.377 Thread 0x00007f798c02ad40 Exception <a 'java/lang/NoSuchMethodError'{0x000000071836f668}: 'int java.lang.invoke.DirectMethodHandle$Holder.invokeSpecial(java.lang.Object, java.lang.Object, java.lang.Object)'> (0x000000071836f668) 
thrown [src/hotspot/share/interpreter/linkResolver.cpp, line 772]
Event: 0.379 Thread 0x00007f798c02ad40 Exception <a 'java/lang/NoSuchMethodError'{0x000000071837d018}: 'void java.lang.invoke.DirectMethodHandle$Holder.invokeSpecial(java.lang.Object, java.lang.Object, java.lang.Object)'> (0x000000071837d018) 
thrown [src/hotspot/share/interpreter/linkResolver.cpp, line 772]

ZGC Phase Switch (0 events):
No events

VM Operations (2 events):
Event: 0.475 Executing VM operation: HandshakeAllThreads (Deoptimize)
Event: 0.475 Executing VM operation: HandshakeAllThreads (Deoptimize) done

Memory protections (12 events):
Event: 0.002 Protecting memory [0x00007f7992f00000,0x00007f7992f04000] with protection modes 0
Event: 0.059 Protecting memory [0x00007f79903e8000,0x00007f79903ec000] with protection modes 0
Event: 0.060 Protecting memory [0x00007f79902e7000,0x00007f79902eb000] with protection modes 0
Event: 0.060 Protecting memory [0x00007f79901e6000,0x00007f79901ea000] with protection modes 0
Event: 0.060 Protecting memory [0x00007f79900e5000,0x00007f79900e9000] with protection modes 0
Event: 0.061 Protecting memory [0x00007f7970958000,0x00007f797095c000] with protection modes 0
Event: 0.061 Protecting memory [0x00007f7970500000,0x00007f7970504000] with protection modes 0
Event: 0.061 Protecting memory [0x00007f79703ff000,0x00007f7970403000] with protection modes 0
Event: 0.066 Protecting memory [0x00007f79702fe000,0x00007f7970302000] with protection modes 0
Event: 0.067 Protecting memory [0x00007f79701fd000,0x00007f7970201000] with protection modes 0
Event: 0.095 Protecting memory [0x00007f79700fc000,0x00007f7970100000] with protection modes 0
Event: 0.095 Protecting memory [0x00007f7961f00000,0x00007f7961f04000] with protection modes 0

Nmethod flushes (0 events):
No events

Events (13 events):
Event: 0.043 Thread 0x00007f798c02ad40 Thread added: 0x00007f798c02ad40
Event: 0.059 Thread 0x00007f798c02ad40 Thread added: 0x00007f798c16e540
Event: 0.059 Thread 0x00007f798c02ad40 Thread added: 0x00007f798c16faa0
Event: 0.060 Thread 0x00007f798c02ad40 Thread added: 0x00007f798c171220
Event: 0.060 Thread 0x00007f798c02ad40 Thread added: 0x00007f798c172850
Event: 0.060 Thread 0x00007f798c02ad40 Thread added: 0x00007f798c173de0
Event: 0.061 Thread 0x00007f798c02ad40 Thread added: 0x00007f798c175910
Event: 0.061 Thread 0x00007f798c02ad40 Thread added: 0x00007f798c176fc0
Event: 0.065 Thread 0x00007f798c02ad40 Thread added: 0x00007f798c183530
Event: 0.067 Thread 0x00007f798c02ad40 Thread added: 0x00007f798c186820
Event: 0.095 Thread 0x00007f798c175910 Thread added: 0x00007f78f40b75e0
Event: 0.095 Thread 0x00007f798c175910 Thread added: 0x00007f78f40c88d0
Event: 0.460 Thread 0x00007f78f40c88d0 Thread exited: 0x00007f78f40c88d0


Dynamic libraries:
709600000-718e00000 rw-p 00000000 00:00 0 
718e00000-7ffe00000 ---p 00000000 00:00 0 
7ffe00000-7fff0d000 rw-p 00cdf000 00:1d 6430153                          /home/niel/.asdf/installs/java/adoptopenjdk-21.0.9+10.0.LTS/lib/server/classes.jsa
7fff0d000-800000000 rw-p 00000000 00:00 0 
555e1d021000-555e1d022000 r-xp 00000000 00:1d 6429666                    /home/niel/.asdf/installs/java/adoptopenjdk-21.0.9+10.0.LTS/bin/java
555e1d023000-555e1d024000 r--p 00001000 00:1d 6429666                    /home/niel/.asdf/installs/java/adoptopenjdk-21.0.9+10.0.LTS/bin/java
555e1d024000-555e1d025000 rw-p 00002000 00:1d 6429666                    /home/niel/.asdf/installs/java/adoptopenjdk-21.0.9+10.0.LTS/bin/java
555e27b9a000-555e27be1000 rw-p 00000000 00:00 0                          [heap]
7f78d8000000-7f78d80cf000 rw-p 00000000 00:00 0 
7f78d80cf000-7f78dc000000 ---p 00000000 00:00 0 
7f78e0000000-7f78e0021000 rw-p 00000000 00:00 0 
7f78e0021000-7f78e4000000 ---p 00000000 00:00 0 
7f78e4000000-7f78e4084000 rw-p 00000000 00:00 0 
7f78e4084000-7f78e8000000 ---p 00000000 00:00 0 
7f78e8000000-7f78e80ee000 rw-p 00000000 00:00 0 
7f78e80ee000-7f78ec000000 ---p 00000000 00:00 0 
7f78ec000000-7f78ec021000 rw-p 00000000 00:00 0 
7f78ec021000-7f78f0000000 ---p 00000000 00:00 0 
7f78f0000000-7f78f0021000 rw-p 00000000 00:00 0 
7f78f0021000-7f78f4000000 ---p 00000000 00:00 0 
7f78f4000000-7f78f4198000 rw-p 00000000 00:00 0 
7f78f4198000-7f78f8000000 ---p 00000000 00:00 0 
7f78f8000000-7f78f8021000 rw-p 00000000 00:00 0 
7f78f8021000-7f78fc000000 ---p 00000000 00:00 0 
7f78fc000000-7f78fc021000 rw-p 00000000 00:00 0 
7f78fc021000-7f7900000000 ---p 00000000 00:00 0 
7f7900000000-7f7900021000 rw-p 00000000 00:00 0 
7f7900021000-7f7904000000 ---p 00000000 00:00 0 
7f7904000000-7f7904021000 rw-p 00000000 00:00 0 
7f7904021000-7f7908000000 ---p 00000000 00:00 0 
7f7908000000-7f7908021000 rw-p 00000000 00:00 0 
7f7908021000-7f790c000000 ---p 00000000 00:00 0 
7f790f000000-7f790f190000 rw-p 00000000 00:00 0 
7f790f190000-7f790f400000 ---p 00000000 00:00 0 
7f790f400000-7f790f710000 rw-p 00000000 00:00 0 
7f790f710000-7f7913000000 ---p 00000000 00:00 0 
7f7913000000-7f7913ca0000 rw-p 00001000 00:1d 6430153                    /home/niel/.asdf/installs/java/adoptopenjdk-21.0.9+10.0.LTS/lib/server/classes.jsa
7f7913ca0000-7f7914000000 ---p 00000000 00:00 0 
7f7914000000-7f7914040000 rw-p 00000000 00:00 0 
7f7914040000-7f7914070000 rw-p 00000000 00:00 0 
7f7914070000-7f7914080000 ---p 00000000 00:00 0 
7f7914080000-7f7914090000 rw-p 00000000 00:00 0 
7f7914090000-7f7954000000 ---p 00000000 00:00 0 
7f7954000000-7f7954021000 rw-p 00000000 00:00 0 
7f7954021000-7f7958000000 ---p 00000000 00:00 0 
7f7958000000-7f7958021000 rw-p 00000000 00:00 0 
7f7958021000-7f795c000000 ---p 00000000 00:00 0 
7f795c000000-7f795c021000 rw-p 00000000 00:00 0 
7f795c021000-7f7960000000 ---p 00000000 00:00 0 
7f7961794000-7f7961c00000 rw-p 00000000 00:00 0 
7f7961c00000-7f7961c03000 r-xp 00000000 00:2d 11057                      /tmp/libjansi-1.9.24-release-822-524401521261175637.so
7f7961c03000-7f7961e02000 ---p 00003000 00:2d 11057                      /tmp/libjansi-1.9.24-release-822-524401521261175637.so
7f7961e02000-7f7961e03000 rw-p 00002000 00:2d 11057                      /tmp/libjansi-1.9.24-release-822-524401521261175637.so
7f7961eff000-7f7961f00000 ---p 00000000 00:00 0 
7f7961f00000-7f7961f04000 ---p 00000000 00:00 0 
7f7961f04000-7f7962000000 rw-p 00000000 00:00 0 
7f7962000000-7f7964021000 rw-p 00000000 00:00 0 
7f7964021000-7f7968000000 ---p 00000000 00:00 0 
7f7968000000-7f7968021000 rw-p 00000000 00:00 0 
7f7968021000-7f796c000000 ---p 00000000 00:00 0 
7f796c000000-7f796c021000 rw-p 00000000 00:00 0 
7f796c021000-7f7970000000 ---p 00000000 00:00 0 
7f79700fb000-7f79700fc000 ---p 00000000 00:00 0 
7f79700fc000-7f7970100000 ---p 00000000 00:00 0 
7f7970100000-7f79701fc000 rw-p 00000000 00:00 0 
7f79701fc000-7f79701fd000 ---p 00000000 00:00 0 
7f79701fd000-7f7970201000 ---p 00000000 00:00 0 
7f7970201000-7f79702fd000 rw-p 00000000 00:00 0 
7f79702fd000-7f79702fe000 ---p 00000000 00:00 0 
7f79702fe000-7f7970302000 ---p 00000000 00:00 0 
7f7970302000-7f79703fe000 rw-p 00000000 00:00 0 
7f79703fe000-7f79703ff000 ---p 00000000 00:00 0 
7f79703ff000-7f7970403000 ---p 00000000 00:00 0 
7f7970403000-7f79704ff000 rw-p 00000000 00:00 0 
7f79704ff000-7f7970500000 ---p 00000000 00:00 0 
7f7970500000-7f7970504000 ---p 00000000 00:00 0 
7f7970504000-7f7970600000 rw-p 00000000 00:00 0 
7f7970600000-7f79708ed000 r--p 00000000 00:1d 13605863                   /usr/lib/locale/locale-archive
7f7970957000-7f7970958000 ---p 00000000 00:00 0 
7f7970958000-7f797095c000 ---p 00000000 00:00 0 
7f797095c000-7f7970a58000 rw-p 00000000 00:00 0 
7f7970a58000-7f7970e38000 rw-p 00000000 00:00 0 
7f7970e38000-7f79747f8000 ---p 00000000 00:00 0 
7f79747f8000-7f7974800000 rw-p 00000000 00:00 0 
7f7974800000-7f7974a70000 rwxp 00000000 00:00 0 
7f7974a70000-7f797bd37000 ---p 00000000 00:00 0 
7f797bd37000-7f797bfa7000 rwxp 00000000 00:00 0 
7f797bfa7000-7f797c2c9000 ---p 00000000 00:00 0 
7f797c2c9000-7f797c539000 rwxp 00000000 00:00 0 
7f797c539000-7f7983800000 ---p 00000000 00:00 0 
7f7983800000-7f798bf8b000 r--s 00000000 00:1d 6430137                    /home/niel/.asdf/installs/java/adoptopenjdk-21.0.9+10.0.LTS/lib/modules
7f798bf95000-7f798bf9c000 r--s 00000000 00:1d 13596111                   /usr/lib/x86_64-linux-gnu/gconv/gconv-modules.cache
7f798bf9c000-7f798bfbd000 rw-p 00000000 00:00 0 
7f798bfbd000-7f798bfca000 r-xp 00000000 00:1d 6430146                    /home/niel/.asdf/installs/java/adoptopenjdk-21.0.9+10.0.LTS/lib/libverify.so
7f798bfca000-7f798bfcc000 r--p 0000c000 00:1d 6430146                    /home/niel/.asdf/installs/java/adoptopenjdk-21.0.9+10.0.LTS/lib/libverify.so
7f798bfcc000-7f798bfcd000 rw-p 0000e000 00:1d 6430146                    /home/niel/.asdf/installs/java/adoptopenjdk-21.0.9+10.0.LTS/lib/libverify.so
7f798bfcd000-7f798bfe8000 r-xp 00000000 00:1d 6430124                    /home/niel/.asdf/installs/java/adoptopenjdk-21.0.9+10.0.LTS/lib/libzip.so
7f798bfe8000-7f798bfe9000 r--p 0001a000 00:1d 6430124                    /home/niel/.asdf/installs/java/adoptopenjdk-21.0.9+10.0.LTS/lib/libzip.so
7f798bfe9000-7f798bfea000 rw-p 0001b000 00:1d 6430124                    /home/niel/.asdf/installs/java/adoptopenjdk-21.0.9+10.0.LTS/lib/libzip.so
7f798bfea000-7f798bffe000 r-xp 00000000 00:1d 6430134                    /home/niel/.asdf/installs/java/adoptopenjdk-21.0.9+10.0.LTS/lib/libnio.so
7f798bffe000-7f798bfff000 r--p 00013000 00:1d 6430134                    /home/niel/.asdf/installs/java/adoptopenjdk-21.0.9+10.0.LTS/lib/libnio.so
7f798bfff000-7f798c000000 rw-p 00014000 00:1d 6430134                    /home/niel/.asdf/installs/java/adoptopenjdk-21.0.9+10.0.LTS/lib/libnio.so
7f798c000000-7f798c4a6000 rw-p 00000000 00:00 0 
7f798c4a6000-7f7990000000 ---p 00000000 00:00 0 
7f7990006000-7f7990012000 r-xp 00000000 00:1d 6430111                    /home/niel/.asdf/installs/java/adoptopenjdk-21.0.9+10.0.LTS/lib/libnet.so
7f7990012000-7f7990013000 r--p 0000b000 00:1d 6430111                    /home/niel/.asdf/installs/java/adoptopenjdk-21.0.9+10.0.LTS/lib/libnet.so
7f7990013000-7f7990014000 rw-p 0000c000 00:1d 6430111                    /home/niel/.asdf/installs/java/adoptopenjdk-21.0.9+10.0.LTS/lib/libnet.so
7f7990014000-7f79900e2000 r-xp 00000000 00:1d 6430121                    /home/niel/.asdf/installs/java/adoptopenjdk-21.0.9+10.0.LTS/lib/libjsvml.so
7f79900e2000-7f79900e3000 r--p 000cd000 00:1d 6430121                    /home/niel/.asdf/installs/java/adoptopenjdk-21.0.9+10.0.LTS/lib/libjsvml.so
7f79900e3000-7f79900e4000 rw-p 000ce000 00:1d 6430121                    /home/niel/.asdf/installs/java/adoptopenjdk-21.0.9+10.0.LTS/lib/libjsvml.so
7f79900e4000-7f79900e5000 ---p 00000000 00:00 0 
7f79900e5000-7f79900e9000 ---p 00000000 00:00 0 
7f79900e9000-7f79901e5000 rw-p 00000000 00:00 0 
7f79901e5000-7f79901e6000 ---p 00000000 00:00 0 
7f79901e6000-7f79901ea000 ---p 00000000 00:00 0 
7f79901ea000-7f79902e6000 rw-p 00000000 00:00 0 
7f79902e6000-7f79902e7000 ---p 00000000 00:00 0 
7f79902e7000-7f79902eb000 ---p 00000000 00:00 0 
7f79902eb000-7f79903e7000 rw-p 00000000 00:00 0 
7f79903e7000-7f79903e8000 ---p 00000000 00:00 0 
7f79903e8000-7f79903ec000 ---p 00000000 00:00 0 
7f79903ec000-7f79904e8000 rw-p 00000000 00:00 0 
7f79904e8000-7f79904e9000 ---p 00000000 00:00 0 
7f79904e9000-7f79905e9000 rw-p 00000000 00:00 0 
7f79905e9000-7f79905ea000 ---p 00000000 00:00 0 
7f79905ea000-7f79906ea000 rw-p 00000000 00:00 0 
7f79906ea000-7f7990807000 rw-p 00000000 00:00 0 
7f7990807000-7f7990808000 ---p 00000000 00:00 0 
7f7990808000-7f7990908000 rw-p 00000000 00:00 0 
7f7990908000-7f7990909000 ---p 00000000 00:00 0 
7f7990909000-7f7990a09000 rw-p 00000000 00:00 0 
7f7990a09000-7f7991211000 rw-p 00000000 00:00 0 
7f7991211000-7f7991212000 ---p 00000000 00:00 0 
7f7991212000-7f7991312000 rw-p 00000000 00:00 0 
7f7991312000-7f7991313000 ---p 00000000 00:00 0 
7f7991313000-7f7991413000 rw-p 00000000 00:00 0 
7f7991413000-7f7991414000 ---p 00000000 00:00 0 
7f7991414000-7f7991514000 rw-p 00000000 00:00 0 
7f7991514000-7f7991610000 rw-p 00000000 00:00 0 
7f7991610000-7f7991d48000 ---p 00000000 00:00 0 
7f7991d48000-7f7991dc5000 rw-p 00000000 00:00 0 
7f7991dc5000-7f79924fd000 ---p 00000000 00:00 0 
7f79924fd000-7f7992d0b000 rw-p 00000000 00:00 0 
7f7992d0b000-7f7992df1000 ---p 00000000 00:00 0 
7f7992df1000-7f7992df6000 rw-p 00000000 00:00 0 
7f7992df6000-7f7992edc000 ---p 00000000 00:00 0 
7f7992edc000-7f7992efc000 r-xp 00000000 00:1d 6430164                    /home/niel/.asdf/installs/java/adoptopenjdk-21.0.9+10.0.LTS/lib/libjava.so
7f7992efc000-7f7992efd000 ---p 00020000 00:1d 6430164                    /home/niel/.asdf/installs/java/adoptopenjdk-21.0.9+10.0.LTS/lib/libjava.so
7f7992efd000-7f7992efe000 r--p 00020000 00:1d 6430164                    /home/niel/.asdf/installs/java/adoptopenjdk-21.0.9+10.0.LTS/lib/libjava.so
7f7992efe000-7f7992eff000 rw-p 00021000 00:1d 6430164                    /home/niel/.asdf/installs/java/adoptopenjdk-21.0.9+10.0.LTS/lib/libjava.so
7f7992eff000-7f7992f00000 rw-p 00000000 00:00 0 
7f7992f00000-7f7992f04000 ---p 00000000 00:00 0 
7f7992f04000-7f7993000000 rw-p 00000000 00:00 0 
7f7993000000-7f799441d000 r-xp 00000000 00:1d 6430156                    /home/niel/.asdf/installs/java/adoptopenjdk-21.0.9+10.0.LTS/lib/server/libjvm.so
7f799441d000-7f79944f2000 r--p 0141c000 00:1d 6430156                    /home/niel/.asdf/installs/java/adoptopenjdk-21.0.9+10.0.LTS/lib/server/libjvm.so
7f79944f2000-7f7994522000 rw-p 014f1000 00:1d 6430156                    /home/niel/.asdf/installs/java/adoptopenjdk-21.0.9+10.0.LTS/lib/server/libjvm.so
7f7994522000-7f7994588000 rw-p 00000000 00:00 0 
7f799458d000-7f799458e000 r--p 00000000 00:1d 13596138                   /usr/lib/x86_64-linux-gnu/libutil.so.1
7f799458e000-7f799458f000 r-xp 00001000 00:1d 13596138                   /usr/lib/x86_64-linux-gnu/libutil.so.1
7f799458f000-7f7994590000 r--p 00002000 00:1d 13596138                   /usr/lib/x86_64-linux-gnu/libutil.so.1
7f7994590000-7f7994591000 r--p 00002000 00:1d 13596138                   /usr/lib/x86_64-linux-gnu/libutil.so.1
7f7994591000-7f7994592000 rw-p 00003000 00:1d 13596138                   /usr/lib/x86_64-linux-gnu/libutil.so.1
7f7994592000-7f7994597000 rw-p 00000000 00:00 0 
7f7994597000-7f799459e000 ---p 00000000 00:00 0 
7f799459e000-7f79945a6000 rw-s 00000000 00:2d 11056                      /tmp/hsperfdata_niel/559213
7f79945a6000-7f79945b7000 r--p 00000000 00:1d 13596125                   /usr/lib/x86_64-linux-gnu/libm.so.6
7f79945b7000-7f7994634000 r-xp 00011000 00:1d 13596125                   /usr/lib/x86_64-linux-gnu/libm.so.6
7f7994634000-7f7994694000 r--p 0008e000 00:1d 13596125                   /usr/lib/x86_64-linux-gnu/libm.so.6
7f7994694000-7f7994695000 r--p 000ed000 00:1d 13596125                   /usr/lib/x86_64-linux-gnu/libm.so.6
7f7994695000-7f7994696000 rw-p 000ee000 00:1d 13596125                   /usr/lib/x86_64-linux-gnu/libm.so.6
7f7994696000-7f7994697000 r--p 00000000 00:1d 13596136                   /usr/lib/x86_64-linux-gnu/librt.so.1
7f7994697000-7f7994698000 r-xp 00001000 00:1d 13596136                   /usr/lib/x86_64-linux-gnu/librt.so.1
7f7994698000-7f7994699000 r--p 00002000 00:1d 13596136                   /usr/lib/x86_64-linux-gnu/librt.so.1
7f7994699000-7f799469a000 r--p 00002000 00:1d 13596136                   /usr/lib/x86_64-linux-gnu/librt.so.1
7f799469a000-7f799469b000 rw-p 00003000 00:1d 13596136                   /usr/lib/x86_64-linux-gnu/librt.so.1
7f799469b000-7f799469f000 rw-p 00000000 00:00 0 
7f799469f000-7f79946c7000 r--p 00000000 00:1d 13596122                   /usr/lib/x86_64-linux-gnu/libc.so.6
7f79946c7000-7f799482a000 r-xp 00028000 00:1d 13596122                   /usr/lib/x86_64-linux-gnu/libc.so.6
7f799482a000-7f7994880000 r--p 0018b000 00:1d 13596122                   /usr/lib/x86_64-linux-gnu/libc.so.6
7f7994880000-7f7994884000 r--p 001e0000 00:1d 13596122                   /usr/lib/x86_64-linux-gnu/libc.so.6
7f7994884000-7f7994886000 rw-p 001e4000 00:1d 13596122                   /usr/lib/x86_64-linux-gnu/libc.so.6
7f7994886000-7f7994893000 rw-p 00000000 00:00 0 
7f7994893000-7f7994894000 r--p 00000000 00:1d 13596124                   /usr/lib/x86_64-linux-gnu/libdl.so.2
7f7994894000-7f7994895000 r-xp 00001000 00:1d 13596124                   /usr/lib/x86_64-linux-gnu/libdl.so.2
7f7994895000-7f7994896000 r--p 00002000 00:1d 13596124                   /usr/lib/x86_64-linux-gnu/libdl.so.2
7f7994896000-7f7994897000 r--p 00002000 00:1d 13596124                   /usr/lib/x86_64-linux-gnu/libdl.so.2
7f7994897000-7f7994898000 rw-p 00003000 00:1d 13596124                   /usr/lib/x86_64-linux-gnu/libdl.so.2
7f7994898000-7f7994899000 r--p 00000000 00:1d 13596134                   /usr/lib/x86_64-linux-gnu/libpthread.so.0
7f7994899000-7f799489a000 r-xp 00001000 00:1d 13596134                   /usr/lib/x86_64-linux-gnu/libpthread.so.0
7f799489a000-7f799489b000 r--p 00002000 00:1d 13596134                   /usr/lib/x86_64-linux-gnu/libpthread.so.0
7f799489b000-7f799489c000 r--p 00002000 00:1d 13596134                   /usr/lib/x86_64-linux-gnu/libpthread.so.0
7f799489c000-7f799489d000 rw-p 00003000 00:1d 13596134                   /usr/lib/x86_64-linux-gnu/libpthread.so.0
7f79948a1000-7f79948a2000 ---p 00000000 00:00 0 
7f79948a2000-7f79948a3000 r--p 00000000 00:00 0 
7f79948a3000-7f79948a4000 ---p 00000000 00:00 0 
7f79948a4000-7f79948bf000 r-xp 00000000 00:1d 6430113                    /home/niel/.asdf/installs/java/adoptopenjdk-21.0.9+10.0.LTS/lib/libjimage.so
7f79948bf000-7f79948c0000 ---p 0001b000 00:1d 6430113                    /home/niel/.asdf/installs/java/adoptopenjdk-21.0.9+10.0.LTS/lib/libjimage.so
7f79948c0000-7f79948c2000 r--p 0001b000 00:1d 6430113                    /home/niel/.asdf/installs/java/adoptopenjdk-21.0.9+10.0.LTS/lib/libjimage.so
7f79948c2000-7f79948c3000 rw-p 0001d000 00:1d 6430113                    /home/niel/.asdf/installs/java/adoptopenjdk-21.0.9+10.0.LTS/lib/libjimage.so
7f79948c3000-7f79948dc000 r-xp 00000000 00:1d 6430133                    /home/niel/.asdf/installs/java/adoptopenjdk-21.0.9+10.0.LTS/lib/libjli.so
7f79948dc000-7f79948dd000 r--p 00018000 00:1d 6430133                    /home/niel/.asdf/installs/java/adoptopenjdk-21.0.9+10.0.LTS/lib/libjli.so
7f79948dd000-7f79948de000 rw-p 00019000 00:1d 6430133                    /home/niel/.asdf/installs/java/adoptopenjdk-21.0.9+10.0.LTS/lib/libjli.so
7f79948de000-7f79948e0000 rw-p 00000000 00:00 0 
7f79948e0000-7f79948e4000 r--p 00000000 00:00 0                          [vvar]
7f79948e4000-7f79948e6000 r--p 00000000 00:00 0                          [vvar_vclock]
7f79948e6000-7f79948e8000 r-xp 00000000 00:00 0                          [vdso]
7f79948e8000-7f79948e9000 r--p 00000000 00:1d 13596119                   /usr/lib/x86_64-linux-gnu/ld-linux-x86-64.so.2
7f79948e9000-7f7994911000 r-xp 00001000 00:1d 13596119                   /usr/lib/x86_64-linux-gnu/ld-linux-x86-64.so.2
7f7994911000-7f799491c000 r--p 00029000 00:1d 13596119                   /usr/lib/x86_64-linux-gnu/ld-linux-x86-64.so.2
7f799491c000-7f799491e000 r--p 00034000 00:1d 13596119                   /usr/lib/x86_64-linux-gnu/ld-linux-x86-64.so.2
7f799491e000-7f799491f000 rw-p 00036000 00:1d 13596119                   /usr/lib/x86_64-linux-gnu/ld-linux-x86-64.so.2
7f799491f000-7f7994920000 rw-p 00000000 00:00 0 
7ffe4dbac000-7ffe4dbce000 rw-p 00000000 00:00 0                          [stack]
Total number of mappings: 213

JVMTI agents: none


VM Arguments:
java_command: org.jetbrains.kotlin.cli.jvm.K2JVMCompiler @/home/niel/Documents/aCSDFE/YEAR 4/SEM 1/SYSTEM/threat-hunting-platform/mobile/android/app/build/20260602_321155179752213828.compiler.options
java_class_path (initial): /home/niel/.gradle/caches/modules-2/files-2.1/org.jetbrains.kotlin/kotlin-compiler-embeddable/1.9.24/78dab849090e6c5e2eadb6e59a11cdc28fb67a08/kotlin-compiler-embeddable-1.9.24.jar:/home/niel/.gradle/caches/modules-2/files-2.1/org.jetbrains.kotlin/kotlin-stdlib/1.9.24/9928532f12c66ad816a625b3f9984f8368ca6d2b/kotlin-stdlib-1.9.24.jar:/home/niel/.gradle/caches/modules-2/files-2.1/org.jetbrains.kotlin/kotlin-script-runtime/1.9.24/96771497da90fbc5af1c90fce148db2595a62502/kotlin-script-runtime-1.9.24.jar:/home/niel/.gradle/caches/modules-2/files-2.1/org.jetbrains.kotlin/kotlin-reflect/1.6.10/1cbe9c92c12a94eea200d23c2bbaedaf3daf5132/kotlin-reflect-1.6.10.jar:/home/niel/.gradle/caches/modules-2/files-2.1/org.jetbrains.kotlin/kotlin-daemon-embeddable/1.9.24/86685b9c5e8d170925bd9ddbdc263374a6a73281/kotlin-daemon-embeddable-1.9.24.jar:/home/niel/.gradle/caches/modules-2/files-2.1/org.jetbrains.intellij.deps/trove4j/1.0.20200330/3afb14d5f9ceb459d724e907a21145e8ff394f02/trove4j-1.0.20200330.jar:/home/niel/.gradle/caches/modules-2/files-2.1/org.jetbrains/annotations/13.0/919f0dfe192fb4e063e7dacadee7f8bb9a2672a9/annotations-13.0.jar
Launcher Type: SUN_STANDARD

[Global flags]
     intx CICompilerCount                          = 4                                         {product} {ergonomic}
     uint ConcGCThreads                            = 2                                         {product} {ergonomic}
     uint G1ConcRefinementThreads                  = 8                                         {product} {ergonomic}
   size_t G1HeapRegionSize                         = 2097152                                   {product} {ergonomic}
    uintx GCDrainStackTargetSize                   = 64                                        {product} {ergonomic}
   size_t InitialHeapSize                          = 260046848                                 {product} {ergonomic}
   size_t MarkStackSize                            = 4194304                                   {product} {ergonomic}
   size_t MaxHeapSize                              = 4137680896                                {product} {ergonomic}
   size_t MaxNewSize                               = 2480930816                                {product} {ergonomic}
   size_t MinHeapDeltaBytes                        = 2097152                                   {product} {ergonomic}
   size_t MinHeapSize                              = 8388608                                   {product} {ergonomic}
    uintx NonNMethodCodeHeapSize                   = 5839372                                {pd product} {ergonomic}
    uintx NonProfiledCodeHeapSize                  = 122909434                              {pd product} {ergonomic}
    uintx ProfiledCodeHeapSize                     = 122909434                              {pd product} {ergonomic}
    uintx ReservedCodeCacheSize                    = 251658240                              {pd product} {ergonomic}
     bool SegmentedCodeCache                       = true                                      {product} {ergonomic}
   size_t SoftMaxHeapSize                          = 4137680896                             {manageable} {ergonomic}
     bool UseCompressedOops                        = true                           {product lp64_product} {ergonomic}
     bool UseG1GC                                  = true                                      {product} {ergonomic}

Logging:
Log output configuration:
 #0: stdout all=warning uptime,level,tags foldmultilines=false
 #1: stderr all=off uptime,level,tags foldmultilines=false

Release file:
IMPLEMENTOR="Eclipse Adoptium"
IMPLEMENTOR_VERSION="Temurin-21.0.9+10"
JAVA_RUNTIME_VERSION="21.0.9+10-LTS"
JAVA_VERSION="21.0.9"
JAVA_VERSION_DATE="2025-10-21"
LIBC="gnu"
MODULES="java.base java.compiler java.datatransfer java.xml java.prefs java.desktop java.instrument java.logging java.management java.security.sasl java.naming java.rmi java.management.rmi java.net.http java.scripting java.security.jgss java.transaction.xa java.sql java.sql.rowset java.xml.crypto java.se java.smartcardio jdk.accessibility jdk.internal.jvmstat jdk.attach jdk.charsets jdk.internal.opt jdk.zipfs jdk.compiler jdk.crypto.ec jdk.crypto.cryptoki jdk.dynalink jdk.internal.ed jdk.editpad jdk.hotspot.agent jdk.httpserver jdk.incubator.vector jdk.internal.le jdk.internal.vm.ci jdk.internal.vm.compiler jdk.internal.vm.compiler.management jdk.jartool jdk.javadoc jdk.jcmd jdk.management jdk.management.agent jdk.jconsole jdk.jdeps jdk.jdwp.agent jdk.jdi jdk.jfr jdk.jlink jdk.jpackage jdk.jshell jdk.jsobject jdk.jstatd jdk.localedata jdk.management.jfr jdk.naming.dns jdk.naming.rmi jdk.net jdk.nio.mapmode jdk.random jdk.sctp jdk.security.auth jdk.security.jgss jdk.unsupported jdk.unsupported.desktop jdk.xml.dom"
OS_ARCH="x86_64"
OS_NAME="Linux"
SOURCE=".:git:759062135b07"
BUILD_SOURCE="git:839fa0b45d809157cffd3dc8515aad262a4a1776"
BUILD_SOURCE_REPO="https://github.com/adoptium/temurin-build.git"
SOURCE_REPO="https://github.com/adoptium/jdk21u.git"
FULL_VERSION="21.0.9+10-LTS"
SEMANTIC_VERSION="21.0.9+10"
BUILD_INFO="OS: Linux Version: 6.8.0-1036-azure"
JVM_VARIANT="Hotspot"
JVM_VERSION="21.0.9+10-LTS"
IMAGE_TYPE="JDK"

Environment Variables:
JAVA_HOME=/home/niel/.asdf/installs/java/adoptopenjdk-21.0.9+10.0.LTS
PATH=/home/niel/.asdf/installs/java/adoptopenjdk-21.0.9+10.0.LTS/bin:/home/niel/.asdf/shims:/home/niel/Applications/scrcpy/scrcpy-linux-x86_64-v3.3.1/:/home/niel/Applications/flutter/bin:/home/niel/Android/Sdk/platform-tools/:/home/niel/.npm-global/bin:/home/niel/.fzf/bin:/home/niel/.cargo/bin:/home/niel/Applications/Scripts:/home/niel/Applications/Binaries:/home/niel/.local/bin:/snap/bin:/home/niel/.local/bin:/snap/bin:/usr/local/sbin:/usr/sbin:/sbin:/usr/local/bin:/usr/bin:/bin:/usr/local/games:/usr/games:/opt/nvim-linux-x86_64/bin
SHELL=/bin/bash
DISPLAY=:0.0
LANG=en_US.UTF-8
LC_NUMERIC=en_GB.UTF-8
LC_TIME=en_GB.UTF-8
TERM=xterm-256color

Active Locale:
LC_ALL=LC_CTYPE=en_US.UTF-8;LC_NUMERIC=en_GB.UTF-8;LC_TIME=en_GB.UTF-8;LC_COLLATE=en_US.UTF-8;LC_MONETARY=en_GB.UTF-8;LC_MESSAGES=en_US.UTF-8;LC_PAPER=en_GB.UTF-8;LC_NAME=en_GB.UTF-8;LC_ADDRESS=en_GB.UTF-8;LC_TELEPHONE=en_GB.UTF-8;LC_MEASUREMENT=en_GB.UTF-8;LC_IDENTIFICATION=en_GB.UTF-8
LC_COLLATE=en_US.UTF-8
LC_CTYPE=en_US.UTF-8
LC_MESSAGES=en_US.UTF-8
LC_MONETARY=en_GB.UTF-8
LC_NUMERIC=en_GB.UTF-8
LC_TIME=en_GB.UTF-8

Signal Handlers:
   SIGSEGV: crash_handler in libjvm.so, mask=11100100010111111101111111111110, flags=SA_RESTART|SA_SIGINFO, unblocked
    SIGBUS: crash_handler in libjvm.so, mask=11100100010111111101111111111110, flags=SA_RESTART|SA_SIGINFO, unblocked
    SIGFPE: crash_handler in libjvm.so, mask=11100100010111111101111111111110, flags=SA_RESTART|SA_SIGINFO, unblocked
   SIGPIPE: javaSignalHandler in libjvm.so, mask=11100100010111111101111111111110, flags=SA_RESTART|SA_SIGINFO, blocked
   SIGXFSZ: javaSignalHandler in libjvm.so, mask=11100100010111111101111111111110, flags=SA_RESTART|SA_SIGINFO, blocked
    SIGILL: crash_handler in libjvm.so, mask=11100100010111111101111111111110, flags=SA_RESTART|SA_SIGINFO, unblocked
   SIGUSR2: SR_handler in libjvm.so, mask=00000000000000000000000000000000, flags=SA_RESTART|SA_SIGINFO, blocked
    SIGHUP: UserHandler in libjvm.so, mask=11100100010111111101111111111110, flags=SA_RESTART|SA_SIGINFO, blocked
    SIGINT: UserHandler in libjvm.so, mask=11100100010111111101111111111110, flags=SA_RESTART|SA_SIGINFO, blocked
   SIGTERM: UserHandler in libjvm.so, mask=11100100010111111101111111111110, flags=SA_RESTART|SA_SIGINFO, blocked
   SIGQUIT: UserHandler in libjvm.so, mask=11100100010111111101111111111110, flags=SA_RESTART|SA_SIGINFO, blocked
   SIGTRAP: crash_handler in libjvm.so, mask=11100100010111111101111111111110, flags=SA_RESTART|SA_SIGINFO, unblocked


Periodic native trim disabled

---------------  S Y S T E M  ---------------

OS:
PRETTY_NAME="Parrot Security 7.1 (echo)"
NAME="Parrot Security"
VERSION_ID="7.1"
VERSION="7.1 (echo)"
VERSION_CODENAME=echo
DEBIAN_VERSION_FULL=7.1
ID=debian
HOME_URL="https://www.parrotsec.org/"
SUPPORT_URL="https://www.parrotsec.org/docs"
BUG_REPORT_URL="https://gitlab.com/parrotsec/"
uname: Linux 6.19.6+parrot7-amd64 #1 SMP PREEMPT_DYNAMIC Parrot 6.19.6-2parrot1 (2026-03-17) x86_64
OS uptime: 2 days 0:41 hours
libc: glibc 2.41 NPTL 2.41 
rlimit (soft/hard): STACK 8192k/infinity , CORE 0k/infinity , NPROC 62472/62472 , NOFILE 524288/524288 , AS infinity/infinity , CPU infinity/infinity , DATA infinity/infinity , FSIZE infinity/infinity , MEMLOCK 8192k/8192k
load average: 3.35 2.87 2.73

/proc/meminfo:
MemTotal:       16157852 kB
MemFree:         2204744 kB
MemAvailable:    6902752 kB
Buffers:            1048 kB
Cached:          5551600 kB
SwapCached:       215108 kB
Active:          4602152 kB
Inactive:        7975804 kB
Active(anon):    3882820 kB
Inactive(anon):  3798872 kB
Active(file):     719332 kB
Inactive(file):  4176932 kB
Unevictable:      141556 kB
Mlocked:              80 kB
SwapTotal:      17777496 kB
SwapFree:       16388348 kB
Zswap:                 0 kB
Zswapped:              0 kB
Dirty:              8344 kB
Writeback:             0 kB
AnonPages:       7083564 kB
Mapped:           870128 kB
Shmem:            658088 kB
KReclaimable:     429964 kB
Slab:             748432 kB
SReclaimable:     429964 kB
SUnreclaim:       318468 kB
KernelStack:       29580 kB
PageTables:        95700 kB
SecPageTables:      3304 kB
NFS_Unstable:          0 kB
Bounce:                0 kB
WritebackTmp:          0 kB
CommitLimit:    25856420 kB
Committed_AS:   18416808 kB
VmallocTotal:   34359738367 kB
VmallocUsed:      254756 kB
VmallocChunk:          0 kB
Percpu:             8096 kB
HardwareCorrupted:     0 kB
AnonHugePages:   2934784 kB
ShmemHugePages:   221184 kB
ShmemPmdMapped:     8192 kB
FileHugePages:         0 kB
FilePmdMapped:         0 kB
Unaccepted:            0 kB
Balloon:               0 kB
HugePages_Total:       0
HugePages_Free:        0
HugePages_Rsvd:        0
HugePages_Surp:        0
Hugepagesize:       2048 kB
Hugetlb:               0 kB
DirectMap4k:      986624 kB
DirectMap2M:    15568896 kB
DirectMap1G:           0 kB

/sys/kernel/mm/transparent_hugepage/enabled: [always] madvise never
/sys/kernel/mm/transparent_hugepage/hpage_pmd_size: 2097152
/sys/kernel/mm/transparent_hugepage/defrag (defrag/compaction efforts parameter): always defer defer+madvise [madvise] never

Process Memory:
Virtual Size: 6989304K (peak: 7047892K)
Resident Set Size: 78640K (peak: 78640K) (anon: 55460K, file: 23136K, shmem: 44K)
Swapped out: 0K
C-Heap outstanding allocations: 30309K, retained: 2786K
glibc malloc tunables: (default)

/proc/sys/kernel/threads-max (system-wide limit on the number of threads): 124944
/proc/sys/vm/max_map_count (maximum number of memory map areas a process may have): 1048576
/proc/sys/vm/swappiness (control to define how aggressively the kernel swaps out anonymous memory): 60
/proc/sys/kernel/pid_max (system-wide limit on number of process identifiers): 4194304

container information not found.
Steal ticks since vm start: 0
Steal ticks percentage since vm start:  0.000

CPU: total 8 (initial active 8) (4 cores per cpu, 2 threads per core) family 6 model 94 stepping 3 microcode 0xf0, cx8, cmov, fxsr, ht, mmx, 3dnowpref, sse, sse2, sse3, ssse3, sse4.1, sse4.2, popcnt, lzcnt, tsc, tscinvbit, avx, avx2, aes, erms, clmul, bmi1, bmi2, adx, fma, vzeroupper, clflush, clflushopt, rdtscp, f16c
CPU Model and flags from /proc/cpuinfo:
model name	: Intel(R) Core(TM) i7-6820HQ CPU @ 2.70GHz
flags		: fpu vme de pse tsc msr pae mce cx8 apic sep mtrr pge mca cmov pat pse36 clflush dts acpi mmx fxsr sse sse2 ss ht tm pbe syscall nx pdpe1gb rdtscp lm constant_tsc art arch_perfmon pebs bts rep_good nopl xtopology nonstop_tsc cpuid aperfmperf pni pclmulqdq dtes64 monitor ds_cpl vmx smx est tm2 ssse3 sdbg fma cx16 xtpr pdcm pcid sse4_1 sse4_2 x2apic movbe popcnt tsc_deadline_timer aes xsave avx f16c rdrand lahf_lm abm 3dnowprefetch cpuid_fault epb pti ssbd ibrs ibpb stibp tpr_shadow flexpriority ept vpid ept_ad fsgsbase tsc_adjust bmi1 avx2 smep bmi2 erms invpcid mpx rdseed adx smap clflushopt intel_pt xsaveopt xsavec xgetbv1 xsaves dtherm ida arat pln pts hwp hwp_notify hwp_act_window hwp_epp vnmi md_clear flush_l1d arch_capabilities

Online cpus: 0-7
Offline cpus: 
BIOS frequency limitation: <Not Available>
Frequency switch latency (ns): 0
Available cpu frequencies: <Not Available>
Current governor: powersave
Core performance/turbo boost: <Not Available>

Memory: 4k page, physical 16157852k(6902752k free), swap 17777496k(16388348k free)
Page Sizes: 4k

vm_info: OpenJDK 64-Bit Server VM (21.0.9+10-LTS) for linux-amd64 JRE (21.0.9+10-LTS), built on 2025-10-21T00:00:00Z by "admin" with gcc 11.3.0

END.
