#
# A fatal error has been detected by the Java Runtime Environment:
#
#  SIGSEGV (0xb) at pc=0x00007f248dcd6d62, pid=558429, tid=558445
#
# JRE version: OpenJDK Runtime Environment Temurin-21.0.9+10 (21.0.9+10) (build 21.0.9+10-LTS)
# Java VM: OpenJDK 64-Bit Server VM Temurin-21.0.9+10 (21.0.9+10-LTS, mixed mode, sharing, tiered, compressed oops, compressed class ptrs, g1 gc, linux-amd64)
# Problematic frame:
# V  [libjvm.so+0x8d6d62]  PhaseIFG::remove_node(unsigned int)+0x122
#
# No core dump will be written. Core dumps have been disabled. To enable core dumping, try "ulimit -c unlimited" before starting Java again
#
# If you would like to submit a bug report, please visit:
#   https://github.com/adoptium/adoptium-support/issues
#

---------------  S U M M A R Y ------------

Command Line: org.jetbrains.kotlin.cli.jvm.K2JVMCompiler @/home/niel/Documents/aCSDFE/YEAR 4/SEM 1/SYSTEM/threat-hunting-platform/mobile/android/app/build/20260602_13251748678917524031.compiler.options

Host: Intel(R) Core(TM) i7-6820HQ CPU @ 2.70GHz, 8 cores, 15G, Parrot Security 7.1 (echo)
Time: Tue Jun  2 10:33:06 2026 EAT elapsed time: 2.549718 seconds (0d 0h 0m 2s)

---------------  T H R E A D  ---------------

Current thread (0x00007f2488175910):  JavaThread "C2 CompilerThread0" daemon [_thread_in_native, id=558445, stack(0x00007f24608fc000,0x00007f24609fc000) (1024K)]


Current CompileTask:
C2:2549 1501 % !   4       java.util.concurrent.ConcurrentHashMap::transfer @ 96 (849 bytes)

Stack: [0x00007f24608fc000,0x00007f24609fc000],  sp=0x00007f24609f8070,  free space=1008k
Native frames: (J=compiled Java code, j=interpreted, Vv=VM code, C=native code)
V  [libjvm.so+0x8d6d62]  PhaseIFG::remove_node(unsigned int)+0x122
V  [libjvm.so+0x5c551d]  PhaseChaitin::Simplify()+0x34d
V  [libjvm.so+0x5c8d50]  PhaseChaitin::Register_Allocate()+0x6c0
V  [libjvm.so+0x6710d6]  Compile::Code_Gen()+0x326
V  [libjvm.so+0x67524d]  Compile::Compile(ciEnv*, ciMethod*, int, Options, DirectiveSet*)+0x151d
V  [libjvm.so+0x59abbb]  C2Compiler::compile_method(ciEnv*, ciMethod*, int, bool, DirectiveSet*)+0x18b
V  [libjvm.so+0x67b0fe]  CompileBroker::invoke_compiler_on_method(CompileTask*)+0xc9e
V  [libjvm.so+0x67e438]  CompileBroker::compiler_thread_loop()+0x738
V  [libjvm.so+0x92e9b8]  JavaThread::thread_main_inner()+0x1d8
V  [libjvm.so+0xf84328]  Thread::call_run()+0xa8
V  [libjvm.so+0xd0d8ea]  thread_native_entry(Thread*)+0xda

siginfo: si_signo: 11 (SIGSEGV), si_code: 2 (SEGV_ACCERR), si_addr: 0x00007f23e8703740

Registers:
RAX=0x00007f23e84a31a0, RBX=0x7fffffffffffffff, RCX=0x0000000000000278, RDX=0x34fc01e000a2201e
RSP=0x00007f24609f8070, RBP=0x00007f24609f80f0, RSI=0x8000000000000000, RDI=0x00007f23e84a31b0
R8 =0x0000000000000002, R9 =0x00007f23e8703740, R10=0x0000003800000000, R11=0x00007f23e82b357c
R12=0x0000000000000020, R13=0x00007f24609f82a0, R14=0x0000000000000000, R15=0x00007f23e85095c8
RIP=0x00007f248dcd6d62, EFLAGS=0x0000000000010202, CSGSFS=0x002b000000000033, ERR=0x0000000000000004
  TRAPNO=0x000000000000000e

XMM[0]=0x0000000000000000 0x0000000000000000
XMM[1]=0x0000000000000000 0x3f24af5b2ee183c2
XMM[2]=0x0000000000000000 0x3f8eb851de800000
XMM[3]=0x0000000000000000 0x3fc435e507600000
XMM[4]=0x0000000000000000 0x3f1b981740000000
XMM[5]=0x0000000000000000 0x0000000000000000
XMM[6]=0x0000000000000000 0x0000000000000000
XMM[7]=0x0000000000000000 0x0000000000000000
XMM[8]=0x00007f2488e79280 0x00007f2488e791f0
XMM[9]=0x00007f23e82c0080 0x00007f23e82c0020
XMM[10]=0x00007f23e82bfa20 0x00007f23e82bfae0
XMM[11]=0x00007f23e82bfa80 0x00007f23e82bfb40
XMM[12]=0x00007f23e82bf9c0 0x00007f23e82bf960
XMM[13]=0x0000000000000000 0x00007f23e82bfe40
XMM[14]=0x0000000000000000 0x00007f23e82bff00
XMM[15]=0x0000000000000000 0x00007f23e82bffc0
  MXCSR=0x00001fa2


Register to memory mapping:

RAX=0x00007f23e84a31a0 points into unknown readable memory: 0x000000050000000a | 0a 00 00 00 05 00 00 00
RBX=0x7fffffffffffffff is an unknown value
RCX=0x0000000000000278 is an unknown value
RDX=0x34fc01e000a2201e is an unknown value
RSP=0x00007f24609f8070 is pointing into the stack for thread: 0x00007f2488175910
RBP=0x00007f24609f80f0 is pointing into the stack for thread: 0x00007f2488175910
RSI=0x8000000000000000 is an unknown value
RDI=0x00007f23e84a31b0 points into unknown readable memory: 0x00007f248e939d40 | 40 9d 93 8e 24 7f 00 00
R8 =0x0000000000000002 is an unknown value
R9 =0x00007f23e8703740 is an unknown value
R10=0x0000003800000000 is an unknown value
R11=0x00007f23e82b357c points into unknown readable memory: 45 02 00 00
R12=0x0000000000000020 is an unknown value
R13=0x00007f24609f82a0 is pointing into the stack for thread: 0x00007f2488175910
R14=0x0 is null
R15=0x00007f23e85095c8 points into unknown readable memory: 0x40a1109ba26e702b | 2b 70 6e a2 9b 10 a1 40

Top of Stack: (sp=0x00007f24609f8070)
0x00007f24609f8070:   00007f23e81fbdd0 000000000002a760
0x00007f24609f8080:   00007f24609f8090 8000000000000000
0x00007f24609f8090:   00000000000000d2 0000000200000278
0x00007f24609f80a0:   0000000500000003 00007f23e82d8d80
0x00007f24609f80b0:   00007f23e84b4e10 00007f23e84b4e00
0x00007f24609f80c0:   0000000000000000 00007f24609f85b0
0x00007f24609f80d0:   00007f24609f8130 00007f24609f8100
0x00007f24609f80e0:   000000000000043f 00007f24609f8340
0x00007f24609f80f0:   00007f24609f81b0 00007f248d9c551d
0x00007f24609f8100:   0000000000000000 000000010000043f
0x00007f24609f8110:   0000000500000005 00007f23e8203920
0x00007f24609f8120:   00007f23e848d270 00007f23e848d260
0x00007f24609f8130:   00007f24609f0000 0000000000000000
0x00007f24609f8140:   0000000000000000 0000000000000000
0x00007f24609f8150:   00007f24609f8190 00007f248e5244ee
0x00007f24609f8160:   0000000000000000 0000000000000000
0x00007f24609f8170:   0000000000000000 00007f248e5244ee
0x00007f24609f8180:   0000000000000000 00007f248e5244de
0x00007f24609f8190:   00007f24609f85b0 00007f24609f8270
0x00007f24609f81a0:   00007f24609f83a0 00007f24609f8270
0x00007f24609f81b0:   00007f24609f8490 00007f248d9c8d50
0x00007f24609f81c0:   0000000000000000 0000000000000000
0x00007f24609f81d0:   00000000000003d8 00007f23dc001750
0x00007f24609f81e0:   00007f24609f8240 00007f24609f82a0
0x00007f24609f81f0:   00007f24609f82e0 00007f23dc001760
0x00007f24609f8200:   00007f23dc001750 00007f23dc001760
0x00007f24609f8210:   00007f24609f8270 00007f23dc001750
0x00007f24609f8220:   00007f23dc001760 00007f23dc001b38
0x00007f24609f8230:   00000000000003d8 00007f248e524542
0x00007f24609f8240:   0000000000000007 00007f23dc001b40
0x00007f24609f8250:   00007f23dc001b40 00007f23dc001b50
0x00007f24609f8260:   00007f23dc001f28 00000000000003d8 

Instructions: (pc=0x00007f248dcd6d62)
0x00007f248dcd6c62:   1c 24 0f 83 c6 01 00 00 49 8b 54 24 08 44 89 f1
0x00007f248dcd6c72:   b8 01 00 00 00 d3 e0 09 04 9a 44 89 f2 48 8d 1c
0x00007f248dcd6c82:   92 48 c1 e3 05 48 89 d8 49 03 45 10 48 89 5d 88
0x00007f248dcd6c92:   8b 08 85 c9 0f 84 5d 01 00 00 48 8b 0d 2d d8 8e
0x00007f248dcd6ca2:   00 49 8b 75 20 48 c7 45 a0 00 00 00 00 c7 45 b0
0x00007f248dcd6cb2:   00 00 00 00 48 89 4d a8 8b 08 85 c9 0f 85 5c 01
0x00007f248dcd6cc2:   00 00 48 8d 3c 92 89 4d b4 44 89 f1 48 8d 14 ba
0x00007f248dcd6cd2:   48 c7 45 b8 00 00 00 00 4c 8d 3c d6 48 8b 50 08
0x00007f248dcd6ce2:   be 01 00 00 00 48 89 45 c8 48 d3 e6 31 c0 48 89
0x00007f248dcd6cf2:   55 c0 44 89 f2 41 c1 ee 06 48 89 f3 c1 ea 08 41
0x00007f248dcd6d02:   83 e6 03 48 f7 d3 4c 8d 24 d5 00 00 00 00 48 8d
0x00007f248dcd6d12:   55 a0 49 c1 e6 03 48 89 55 90 e9 9e 00 00 00 0f
0x00007f248dcd6d22:   1f 80 00 00 00 00 31 c9 f3 48 0f bc c8 48 d3 e8
0x00007f248dcd6d32:   03 4d a8 48 83 e8 01 89 4d a8 48 89 45 a0 49 8b
0x00007f248dcd6d42:   45 10 85 c9 0f 84 a9 00 00 00 48 8d 3c 89 48 c1
0x00007f248dcd6d52:   e7 05 48 01 f8 48 8b 78 08 4e 8b 0c 27 4d 01 f1
0x00007f248dcd6d62:   49 8b 39 49 89 fa 49 21 da 4d 89 11 48 85 fe 74
0x00007f248dcd6d72:   03 83 28 01 48 8d 04 89 41 0f b7 bf 9c 00 00 00
0x00007f248dcd6d82:   48 8d 0c 81 49 8b 45 20 48 8d 04 c8 0f b7 88 9c
0x00007f248dcd6d92:   00 00 00 41 f6 87 a7 00 00 00 04 75 12 39 cf 41
0x00007f248dcd6da2:   89 c9 44 0f 4d cf f6 80 a7 00 00 00 04 74 06 0f
0x00007f248dcd6db2:   af f9 41 89 f9 44 29 48 34 48 8b 45 a0 48 85 c0
0x00007f248dcd6dc2:   0f 85 60 ff ff ff 83 7d ac 03 76 08 8b 45 b4 39
0x00007f248dcd6dd2:   45 b0 73 3a 48 8b 7d 90 48 89 75 98 e8 ed 96 00
0x00007f248dcd6de2:   00 48 8b 75 98 89 c1 49 8b 45 10 85 c9 0f 85 57
0x00007f248dcd6df2:   ff ff ff 48 03 45 88 48 83 c4 58 5b 41 5c 41 5d
0x00007f248dcd6e02:   41 5e 41 5f 5d c3 0f 1f 84 00 00 00 00 00 49 8b
0x00007f248dcd6e12:   45 10 48 03 45 88 eb df 66 0f 1f 44 00 00 8b 48
0x00007f248dcd6e22:   04 e9 9c fe ff ff 0f 1f 84 00 00 00 00 00 89 de
0x00007f248dcd6e32:   4c 89 e7 e8 e6 b9 70 00 e9 2b fe ff ff 90 55 89
0x00007f248dcd6e42:   f0 c1 e8 05 48 89 e5 41 57 49 89 ff 41 56 41 55
0x00007f248dcd6e52:   41 89 f5 41 54 53 48 83 ec 48 48 8b 57 38 3b 02 


Stack slot to memory mapping:

stack at sp + 0 slots: 0x00007f23e81fbdd0 points into unknown readable memory: 0x00007f248e8c8510 | 10 85 8c 8e 24 7f 00 00
stack at sp + 1 slots: 0x000000000002a760 is an unknown value
stack at sp + 2 slots: 0x00007f24609f8090 is pointing into the stack for thread: 0x00007f2488175910
stack at sp + 3 slots: 0x8000000000000000 is an unknown value
stack at sp + 4 slots: 0x00000000000000d2 is an unknown value
stack at sp + 5 slots: 0x0000000200000278 is an unknown value
stack at sp + 6 slots: 0x0000000500000003 is an unknown value
stack at sp + 7 slots: 0x00007f23e82d8d80 points into unknown readable memory: 0x8000000000000000 | 00 00 00 00 00 00 00 80


---------------  P R O C E S S  ---------------

Threads class SMR info:
_java_thread_list=0x00007f23ec10db80, length=11, elements={
0x00007f248802ad40, 0x00007f248816e540, 0x00007f248816faa0, 0x00007f2488171220,
0x00007f2488172850, 0x00007f2488173de0, 0x00007f2488175910, 0x00007f2488176fc0,
0x00007f2488183530, 0x00007f2488186820, 0x00007f23ec10ca10
}

Java Threads: ( => current thread )
  0x00007f248802ad40 JavaThread "main"                              [_thread_blocked, id=558432, stack(0x00007f248d210000,0x00007f248d310000) (1024K)]
  0x00007f248816e540 JavaThread "Reference Handler"          daemon [_thread_blocked, id=558440, stack(0x00007f24610f4000,0x00007f24611f4000) (1024K)]
  0x00007f248816faa0 JavaThread "Finalizer"                  daemon [_thread_blocked, id=558441, stack(0x00007f2460d00000,0x00007f2460e00000) (1024K)]
  0x00007f2488171220 JavaThread "Signal Dispatcher"          daemon [_thread_blocked, id=558442, stack(0x00007f2460bff000,0x00007f2460cff000) (1024K)]
  0x00007f2488172850 JavaThread "Service Thread"             daemon [_thread_blocked, id=558443, stack(0x00007f2460afe000,0x00007f2460bfe000) (1024K)]
  0x00007f2488173de0 JavaThread "Monitor Deflation Thread"   daemon [_thread_blocked, id=558444, stack(0x00007f24609fd000,0x00007f2460afd000) (1024K)]
=>0x00007f2488175910 JavaThread "C2 CompilerThread0"         daemon [_thread_in_native, id=558445, stack(0x00007f24608fc000,0x00007f24609fc000) (1024K)]
  0x00007f2488176fc0 JavaThread "C1 CompilerThread0"         daemon [_thread_blocked, id=558446, stack(0x00007f24607fb000,0x00007f24608fb000) (1024K)]
  0x00007f2488183530 JavaThread "Notification Thread"        daemon [_thread_blocked, id=558447, stack(0x00007f246062a000,0x00007f246072a000) (1024K)]
  0x00007f2488186820 JavaThread "Common-Cleaner"             daemon [_thread_blocked, id=558448, stack(0x00007f2460529000,0x00007f2460629000) (1024K)]
  0x00007f23ec10ca10 JavaThread "C2 CompilerThread1"         daemon [_thread_in_native, id=558460, stack(0x00007f2412f00000,0x00007f2413000000) (1024K)]
Total: 11

Other Threads:
  0x00007f2488164380 VMThread "VM Thread"                           [id=558439, stack(0x00007f24611f5000,0x00007f24612f5000) (1024K)]
  0x00007f24881526a0 WatcherThread "VM Periodic Task Thread"        [id=558438, stack(0x00007f24612f6000,0x00007f24613f6000) (1024K)]
  0x00007f2488092a50 WorkerThread "GC Thread#0"                     [id=558433, stack(0x00007f246c123000,0x00007f246c223000) (1024K)]
  0x00007f2400007930 WorkerThread "GC Thread#1"                     [id=558455, stack(0x00007f2460428000,0x00007f2460528000) (1024K)]
  0x00007f2400008020 WorkerThread "GC Thread#2"                     [id=558456, stack(0x00007f2460327000,0x00007f2460427000) (1024K)]
  0x00007f2400008710 WorkerThread "GC Thread#3"                     [id=558457, stack(0x00007f2460226000,0x00007f2460326000) (1024K)]
  0x00007f2400009030 WorkerThread "GC Thread#4"                     [id=558458, stack(0x00007f2460125000,0x00007f2460225000) (1024K)]
  0x00007f2400009950 WorkerThread "GC Thread#5"                     [id=558459, stack(0x00007f2460024000,0x00007f2460124000) (1024K)]
  0x00007f2400011c80 WorkerThread "GC Thread#6"                     [id=558461, stack(0x00007f2412b00000,0x00007f2412c00000) (1024K)]
  0x00007f24000134e0 WorkerThread "GC Thread#7"                     [id=558462, stack(0x00007f24129ff000,0x00007f2412aff000) (1024K)]
  0x00007f24880a36f0 ConcurrentGCThread "G1 Main Marker"            [id=558434, stack(0x00007f246c022000,0x00007f246c122000) (1024K)]
  0x00007f24880a4690 WorkerThread "G1 Conc#0"                       [id=558435, stack(0x00007f2463f00000,0x00007f2464000000) (1024K)]
  0x00007f2468000cf0 WorkerThread "G1 Conc#1"                       [id=558471, stack(0x00007f2412492000,0x00007f2412592000) (1024K)]
  0x00007f24881379d0 ConcurrentGCThread "G1 Refine#0"               [id=558436, stack(0x00007f24614f8000,0x00007f24615f8000) (1024K)]
  0x00007f2488138980 ConcurrentGCThread "G1 Service"                [id=558437, stack(0x00007f24613f7000,0x00007f24614f7000) (1024K)]
Total: 15

Threads with active compile tasks:
C2 CompilerThread0  2587 1501 % !   4       java.util.concurrent.ConcurrentHashMap::transfer @ 96 (849 bytes)
C1 CompilerThread0  2587 1533       3       org.jetbrains.kotlin.protobuf.CodedInputStream::tryRefillBuffer (295 bytes)
C2 CompilerThread1  2587 1468   !   4       jdk.internal.loader.BuiltinClassLoader::loadClassOrNull (143 bytes)
Total: 3

VM state: not at safepoint (normal execution)

VM Mutex/Monitor currently owned by a thread: None

Heap address: 0x0000000709600000, size: 3946 MB, Compressed Oops mode: Zero based, Oop shift amount: 3

CDS archive(s) mapped at: [0x00007f2413000000-0x00007f2413ca0000-0x00007f2413ca0000), size 13238272, SharedBaseAddress: 0x00007f2413000000, ArchiveRelocationMode: 1.
Compressed class space mapped at: 0x00007f2414000000-0x00007f2454000000, reserved size: 1073741824
Narrow klass base: 0x00007f2413000000, Narrow klass shift: 0, Narrow klass range: 0x100000000

GC Precious Log:
 CardTable entry size: 512
 Card Set container configuration: InlinePtr #cards 4 size 8 Array Of Cards #cards 16 size 48 Howl #buckets 8 coarsen threshold 3686 Howl Bitmap #cards 512 size 80 coarsen threshold 460 Card regions per heap region 1 cards per card region 4096
 CPUs: 8 total, 8 available
 Memory: 15779M
 Large Page Support: Disabled
 NUMA Support: Disabled
 Compressed Oops: Enabled (Zero based)
 Heap Region Size: 2M
 Heap Min Capacity: 8M
 Heap Initial Capacity: 248M
 Heap Max Capacity: 3946M
 Pre-touch: Disabled
 Parallel Workers: 8
 Concurrent Workers: 2
 Concurrent Refinement Workers: 8
 Periodic GC: Disabled

Heap:
 garbage-first heap   total 81920K, used 21140K [0x0000000709600000, 0x0000000800000000)
  region size 2048K, 8 young (16384K), 7 survivors (14336K)
 Metaspace       used 21352K, committed 21632K, reserved 1114112K
  class space    used 2884K, committed 3008K, reserved 1048576K

Heap Regions: E=young(eden), S=young(survivor), O=old, HS=humongous(starts), HC=humongous(continues), CS=collection set, F=free, TAMS=top-at-mark-start, PB=parsable bottom
|   0|0x0000000709600000, 0x0000000709800000, 0x0000000709800000|100%|HS|  |TAMS 0x0000000709600000| PB 0x0000000709600000| Complete 
|   1|0x0000000709800000, 0x0000000709a00000, 0x0000000709a00000|100%|HC|  |TAMS 0x0000000709800000| PB 0x0000000709800000| Complete 
|   2|0x0000000709a00000, 0x0000000709a00000, 0x0000000709c00000|  0%| F|  |TAMS 0x0000000709a00000| PB 0x0000000709a00000| Untracked 
|   3|0x0000000709c00000, 0x0000000709c61400, 0x0000000709e00000| 18%| O|Cm|TAMS 0x0000000709c00000| PB 0x0000000709c00000| Complete 
|   4|0x0000000709e00000, 0x000000070a000000, 0x000000070a000000|100%|HS|  |TAMS 0x0000000709e00000| PB 0x0000000709e00000| Complete 
|   5|0x000000070a000000, 0x000000070a000000, 0x000000070a200000|  0%| F|  |TAMS 0x000000070a000000| PB 0x000000070a000000| Untracked 
|   6|0x000000070a200000, 0x000000070a200000, 0x000000070a400000|  0%| F|  |TAMS 0x000000070a200000| PB 0x000000070a200000| Untracked 
|   7|0x000000070a400000, 0x000000070a400000, 0x000000070a600000|  0%| F|  |TAMS 0x000000070a400000| PB 0x000000070a400000| Untracked 
|   8|0x000000070a600000, 0x000000070a600000, 0x000000070a800000|  0%| F|  |TAMS 0x000000070a600000| PB 0x000000070a600000| Untracked 
|   9|0x000000070a800000, 0x000000070a800000, 0x000000070aa00000|  0%| F|  |TAMS 0x000000070a800000| PB 0x000000070a800000| Untracked 
|  10|0x000000070aa00000, 0x000000070aa00000, 0x000000070ac00000|  0%| F|  |TAMS 0x000000070aa00000| PB 0x000000070aa00000| Untracked 
|  11|0x000000070ac00000, 0x000000070ac00000, 0x000000070ae00000|  0%| F|  |TAMS 0x000000070ac00000| PB 0x000000070ac00000| Untracked 
|  12|0x000000070ae00000, 0x000000070ae00000, 0x000000070b000000|  0%| F|  |TAMS 0x000000070ae00000| PB 0x000000070ae00000| Untracked 
|  13|0x000000070b000000, 0x000000070b000000, 0x000000070b200000|  0%| F|  |TAMS 0x000000070b000000| PB 0x000000070b000000| Untracked 
|  14|0x000000070b200000, 0x000000070b200000, 0x000000070b400000|  0%| F|  |TAMS 0x000000070b200000| PB 0x000000070b200000| Untracked 
|  15|0x000000070b400000, 0x000000070b400000, 0x000000070b600000|  0%| F|  |TAMS 0x000000070b400000| PB 0x000000070b400000| Untracked 
|  16|0x000000070b600000, 0x000000070b600000, 0x000000070b800000|  0%| F|  |TAMS 0x000000070b600000| PB 0x000000070b600000| Untracked 
|  17|0x000000070b800000, 0x000000070b800000, 0x000000070ba00000|  0%| F|  |TAMS 0x000000070b800000| PB 0x000000070b800000| Untracked 
|  18|0x000000070ba00000, 0x000000070ba00000, 0x000000070bc00000|  0%| F|  |TAMS 0x000000070ba00000| PB 0x000000070ba00000| Untracked 
|  19|0x000000070bc00000, 0x000000070bc00000, 0x000000070be00000|  0%| F|  |TAMS 0x000000070bc00000| PB 0x000000070bc00000| Untracked 
|  20|0x000000070be00000, 0x000000070be00000, 0x000000070c000000|  0%| F|  |TAMS 0x000000070be00000| PB 0x000000070be00000| Untracked 
|  21|0x000000070c000000, 0x000000070c000000, 0x000000070c200000|  0%| F|  |TAMS 0x000000070c000000| PB 0x000000070c000000| Untracked 
|  22|0x000000070c200000, 0x000000070c200000, 0x000000070c400000|  0%| F|  |TAMS 0x000000070c200000| PB 0x000000070c200000| Untracked 
|  23|0x000000070c400000, 0x000000070c400000, 0x000000070c600000|  0%| F|  |TAMS 0x000000070c400000| PB 0x000000070c400000| Untracked 
|  24|0x000000070c600000, 0x000000070c600000, 0x000000070c800000|  0%| F|  |TAMS 0x000000070c600000| PB 0x000000070c600000| Untracked 
|  25|0x000000070c800000, 0x000000070c800000, 0x000000070ca00000|  0%| F|  |TAMS 0x000000070c800000| PB 0x000000070c800000| Untracked 
|  26|0x000000070ca00000, 0x000000070ca00000, 0x000000070cc00000|  0%| F|  |TAMS 0x000000070ca00000| PB 0x000000070ca00000| Untracked 
|  27|0x000000070cc00000, 0x000000070cc00000, 0x000000070ce00000|  0%| F|  |TAMS 0x000000070cc00000| PB 0x000000070cc00000| Untracked 
|  28|0x000000070ce00000, 0x000000070ce00000, 0x000000070d000000|  0%| F|  |TAMS 0x000000070ce00000| PB 0x000000070ce00000| Untracked 
|  29|0x000000070d000000, 0x000000070d000000, 0x000000070d200000|  0%| F|  |TAMS 0x000000070d000000| PB 0x000000070d000000| Untracked 
|  30|0x000000070d200000, 0x000000070d200000, 0x000000070d400000|  0%| F|  |TAMS 0x000000070d200000| PB 0x000000070d200000| Untracked 
|  97|0x0000000715800000, 0x0000000715937810, 0x0000000715a00000| 60%| S|CS|TAMS 0x0000000715800000| PB 0x0000000715800000| Complete 
|  98|0x0000000715a00000, 0x0000000715c00000, 0x0000000715c00000|100%| S|CS|TAMS 0x0000000715a00000| PB 0x0000000715a00000| Complete 
|  99|0x0000000715c00000, 0x0000000715e00000, 0x0000000715e00000|100%| S|CS|TAMS 0x0000000715c00000| PB 0x0000000715c00000| Complete 
| 103|0x0000000716400000, 0x0000000716600000, 0x0000000716600000|100%| S|CS|TAMS 0x0000000716400000| PB 0x0000000716400000| Complete 
| 104|0x0000000716600000, 0x0000000716800000, 0x0000000716800000|100%| S|CS|TAMS 0x0000000716600000| PB 0x0000000716600000| Complete 
| 105|0x0000000716800000, 0x0000000716a00000, 0x0000000716a00000|100%| S|CS|TAMS 0x0000000716800000| PB 0x0000000716800000| Complete 
| 106|0x0000000716a00000, 0x0000000716c00000, 0x0000000716c00000|100%| S|CS|TAMS 0x0000000716a00000| PB 0x0000000716a00000| Complete 
| 123|0x0000000718c00000, 0x0000000718ddefb0, 0x0000000718e00000| 93%| E|  |TAMS 0x0000000718c00000| PB 0x0000000718c00000| Complete 
|1972|0x00000007ffe00000, 0x00000007fff0c798, 0x0000000800000000| 52%| O|  |TAMS 0x00000007ffe00000| PB 0x00000007ffe00000| Untracked 

Card table byte_map: [0x00007f247004b000,0x00007f2470800000] _byte_map_base: 0x00007f246c800000

Marking Bits: (CMBitMap*) 0x00007f2488093570
 Bits: [0x00007f246c2a3000, 0x00007f247004b000)

Polling page: 0x00007f248ec07000

Metaspace:

Usage:
  Non-class:     18.04 MB used.
      Class:      2.82 MB used.
       Both:     20.85 MB used.

Virtual space:
  Non-class space:       64.00 MB reserved,      18.19 MB ( 28%) committed,  1 nodes.
      Class space:        1.00 GB reserved,       2.94 MB ( <1%) committed,  1 nodes.
             Both:        1.06 GB reserved,      21.12 MB (  2%) committed. 

Chunk freelists:
   Non-Class:  12.23 MB
       Class:  13.11 MB
        Both:  25.34 MB

MaxMetaspaceSize: unlimited
CompressedClassSpaceSize: 1.00 GB
Initial GC threshold: 21.00 MB
Current GC threshold: 35.25 MB
CDS: on
 - commit_granule_bytes: 65536.
 - commit_granule_words: 8192.
 - virtual_space_node_default_size: 8388608.
 - enlarge_chunks_in_place: 1.
 - use_allocation_guard: 0.


Internal statistics:

num_allocs_failed_limit: 3.
num_arena_births: 158.
num_arena_deaths: 0.
num_vsnodes_births: 2.
num_vsnodes_deaths: 0.
num_space_committed: 336.
num_space_uncommitted: 0.
num_chunks_returned_to_freelist: 3.
num_chunks_taken_from_freelist: 857.
num_chunk_merges: 3.
num_chunk_splits: 691.
num_chunks_enlarged: 619.
num_inconsistent_stats: 0.

CodeHeap 'non-profiled nmethods': size=120028Kb used=700Kb max_used=700Kb free=119327Kb
 bounds [0x00007f24782c9000, 0x00007f2478539000, 0x00007f247f800000]
CodeHeap 'profiled nmethods': size=120028Kb used=2512Kb max_used=2512Kb free=117515Kb
 bounds [0x00007f2470800000, 0x00007f2470a80000, 0x00007f2477d37000]
CodeHeap 'non-nmethods': size=5704Kb used=1420Kb max_used=1443Kb free=4283Kb
 bounds [0x00007f2477d37000, 0x00007f2477fa7000, 0x00007f24782c9000]
CodeCache: size=245760Kb, used=4632Kb, max_used=4655Kb, free=241125Kb
 total_blobs=2061, nmethods=1532, adapters=434, full_count=0
Compilation: enabled, stopped_count=0, restarted_count=0

Compilation events (20 events):
Event: 2.487 Thread 0x00007f2488176fc0 1504       3       sun.nio.fs.Util::followLinks (66 bytes)
Event: 2.488 Thread 0x00007f2488176fc0 nmethod 1504 0x00007f2470a69290 code [0x00007f2470a69480, 0x00007f2470a698d0]
Event: 2.488 Thread 0x00007f2488176fc0 1505       3       sun.nio.fs.UnixNativeDispatcher::copyToNativeBuffer (49 bytes)
Event: 2.489 Thread 0x00007f2488176fc0 nmethod 1505 0x00007f2470a69a90 code [0x00007f2470a69ca0, 0x00007f2470a6a128]
Event: 2.489 Thread 0x00007f2488176fc0 1506       3       sun.nio.fs.UnixPath::getByteArrayForSysCalls (48 bytes)
Event: 2.490 Thread 0x00007f2488176fc0 nmethod 1506 0x00007f2470a6a310 code [0x00007f2470a6a4e0, 0x00007f2470a6a9d0]
Event: 2.490 Thread 0x00007f2488176fc0 1507       3       sun.nio.fs.NativeBuffers::getNativeBufferFromCache (51 bytes)
Event: 2.491 Thread 0x00007f2488176fc0 nmethod 1507 0x00007f2470a6ab10 code [0x00007f2470a6ad00, 0x00007f2470a6b450]
Event: 2.491 Thread 0x00007f2488176fc0 1508       3       sun.nio.fs.NativeBuffers::copyCStringToNativeBuffer (67 bytes)
Event: 2.492 Thread 0x00007f2488176fc0 nmethod 1508 0x00007f2470a6b690 code [0x00007f2470a6b840, 0x00007f2470a6baa8]
Event: 2.503 Thread 0x00007f2488176fc0 1509       3       org.jetbrains.kotlin.protobuf.CodedInputStream::readRawVarint32 (233 bytes)
Event: 2.504 Thread 0x00007f2488176fc0 nmethod 1509 0x00007f2470a6bc10 code [0x00007f2470a6be00, 0x00007f2470a6c458]
Event: 2.507 Thread 0x00007f2488176fc0 1510       3       org.jetbrains.kotlin.protobuf.CodedInputStream::readTag (41 bytes)
Event: 2.508 Thread 0x00007f2488176fc0 nmethod 1510 0x00007f2470a6c610 code [0x00007f2470a6c800, 0x00007f2470a6cb90]
Event: 2.508 Thread 0x00007f2488176fc0 1511       3       org.jetbrains.kotlin.protobuf.CodedInputStream::isAtEnd (25 bytes)
Event: 2.509 Thread 0x00007f2488176fc0 nmethod 1511 0x00007f2470a6cd10 code [0x00007f2470a6cec0, 0x00007f2470a6d088]
Event: 2.509 Thread 0x00007f2488176fc0 1513       3       org.jetbrains.kotlin.protobuf.WireFormat::getTagFieldNumber (4 bytes)
Event: 2.509 Thread 0x00007f2488176fc0 nmethod 1513 0x00007f2470a6d110 code [0x00007f2470a6d2a0, 0x00007f2470a6d388]
Event: 2.509 Thread 0x00007f2488176fc0 1512       3       java.util.ArrayList::isEmpty (13 bytes)
Event: 2.510 Thread 0x00007f2488176fc0 nmethod 1512 0x00007f2470a6d410 code [0x00007f2470a6d5a0, 0x00007f2470a6d6f8]

GC Heap History (5 events):
Event: 0.910 GC heap before
{Heap before GC invocations=0 (full 0):
 garbage-first heap   total 256000K, used 25649K [0x0000000709600000, 0x0000000800000000)
  region size 2048K, 11 young (22528K), 0 survivors (0K)
 Metaspace       used 7056K, committed 7232K, reserved 1114112K
  class space    used 748K, committed 832K, reserved 1048576K
}
Event: 0.915 GC heap after
{Heap after GC invocations=1 (full 0):
 garbage-first heap   total 256000K, used 7969K [0x0000000709600000, 0x0000000800000000)
  region size 2048K, 2 young (4096K), 2 survivors (4096K)
 Metaspace       used 7056K, committed 7232K, reserved 1114112K
  class space    used 748K, committed 832K, reserved 1048576K
}
Event: 1.853 GC heap before
{Heap before GC invocations=1 (full 0):
 garbage-first heap   total 256000K, used 46881K [0x0000000709600000, 0x0000000800000000)
  region size 2048K, 21 young (43008K), 2 survivors (4096K)
 Metaspace       used 17624K, committed 17920K, reserved 1114112K
  class space    used 2280K, committed 2432K, reserved 1048576K
}
Event: 1.858 GC heap after
{Heap after GC invocations=2 (full 0):
 garbage-first heap   total 256000K, used 13750K [0x0000000709600000, 0x0000000800000000)
  region size 2048K, 3 young (6144K), 3 survivors (6144K)
 Metaspace       used 17624K, committed 17920K, reserved 1114112K
  class space    used 2280K, committed 2432K, reserved 1048576K
}
Event: 2.524 GC heap before
{Heap before GC invocations=2 (full 0):
 garbage-first heap   total 256000K, used 48566K [0x0000000709600000, 0x0000000800000000)
  region size 2048K, 20 young (40960K), 3 survivors (6144K)
 Metaspace       used 21272K, committed 21504K, reserved 1114112K
  class space    used 2876K, committed 3008K, reserved 1048576K
}

Dll operation events (7 events):
Event: 0.006 Loaded shared library /home/niel/.asdf/installs/java/adoptopenjdk-21.0.9+10.0.LTS/lib/libjava.so
Event: 0.072 Loaded shared library /home/niel/.asdf/installs/java/adoptopenjdk-21.0.9+10.0.LTS/lib/libjsvml.so
Event: 0.083 Loaded shared library /home/niel/.asdf/installs/java/adoptopenjdk-21.0.9+10.0.LTS/lib/libnio.so
Event: 0.140 Loaded shared library /home/niel/.asdf/installs/java/adoptopenjdk-21.0.9+10.0.LTS/lib/libzip.so
Event: 0.184 Loaded shared library /home/niel/.asdf/installs/java/adoptopenjdk-21.0.9+10.0.LTS/lib/libjimage.so
Event: 0.264 Loaded shared library /home/niel/.asdf/installs/java/adoptopenjdk-21.0.9+10.0.LTS/lib/libverify.so
Event: 0.350 Loaded shared library /tmp/libjansi-1.9.24-release-822-6186220869682047498.so

Deoptimization events (20 events):
Event: 2.146 Thread 0x00007f248802ad40 DEOPT PACKING pc=0x00007f2470a4be7c sp=0x00007f248d30d930
Event: 2.146 Thread 0x00007f248802ad40 DEOPT UNPACKING pc=0x00007f2477d8b72f sp=0x00007f248d30cec0 mode 0
Event: 2.146 Thread 0x00007f248802ad40 DEOPT PACKING pc=0x00007f2470a3ebd5 sp=0x00007f248d30dbd0
Event: 2.146 Thread 0x00007f248802ad40 DEOPT UNPACKING pc=0x00007f2477d8b72f sp=0x00007f248d30d0f0 mode 0
Event: 2.146 Thread 0x00007f248802ad40 DEOPT PACKING pc=0x00007f2470a3c273 sp=0x00007f248d30dce0
Event: 2.146 Thread 0x00007f248802ad40 DEOPT UNPACKING pc=0x00007f2477d8b72f sp=0x00007f248d30d218 mode 0
Event: 2.151 Thread 0x00007f248802ad40 DEOPT PACKING pc=0x00007f2470a4be7c sp=0x00007f248d30d930
Event: 2.151 Thread 0x00007f248802ad40 DEOPT UNPACKING pc=0x00007f2477d8b72f sp=0x00007f248d30cec0 mode 0
Event: 2.151 Thread 0x00007f248802ad40 DEOPT PACKING pc=0x00007f2470a3ebd5 sp=0x00007f248d30dbd0
Event: 2.151 Thread 0x00007f248802ad40 DEOPT UNPACKING pc=0x00007f2477d8b72f sp=0x00007f248d30d0f0 mode 0
Event: 2.156 Thread 0x00007f248802ad40 DEOPT PACKING pc=0x00007f2470a3ebd5 sp=0x00007f248d30dbd0
Event: 2.156 Thread 0x00007f248802ad40 DEOPT UNPACKING pc=0x00007f2477d8b72f sp=0x00007f248d30d0f0 mode 0
Event: 2.157 Thread 0x00007f248802ad40 DEOPT PACKING pc=0x00007f2470a3c273 sp=0x00007f248d30dce0
Event: 2.157 Thread 0x00007f248802ad40 DEOPT UNPACKING pc=0x00007f2477d8b72f sp=0x00007f248d30d218 mode 0
Event: 2.158 Thread 0x00007f248802ad40 DEOPT PACKING pc=0x00007f2470a4be7c sp=0x00007f248d30d930
Event: 2.158 Thread 0x00007f248802ad40 DEOPT UNPACKING pc=0x00007f2477d8b72f sp=0x00007f248d30cec0 mode 0
Event: 2.377 Thread 0x00007f248802ad40 Uncommon trap: trap_request=0xffffff45 fr.pc=0x00007f24782f74a0 relative=0x0000000000000640
Event: 2.377 Thread 0x00007f248802ad40 Uncommon trap: reason=unstable_if action=reinterpret pc=0x00007f24782f74a0 method=java.lang.AbstractStringBuilder.append(Ljava/lang/String;)Ljava/lang/AbstractStringBuilder; @ 1 c2
Event: 2.377 Thread 0x00007f248802ad40 DEOPT PACKING pc=0x00007f24782f74a0 sp=0x00007f248d30d350
Event: 2.377 Thread 0x00007f248802ad40 DEOPT UNPACKING pc=0x00007f2477d8af99 sp=0x00007f248d30d2d0 mode 2

Classes loaded (20 events):
Event: 2.011 Loading class sun/nio/cs/ThreadLocalCoders$2
Event: 2.011 Loading class sun/nio/cs/ThreadLocalCoders$2 done
Event: 2.021 Loading class java/beans/PropertyChangeSupport
Event: 2.022 Loading class java/beans/PropertyChangeSupport done
Event: 2.022 Loading class java/beans/PropertyChangeSupport$PropertyChangeListenerMap
Event: 2.022 Loading class java/beans/ChangeListenerMap
Event: 2.022 Loading class java/beans/ChangeListenerMap done
Event: 2.022 Loading class java/beans/PropertyChangeSupport$PropertyChangeListenerMap done
Event: 2.022 Loading class java/beans/PropertyChangeListener
Event: 2.022 Loading class java/beans/PropertyChangeListener done
Event: 2.055 Loading class java/lang/reflect/TypeVariable
Event: 2.056 Loading class java/lang/reflect/TypeVariable done
Event: 2.056 Loading class java/lang/reflect/AnnotatedType
Event: 2.056 Loading class java/lang/reflect/AnnotatedType done
Event: 2.422 Loading class java/util/Formatter$FixedString
Event: 2.423 Loading class java/util/Formatter$FixedString done
Event: 2.445 Loading class jdk/internal/foreign/MemorySessionImpl
Event: 2.446 Loading class java/lang/foreign/MemorySegment$Scope
Event: 2.446 Loading class java/lang/foreign/MemorySegment$Scope done
Event: 2.446 Loading class jdk/internal/foreign/MemorySessionImpl done

Classes unloaded (0 events):
No events

Classes redefined (0 events):
No events

Internal exceptions (20 events):
Event: 0.955 Thread 0x00007f248802ad40 Exception <a 'java/lang/NoSuchMethodError'{0x0000000718af46f8}: 'long java.lang.invoke.DirectMethodHandle$Holder.invokeStaticInit(java.lang.Object)'> (0x0000000718af46f8) 
thrown [src/hotspot/share/interpreter/linkResolver.cpp, line 772]
Event: 0.989 Thread 0x00007f248802ad40 Exception <a 'java/lang/NoSuchMethodError'{0x00000007188a3640}: 'int java.lang.invoke.DirectMethodHandle$Holder.invokeStaticInit(java.lang.Object, java.lang.Object, java.lang.Object, java.lang.Object)'> (0x00000007188a3640) 
thrown [src/hotspot/share/interpreter/linkResolver.cpp, line 772]
Event: 1.023 Thread 0x00007f248802ad40 Exception <a 'java/lang/NoSuchMethodError'{0x0000000718662ba0}: 'long java.lang.invoke.Invokers$Holder.invoke_MT(java.lang.Object, java.lang.Object, java.lang.Object, java.lang.Object)'> (0x0000000718662ba0) 
thrown [src/hotspot/share/interpreter/linkResolver.cpp, line 772]
Event: 1.026 Thread 0x00007f248802ad40 Exception <a 'java/lang/NoSuchMethodError'{0x000000071866aed8}: 'int java.lang.invoke.DirectMethodHandle$Holder.invokeSpecial(java.lang.Object, java.lang.Object, java.lang.Object, java.lang.Object)'> (0x000000071866aed8) 
thrown [src/hotspot/share/interpreter/linkResolver.cpp, line 772]
Event: 1.026 Thread 0x00007f248802ad40 Exception <a 'java/lang/NoSuchMethodError'{0x000000071866e2e0}: 'int java.lang.invoke.Invokers$Holder.invoke_MT(java.lang.Object, java.lang.Object, java.lang.Object, java.lang.Object)'> (0x000000071866e2e0) 
thrown [src/hotspot/share/interpreter/linkResolver.cpp, line 772]
Event: 1.028 Thread 0x00007f248802ad40 Exception <a 'java/lang/NoSuchMethodError'{0x000000071867cf08}: 'void java.lang.invoke.DelegatingMethodHandle$Holder.reinvoke_L(java.lang.Object, java.lang.Object, java.lang.Object, long, java.lang.Object)'> (0x000000071867cf08) 
thrown [src/hotspot/share/interpreter/linkResolver.cpp, line 772]
Event: 1.029 Thread 0x00007f248802ad40 Exception <a 'java/lang/NoSuchMethodError'{0x0000000718684800}: 'java.lang.Object java.lang.invoke.DirectMethodHandle$Holder.invokeSpecial(java.lang.Object, java.lang.Object, java.lang.Object, java.lang.Object, long)'> (0x0000000718684800) 
thrown [src/hotspot/share/interpreter/linkResolver.cpp, line 772]
Event: 1.032 Thread 0x00007f248802ad40 Exception <a 'java/lang/NoSuchMethodError'{0x0000000718693470}: 'int java.lang.invoke.DelegatingMethodHandle$Holder.reinvoke_L(java.lang.Object, java.lang.Object, java.lang.Object, long, java.lang.Object, java.lang.Object)'> (0x0000000718693470) 
thrown [src/hotspot/share/interpreter/linkResolver.cpp, line 772]
Event: 1.034 Thread 0x00007f248802ad40 Exception <a 'java/lang/NoSuchMethodError'{0x00000007186a1868}: 'int java.lang.invoke.DelegatingMethodHandle$Holder.reinvoke_L(java.lang.Object, java.lang.Object, java.lang.Object, long, int, int)'> (0x00000007186a1868) 
thrown [src/hotspot/share/interpreter/linkResolver.cpp, line 772]
Event: 1.037 Thread 0x00007f248802ad40 Exception <a 'java/lang/NoSuchMethodError'{0x00000007186afa10}: 'int java.lang.invoke.DelegatingMethodHandle$Holder.reinvoke_L(java.lang.Object, java.lang.Object, java.lang.Object, long, long, long)'> (0x00000007186afa10) 
thrown [src/hotspot/share/interpreter/linkResolver.cpp, line 772]
Event: 1.039 Thread 0x00007f248802ad40 Exception <a 'java/lang/NoSuchMethodError'{0x00000007186bdbc8}: 'int java.lang.invoke.DelegatingMethodHandle$Holder.reinvoke_L(java.lang.Object, java.lang.Object, java.lang.Object, long, int)'> (0x00000007186bdbc8) 
thrown [src/hotspot/share/interpreter/linkResolver.cpp, line 772]
Event: 1.062 Thread 0x00007f248802ad40 Exception <a 'java/lang/NoSuchMethodError'{0x000000071875fd18}: 'int java.lang.invoke.DirectMethodHandle$Holder.invokeStaticInit(java.lang.Object, java.lang.Object, java.lang.Object)'> (0x000000071875fd18) 
thrown [src/hotspot/share/interpreter/linkResolver.cpp, line 772]
Event: 1.068 Thread 0x00007f248802ad40 Exception <a 'java/lang/NoSuchMethodError'{0x0000000718785140}: 'int java.lang.invoke.DirectMethodHandle$Holder.invokeStaticInit(java.lang.Object, java.lang.Object)'> (0x0000000718785140) 
thrown [src/hotspot/share/interpreter/linkResolver.cpp, line 772]
Event: 1.211 Thread 0x00007f248802ad40 Exception <a 'java/lang/NoSuchMethodError'{0x0000000718356da8}: 'void java.lang.invoke.DirectMethodHandle$Holder.invokeStatic(java.lang.Object, java.lang.Object, java.lang.Object, java.lang.Object)'> (0x0000000718356da8) 
thrown [src/hotspot/share/interpreter/linkResolver.cpp, line 772]
Event: 1.319 Thread 0x00007f248802ad40 Exception <a 'java/lang/NoSuchMethodError'{0x0000000717ef3270}: 'void java.lang.invoke.DirectMethodHandle$Holder.invokeStaticInit(java.lang.Object, java.lang.Object)'> (0x0000000717ef3270) 
thrown [src/hotspot/share/interpreter/linkResolver.cpp, line 772]
Event: 1.439 Thread 0x00007f248802ad40 Exception <a 'java/lang/NoSuchMethodError'{0x0000000717a62dc8}: 'void java.lang.invoke.Invokers$Holder.invokeExact_MT(java.lang.Object, int, java.lang.Object)'> (0x0000000717a62dc8) 
thrown [src/hotspot/share/interpreter/linkResolver.cpp, line 772]
Event: 1.599 Thread 0x00007f248802ad40 Exception <a 'java/lang/NoSuchMethodError'{0x00000007173a3be8}: 'void java.lang.invoke.DirectMethodHandle$Holder.invokeVirtual(java.lang.Object, java.lang.Object)'> (0x00000007173a3be8) 
thrown [src/hotspot/share/interpreter/linkResolver.cpp, line 772]
Event: 1.611 Thread 0x00007f248802ad40 Exception <a 'java/lang/NoSuchMethodError'{0x00000007173ed050}: 'int java.lang.invoke.DirectMethodHandle$Holder.invokeVirtual(java.lang.Object, java.lang.Object)'> (0x00000007173ed050) 
thrown [src/hotspot/share/interpreter/linkResolver.cpp, line 772]
Event: 1.648 Thread 0x00007f248802ad40 Exception <a 'java/lang/NoSuchMethodError'{0x000000071709efc8}: 'java.lang.Object java.lang.invoke.Invokers$Holder.invokeExact_MT(java.lang.Object, java.lang.Object, java.lang.Object, java.lang.Object, java.lang.Object, java.lang.Object)'> (0x000000071709efc8) 
thrown [src/hotspot/share/interpreter/linkResolver.cpp, line 772]
Event: 2.377 Thread 0x00007f248802ad40 Implicit null exception at 0x00007f24782f6ea0 to 0x00007f24782f7488

ZGC Phase Switch (0 events):
No events

VM Operations (11 events):
Event: 0.742 Executing VM operation: HandshakeAllThreads (Deoptimize)
Event: 0.742 Executing VM operation: HandshakeAllThreads (Deoptimize) done
Event: 0.910 Executing VM operation: G1CollectForAllocation (G1 Evacuation Pause)
Event: 0.915 Executing VM operation: G1CollectForAllocation (G1 Evacuation Pause) done
Event: 1.853 Executing VM operation: G1CollectForAllocation (G1 Evacuation Pause)
Event: 1.858 Executing VM operation: G1CollectForAllocation (G1 Evacuation Pause) done
Event: 1.990 Executing VM operation: HandshakeAllThreads (Deoptimize)
Event: 1.990 Executing VM operation: HandshakeAllThreads (Deoptimize) done
Event: 1.990 Executing VM operation: HandshakeAllThreads (Deoptimize)
Event: 1.990 Executing VM operation: HandshakeAllThreads (Deoptimize) done
Event: 2.524 Executing VM operation: CollectForMetadataAllocation (Metadata GC Threshold)

Memory protections (13 events):
Event: 0.004 Protecting memory [0x00007f248d210000,0x00007f248d214000] with protection modes 0
Event: 0.066 Protecting memory [0x00007f24610f4000,0x00007f24610f8000] with protection modes 0
Event: 0.067 Protecting memory [0x00007f2460d00000,0x00007f2460d04000] with protection modes 0
Event: 0.068 Protecting memory [0x00007f2460bff000,0x00007f2460c03000] with protection modes 0
Event: 0.068 Protecting memory [0x00007f2460afe000,0x00007f2460b02000] with protection modes 0
Event: 0.069 Protecting memory [0x00007f24609fd000,0x00007f2460a01000] with protection modes 0
Event: 0.069 Protecting memory [0x00007f24608fc000,0x00007f2460900000] with protection modes 0
Event: 0.069 Protecting memory [0x00007f24607fb000,0x00007f24607ff000] with protection modes 0
Event: 0.078 Protecting memory [0x00007f246062a000,0x00007f246062e000] with protection modes 0
Event: 0.080 Protecting memory [0x00007f2460529000,0x00007f246052d000] with protection modes 0
Event: 0.119 Protecting memory [0x00007f2460428000,0x00007f246042c000] with protection modes 0
Event: 0.119 Protecting memory [0x00007f2460327000,0x00007f246032b000] with protection modes 0
Event: 1.775 Protecting memory [0x00007f2412f00000,0x00007f2412f04000] with protection modes 0

Nmethod flushes (0 events):
No events

Events (15 events):
Event: 0.048 Thread 0x00007f248802ad40 Thread added: 0x00007f248802ad40
Event: 0.066 Thread 0x00007f248802ad40 Thread added: 0x00007f248816e540
Event: 0.067 Thread 0x00007f248802ad40 Thread added: 0x00007f248816faa0
Event: 0.068 Thread 0x00007f248802ad40 Thread added: 0x00007f2488171220
Event: 0.068 Thread 0x00007f248802ad40 Thread added: 0x00007f2488172850
Event: 0.069 Thread 0x00007f248802ad40 Thread added: 0x00007f2488173de0
Event: 0.069 Thread 0x00007f248802ad40 Thread added: 0x00007f2488175910
Event: 0.069 Thread 0x00007f248802ad40 Thread added: 0x00007f2488176fc0
Event: 0.078 Thread 0x00007f248802ad40 Thread added: 0x00007f2488183530
Event: 0.080 Thread 0x00007f248802ad40 Thread added: 0x00007f2488186820
Event: 0.119 Thread 0x00007f2488175910 Thread added: 0x00007f23e80a7600
Event: 0.119 Thread 0x00007f2488175910 Thread added: 0x00007f23e80a8900
Event: 0.816 Thread 0x00007f23e80a8900 Thread exited: 0x00007f23e80a8900
Event: 0.821 Thread 0x00007f23e80a7600 Thread exited: 0x00007f23e80a7600
Event: 1.775 Thread 0x00007f2488176fc0 Thread added: 0x00007f23ec10ca10


Dynamic libraries:
709600000-70d400000 rw-p 00000000 00:00 0 
70d400000-715800000 ---p 00000000 00:00 0 
715800000-715e00000 rw-p 00000000 00:00 0 
715e00000-716400000 ---p 00000000 00:00 0 
716400000-716c00000 rw-p 00000000 00:00 0 
716c00000-718c00000 ---p 00000000 00:00 0 
718c00000-718e00000 rw-p 00000000 00:00 0 
718e00000-7ffe00000 ---p 00000000 00:00 0 
7ffe00000-7fff0d000 rw-p 00cdf000 00:1d 6430153                          /home/niel/.asdf/installs/java/adoptopenjdk-21.0.9+10.0.LTS/lib/server/classes.jsa
7fff0d000-800000000 rw-p 00000000 00:00 0 
559329970000-559329971000 r-xp 00000000 00:1d 6429666                    /home/niel/.asdf/installs/java/adoptopenjdk-21.0.9+10.0.LTS/bin/java
559329972000-559329973000 r--p 00001000 00:1d 6429666                    /home/niel/.asdf/installs/java/adoptopenjdk-21.0.9+10.0.LTS/bin/java
559329973000-559329974000 rw-p 00002000 00:1d 6429666                    /home/niel/.asdf/installs/java/adoptopenjdk-21.0.9+10.0.LTS/bin/java
559354920000-559354967000 rw-p 00000000 00:00 0                          [heap]
7f23b8000000-7f23b8021000 rw-p 00000000 00:00 0 
7f23b8021000-7f23bc000000 ---p 00000000 00:00 0 
7f23c0000000-7f23c0021000 rw-p 00000000 00:00 0 
7f23c0021000-7f23c4000000 ---p 00000000 00:00 0 
7f23c4000000-7f23c4021000 rw-p 00000000 00:00 0 
7f23c4021000-7f23c8000000 ---p 00000000 00:00 0 
7f23c8000000-7f23c8021000 rw-p 00000000 00:00 0 
7f23c8021000-7f23cc000000 ---p 00000000 00:00 0 
7f23cc000000-7f23cc619000 rw-p 00000000 00:00 0 
7f23cc619000-7f23d0000000 ---p 00000000 00:00 0 
7f23d0000000-7f23d0021000 rw-p 00000000 00:00 0 
7f23d0021000-7f23d4000000 ---p 00000000 00:00 0 
7f23d4000000-7f23d4021000 rw-p 00000000 00:00 0 
7f23d4021000-7f23d8000000 ---p 00000000 00:00 0 
7f23d8000000-7f23d80b5000 rw-p 00000000 00:00 0 
7f23d80b5000-7f23dc000000 ---p 00000000 00:00 0 
7f23dc000000-7f23dc05b000 rw-p 00000000 00:00 0 
7f23dc05b000-7f23e0000000 ---p 00000000 00:00 0 
7f23e0000000-7f23e0021000 rw-p 00000000 00:00 0 
7f23e0021000-7f23e4000000 ---p 00000000 00:00 0 
7f23e4000000-7f23e4021000 rw-p 00000000 00:00 0 
7f23e4021000-7f23e8000000 ---p 00000000 00:00 0 
7f23e8000000-7f23e8553000 rw-p 00000000 00:00 0 
7f23e8553000-7f23ec000000 ---p 00000000 00:00 0 
7f23ec000000-7f23ec250000 rw-p 00000000 00:00 0 
7f23ec250000-7f23f0000000 ---p 00000000 00:00 0 
7f23f0000000-7f23f0021000 rw-p 00000000 00:00 0 
7f23f0021000-7f23f4000000 ---p 00000000 00:00 0 
7f23f4000000-7f23f4021000 rw-p 00000000 00:00 0 
7f23f4021000-7f23f8000000 ---p 00000000 00:00 0 
7f23f8000000-7f23f8021000 rw-p 00000000 00:00 0 
7f23f8021000-7f23fc000000 ---p 00000000 00:00 0 
7f23fc000000-7f23fc021000 rw-p 00000000 00:00 0 
7f23fc021000-7f2400000000 ---p 00000000 00:00 0 
7f2400000000-7f2400021000 rw-p 00000000 00:00 0 
7f2400021000-7f2404000000 ---p 00000000 00:00 0 
7f2404000000-7f2404021000 rw-p 00000000 00:00 0 
7f2404021000-7f2408000000 ---p 00000000 00:00 0 
7f2408000000-7f2408260000 rw-p 00000000 00:00 0 
7f2408260000-7f2408400000 ---p 00000000 00:00 0 
7f2408400000-7f24090e0000 rw-p 00000000 00:00 0 
7f24090e0000-7f24093d0000 rw-p 00000000 00:00 0 
7f24093d0000-7f240c000000 ---p 00000000 00:00 0 
7f240c000000-7f240c021000 rw-p 00000000 00:00 0 
7f240c021000-7f2410000000 ---p 00000000 00:00 0 
7f2412491000-7f2412492000 ---p 00000000 00:00 0 
7f2412492000-7f2412592000 rw-p 00000000 00:00 0 
7f2412592000-7f24129fe000 rw-p 00000000 00:00 0 
7f24129fe000-7f24129ff000 ---p 00000000 00:00 0 
7f24129ff000-7f2412aff000 rw-p 00000000 00:00 0 
7f2412aff000-7f2412b00000 ---p 00000000 00:00 0 
7f2412b00000-7f2412c00000 rw-p 00000000 00:00 0 
7f2412c00000-7f2412c03000 r-xp 00000000 00:2d 11028                      /tmp/libjansi-1.9.24-release-822-6186220869682047498.so
7f2412c03000-7f2412e02000 ---p 00003000 00:2d 11028                      /tmp/libjansi-1.9.24-release-822-6186220869682047498.so
7f2412e02000-7f2412e03000 rw-p 00002000 00:2d 11028                      /tmp/libjansi-1.9.24-release-822-6186220869682047498.so
7f2412eff000-7f2412f00000 ---p 00000000 00:00 0 
7f2412f00000-7f2412f04000 ---p 00000000 00:00 0 
7f2412f04000-7f2413000000 rw-p 00000000 00:00 0 
7f2413000000-7f2413ca0000 rw-p 00001000 00:1d 6430153                    /home/niel/.asdf/installs/java/adoptopenjdk-21.0.9+10.0.LTS/lib/server/classes.jsa
7f2413ca0000-7f2414000000 ---p 00000000 00:00 0 
7f2414000000-7f2414040000 rw-p 00000000 00:00 0 
7f2414040000-7f2414080000 rw-p 00000000 00:00 0 
7f2414080000-7f24142f0000 rw-p 00000000 00:00 0 
7f24142f0000-7f2454000000 ---p 00000000 00:00 0 
7f2454000000-7f2454021000 rw-p 00000000 00:00 0 
7f2454021000-7f2458000000 ---p 00000000 00:00 0 
7f2458000000-7f2458021000 rw-p 00000000 00:00 0 
7f2458021000-7f245c000000 ---p 00000000 00:00 0 
7f245c000000-7f245c021000 rw-p 00000000 00:00 0 
7f245c021000-7f2460000000 ---p 00000000 00:00 0 
7f2460023000-7f2460024000 ---p 00000000 00:00 0 
7f2460024000-7f2460124000 rw-p 00000000 00:00 0 
7f2460124000-7f2460125000 ---p 00000000 00:00 0 
7f2460125000-7f2460225000 rw-p 00000000 00:00 0 
7f2460225000-7f2460226000 ---p 00000000 00:00 0 
7f2460226000-7f2460326000 rw-p 00000000 00:00 0 
7f2460326000-7f2460327000 ---p 00000000 00:00 0 
7f2460327000-7f246032b000 ---p 00000000 00:00 0 
7f246032b000-7f2460427000 rw-p 00000000 00:00 0 
7f2460427000-7f2460428000 ---p 00000000 00:00 0 
7f2460428000-7f246042c000 ---p 00000000 00:00 0 
7f246042c000-7f2460528000 rw-p 00000000 00:00 0 
7f2460528000-7f2460529000 ---p 00000000 00:00 0 
7f2460529000-7f246052d000 ---p 00000000 00:00 0 
7f246052d000-7f2460629000 rw-p 00000000 00:00 0 
7f2460629000-7f246062a000 ---p 00000000 00:00 0 
7f246062a000-7f246062e000 ---p 00000000 00:00 0 
7f246062e000-7f246072a000 rw-p 00000000 00:00 0 
7f246072a000-7f24607f8000 r-xp 00000000 00:1d 6430121                    /home/niel/.asdf/installs/java/adoptopenjdk-21.0.9+10.0.LTS/lib/libjsvml.so
7f24607f8000-7f24607f9000 r--p 000cd000 00:1d 6430121                    /home/niel/.asdf/installs/java/adoptopenjdk-21.0.9+10.0.LTS/lib/libjsvml.so
7f24607f9000-7f24607fa000 rw-p 000ce000 00:1d 6430121                    /home/niel/.asdf/installs/java/adoptopenjdk-21.0.9+10.0.LTS/lib/libjsvml.so
7f24607fa000-7f24607fb000 ---p 00000000 00:00 0 
7f24607fb000-7f24607ff000 ---p 00000000 00:00 0 
7f24607ff000-7f24608fb000 rw-p 00000000 00:00 0 
7f24608fb000-7f24608fc000 ---p 00000000 00:00 0 
7f24608fc000-7f2460900000 ---p 00000000 00:00 0 
7f2460900000-7f24609fc000 rw-p 00000000 00:00 0 
7f24609fc000-7f24609fd000 ---p 00000000 00:00 0 
7f24609fd000-7f2460a01000 ---p 00000000 00:00 0 
7f2460a01000-7f2460afd000 rw-p 00000000 00:00 0 
7f2460afd000-7f2460afe000 ---p 00000000 00:00 0 
7f2460afe000-7f2460b02000 ---p 00000000 00:00 0 
7f2460b02000-7f2460bfe000 rw-p 00000000 00:00 0 
7f2460bfe000-7f2460bff000 ---p 00000000 00:00 0 
7f2460bff000-7f2460c03000 ---p 00000000 00:00 0 
7f2460c03000-7f2460cff000 rw-p 00000000 00:00 0 
7f2460cff000-7f2460d00000 ---p 00000000 00:00 0 
7f2460d00000-7f2460d04000 ---p 00000000 00:00 0 
7f2460d04000-7f2460e00000 rw-p 00000000 00:00 0 
7f2460e00000-7f24610ed000 r--p 00000000 00:1d 13605863                   /usr/lib/locale/locale-archive
7f24610f3000-7f24610f4000 ---p 00000000 00:00 0 
7f24610f4000-7f24610f8000 ---p 00000000 00:00 0 
7f24610f8000-7f24611f4000 rw-p 00000000 00:00 0 
7f24611f4000-7f24611f5000 ---p 00000000 00:00 0 
7f24611f5000-7f24612f5000 rw-p 00000000 00:00 0 
7f24612f5000-7f24612f6000 ---p 00000000 00:00 0 
7f24612f6000-7f24613f6000 rw-p 00000000 00:00 0 
7f24613f6000-7f24613f7000 ---p 00000000 00:00 0 
7f24613f7000-7f24614f7000 rw-p 00000000 00:00 0 
7f24614f7000-7f24614f8000 ---p 00000000 00:00 0 
7f24614f8000-7f24615f8000 rw-p 00000000 00:00 0 
7f24615f8000-7f2463e00000 rw-p 00000000 00:00 0 
7f2463e7e000-7f2463eff000 rw-p 00000000 00:00 0 
7f2463eff000-7f2463f00000 ---p 00000000 00:00 0 
7f2463f00000-7f2464000000 rw-p 00000000 00:00 0 
7f2464000000-7f2464021000 rw-p 00000000 00:00 0 
7f2464021000-7f2468000000 ---p 00000000 00:00 0 
7f2468000000-7f2468021000 rw-p 00000000 00:00 0 
7f2468021000-7f246c000000 ---p 00000000 00:00 0 
7f246c000000-7f246c021000 rw-p 00000000 00:00 0 
7f246c021000-7f246c022000 ---p 00000000 00:00 0 
7f246c022000-7f246c122000 rw-p 00000000 00:00 0 
7f246c122000-7f246c123000 ---p 00000000 00:00 0 
7f246c123000-7f246c223000 rw-p 00000000 00:00 0 
7f246c223000-7f246c39b000 rw-p 00000000 00:00 0 
7f246c39b000-7f246c5ab000 ---p 00000000 00:00 0 
7f246c5ab000-7f246c5c3000 rw-p 00000000 00:00 0 
7f246c5c3000-7f246c5db000 ---p 00000000 00:00 0 
7f246c5db000-7f246c5fb000 rw-p 00000000 00:00 0 
7f246c5fb000-7f246c67b000 ---p 00000000 00:00 0 
7f246c67b000-7f246c683000 rw-p 00000000 00:00 0 
7f246c683000-7f2470043000 ---p 00000000 00:00 0 
7f2470043000-7f247006a000 rw-p 00000000 00:00 0 
7f247006a000-7f24700ac000 ---p 00000000 00:00 0 
7f24700ac000-7f24700af000 rw-p 00000000 00:00 0 
7f24700af000-7f24700b2000 ---p 00000000 00:00 0 
7f24700b2000-7f24700b6000 rw-p 00000000 00:00 0 
7f24700b6000-7f24700c6000 ---p 00000000 00:00 0 
7f24700c6000-7f24700c7000 rw-p 00000000 00:00 0 
7f24700c7000-7f24707ff000 ---p 00000000 00:00 0 
7f24707ff000-7f2470800000 rw-p 00000000 00:00 0 
7f2470800000-7f2470a80000 rwxp 00000000 00:00 0 
7f2470a80000-7f2477d37000 ---p 00000000 00:00 0 
7f2477d37000-7f2477fa7000 rwxp 00000000 00:00 0 
7f2477fa7000-7f24782c9000 ---p 00000000 00:00 0 
7f24782c9000-7f2478539000 rwxp 00000000 00:00 0 
7f2478539000-7f247f800000 ---p 00000000 00:00 0 
7f247f800000-7f2487f8b000 r--s 00000000 00:1d 6430137                    /home/niel/.asdf/installs/java/adoptopenjdk-21.0.9+10.0.LTS/lib/modules
7f2487fa5000-7f2488e9d000 rw-p 00000000 00:00 0 
7f2488e9d000-7f248c000000 ---p 00000000 00:00 0 
7f248c018000-7f248c01f000 r--s 00000000 00:1d 13596111                   /usr/lib/x86_64-linux-gnu/gconv/gconv-modules.cache
7f248c01f000-7f248c03a000 r-xp 00000000 00:1d 6430124                    /home/niel/.asdf/installs/java/adoptopenjdk-21.0.9+10.0.LTS/lib/libzip.so
7f248c03a000-7f248c03b000 r--p 0001a000 00:1d 6430124                    /home/niel/.asdf/installs/java/adoptopenjdk-21.0.9+10.0.LTS/lib/libzip.so
7f248c03b000-7f248c03c000 rw-p 0001b000 00:1d 6430124                    /home/niel/.asdf/installs/java/adoptopenjdk-21.0.9+10.0.LTS/lib/libzip.so
7f248c03c000-7f248c09c000 rw-p 00000000 00:00 0 
7f248c09c000-7f248c0de000 ---p 00000000 00:00 0 
7f248c0de000-7f248c0e1000 rw-p 00000000 00:00 0 
7f248c0e1000-7f248c0e4000 ---p 00000000 00:00 0 
7f248c0e4000-7f248c0e8000 rw-p 00000000 00:00 0 
7f248c0e8000-7f248c0f8000 ---p 00000000 00:00 0 
7f248c0f8000-7f248c0f9000 rw-p 00000000 00:00 0 
7f248c0f9000-7f248c831000 ---p 00000000 00:00 0 
7f248c831000-7f248d03f000 rw-p 00000000 00:00 0 
7f248d03f000-7f248d125000 ---p 00000000 00:00 0 
7f248d125000-7f248d12a000 rw-p 00000000 00:00 0 
7f248d12a000-7f248d210000 ---p 00000000 00:00 0 
7f248d210000-7f248d214000 ---p 00000000 00:00 0 
7f248d214000-7f248d310000 rw-p 00000000 00:00 0 
7f248d310000-7f248d321000 r--p 00000000 00:1d 13596125                   /usr/lib/x86_64-linux-gnu/libm.so.6
7f248d321000-7f248d39e000 r-xp 00011000 00:1d 13596125                   /usr/lib/x86_64-linux-gnu/libm.so.6
7f248d39e000-7f248d3fe000 r--p 0008e000 00:1d 13596125                   /usr/lib/x86_64-linux-gnu/libm.so.6
7f248d3fe000-7f248d3ff000 r--p 000ed000 00:1d 13596125                   /usr/lib/x86_64-linux-gnu/libm.so.6
7f248d3ff000-7f248d400000 rw-p 000ee000 00:1d 13596125                   /usr/lib/x86_64-linux-gnu/libm.so.6
7f248d400000-7f248e81d000 r-xp 00000000 00:1d 6430156                    /home/niel/.asdf/installs/java/adoptopenjdk-21.0.9+10.0.LTS/lib/server/libjvm.so
7f248e81d000-7f248e8f2000 r--p 0141c000 00:1d 6430156                    /home/niel/.asdf/installs/java/adoptopenjdk-21.0.9+10.0.LTS/lib/server/libjvm.so
7f248e8f2000-7f248e922000 rw-p 014f1000 00:1d 6430156                    /home/niel/.asdf/installs/java/adoptopenjdk-21.0.9+10.0.LTS/lib/server/libjvm.so
7f248e922000-7f248e988000 rw-p 00000000 00:00 0 
7f248e98b000-7f248e98c000 r--p 00000000 00:1d 13596138                   /usr/lib/x86_64-linux-gnu/libutil.so.1
7f248e98c000-7f248e98d000 r-xp 00001000 00:1d 13596138                   /usr/lib/x86_64-linux-gnu/libutil.so.1
7f248e98d000-7f248e98e000 r--p 00002000 00:1d 13596138                   /usr/lib/x86_64-linux-gnu/libutil.so.1
7f248e98e000-7f248e98f000 r--p 00002000 00:1d 13596138                   /usr/lib/x86_64-linux-gnu/libutil.so.1
7f248e98f000-7f248e990000 rw-p 00003000 00:1d 13596138                   /usr/lib/x86_64-linux-gnu/libutil.so.1
7f248e990000-7f248e99d000 r-xp 00000000 00:1d 6430146                    /home/niel/.asdf/installs/java/adoptopenjdk-21.0.9+10.0.LTS/lib/libverify.so
7f248e99d000-7f248e99f000 r--p 0000c000 00:1d 6430146                    /home/niel/.asdf/installs/java/adoptopenjdk-21.0.9+10.0.LTS/lib/libverify.so
7f248e99f000-7f248e9a0000 rw-p 0000e000 00:1d 6430146                    /home/niel/.asdf/installs/java/adoptopenjdk-21.0.9+10.0.LTS/lib/libverify.so
7f248e9a0000-7f248e9ac000 r-xp 00000000 00:1d 6430111                    /home/niel/.asdf/installs/java/adoptopenjdk-21.0.9+10.0.LTS/lib/libnet.so
7f248e9ac000-7f248e9ad000 r--p 0000b000 00:1d 6430111                    /home/niel/.asdf/installs/java/adoptopenjdk-21.0.9+10.0.LTS/lib/libnet.so
7f248e9ad000-7f248e9ae000 rw-p 0000c000 00:1d 6430111                    /home/niel/.asdf/installs/java/adoptopenjdk-21.0.9+10.0.LTS/lib/libnet.so
7f248e9ae000-7f248e9c2000 r-xp 00000000 00:1d 6430134                    /home/niel/.asdf/installs/java/adoptopenjdk-21.0.9+10.0.LTS/lib/libnio.so
7f248e9c2000-7f248e9c3000 r--p 00013000 00:1d 6430134                    /home/niel/.asdf/installs/java/adoptopenjdk-21.0.9+10.0.LTS/lib/libnio.so
7f248e9c3000-7f248e9c4000 rw-p 00014000 00:1d 6430134                    /home/niel/.asdf/installs/java/adoptopenjdk-21.0.9+10.0.LTS/lib/libnio.so
7f248e9c4000-7f248e9c9000 rw-p 00000000 00:00 0 
7f248e9c9000-7f248e9d0000 ---p 00000000 00:00 0 
7f248e9d0000-7f248e9f0000 r-xp 00000000 00:1d 6430164                    /home/niel/.asdf/installs/java/adoptopenjdk-21.0.9+10.0.LTS/lib/libjava.so
7f248e9f0000-7f248e9f1000 ---p 00020000 00:1d 6430164                    /home/niel/.asdf/installs/java/adoptopenjdk-21.0.9+10.0.LTS/lib/libjava.so
7f248e9f1000-7f248e9f2000 r--p 00020000 00:1d 6430164                    /home/niel/.asdf/installs/java/adoptopenjdk-21.0.9+10.0.LTS/lib/libjava.so
7f248e9f2000-7f248e9f3000 rw-p 00021000 00:1d 6430164                    /home/niel/.asdf/installs/java/adoptopenjdk-21.0.9+10.0.LTS/lib/libjava.so
7f248e9f3000-7f248e9f4000 rw-p 00000000 00:00 0 
7f248e9f4000-7f248e9fc000 rw-s 00000000 00:2d 11027                      /tmp/hsperfdata_niel/558429
7f248e9fc000-7f248e9fd000 r--p 00000000 00:1d 13596136                   /usr/lib/x86_64-linux-gnu/librt.so.1
7f248e9fd000-7f248e9fe000 r-xp 00001000 00:1d 13596136                   /usr/lib/x86_64-linux-gnu/librt.so.1
7f248e9fe000-7f248e9ff000 r--p 00002000 00:1d 13596136                   /usr/lib/x86_64-linux-gnu/librt.so.1
7f248e9ff000-7f248ea00000 r--p 00002000 00:1d 13596136                   /usr/lib/x86_64-linux-gnu/librt.so.1
7f248ea00000-7f248ea01000 rw-p 00003000 00:1d 13596136                   /usr/lib/x86_64-linux-gnu/librt.so.1
7f248ea01000-7f248ea05000 rw-p 00000000 00:00 0 
7f248ea05000-7f248ea2d000 r--p 00000000 00:1d 13596122                   /usr/lib/x86_64-linux-gnu/libc.so.6
7f248ea2d000-7f248eb90000 r-xp 00028000 00:1d 13596122                   /usr/lib/x86_64-linux-gnu/libc.so.6
7f248eb90000-7f248ebe6000 r--p 0018b000 00:1d 13596122                   /usr/lib/x86_64-linux-gnu/libc.so.6
7f248ebe6000-7f248ebea000 r--p 001e0000 00:1d 13596122                   /usr/lib/x86_64-linux-gnu/libc.so.6
7f248ebea000-7f248ebec000 rw-p 001e4000 00:1d 13596122                   /usr/lib/x86_64-linux-gnu/libc.so.6
7f248ebec000-7f248ebf9000 rw-p 00000000 00:00 0 
7f248ebf9000-7f248ebfa000 r--p 00000000 00:1d 13596124                   /usr/lib/x86_64-linux-gnu/libdl.so.2
7f248ebfa000-7f248ebfb000 r-xp 00001000 00:1d 13596124                   /usr/lib/x86_64-linux-gnu/libdl.so.2
7f248ebfb000-7f248ebfc000 r--p 00002000 00:1d 13596124                   /usr/lib/x86_64-linux-gnu/libdl.so.2
7f248ebfc000-7f248ebfd000 r--p 00002000 00:1d 13596124                   /usr/lib/x86_64-linux-gnu/libdl.so.2
7f248ebfd000-7f248ebfe000 rw-p 00003000 00:1d 13596124                   /usr/lib/x86_64-linux-gnu/libdl.so.2
7f248ebfe000-7f248ebff000 r--p 00000000 00:1d 13596134                   /usr/lib/x86_64-linux-gnu/libpthread.so.0
7f248ebff000-7f248ec00000 r-xp 00001000 00:1d 13596134                   /usr/lib/x86_64-linux-gnu/libpthread.so.0
7f248ec00000-7f248ec01000 r--p 00002000 00:1d 13596134                   /usr/lib/x86_64-linux-gnu/libpthread.so.0
7f248ec01000-7f248ec02000 r--p 00002000 00:1d 13596134                   /usr/lib/x86_64-linux-gnu/libpthread.so.0
7f248ec02000-7f248ec03000 rw-p 00003000 00:1d 13596134                   /usr/lib/x86_64-linux-gnu/libpthread.so.0
7f248ec07000-7f248ec08000 ---p 00000000 00:00 0 
7f248ec08000-7f248ec09000 r--p 00000000 00:00 0 
7f248ec09000-7f248ec0a000 ---p 00000000 00:00 0 
7f248ec0a000-7f248ec25000 r-xp 00000000 00:1d 6430113                    /home/niel/.asdf/installs/java/adoptopenjdk-21.0.9+10.0.LTS/lib/libjimage.so
7f248ec25000-7f248ec26000 ---p 0001b000 00:1d 6430113                    /home/niel/.asdf/installs/java/adoptopenjdk-21.0.9+10.0.LTS/lib/libjimage.so
7f248ec26000-7f248ec28000 r--p 0001b000 00:1d 6430113                    /home/niel/.asdf/installs/java/adoptopenjdk-21.0.9+10.0.LTS/lib/libjimage.so
7f248ec28000-7f248ec29000 rw-p 0001d000 00:1d 6430113                    /home/niel/.asdf/installs/java/adoptopenjdk-21.0.9+10.0.LTS/lib/libjimage.so
7f248ec29000-7f248ec42000 r-xp 00000000 00:1d 6430133                    /home/niel/.asdf/installs/java/adoptopenjdk-21.0.9+10.0.LTS/lib/libjli.so
7f248ec42000-7f248ec43000 r--p 00018000 00:1d 6430133                    /home/niel/.asdf/installs/java/adoptopenjdk-21.0.9+10.0.LTS/lib/libjli.so
7f248ec43000-7f248ec44000 rw-p 00019000 00:1d 6430133                    /home/niel/.asdf/installs/java/adoptopenjdk-21.0.9+10.0.LTS/lib/libjli.so
7f248ec44000-7f248ec46000 rw-p 00000000 00:00 0 
7f248ec46000-7f248ec4a000 r--p 00000000 00:00 0                          [vvar]
7f248ec4a000-7f248ec4c000 r--p 00000000 00:00 0                          [vvar_vclock]
7f248ec4c000-7f248ec4e000 r-xp 00000000 00:00 0                          [vdso]
7f248ec4e000-7f248ec4f000 r--p 00000000 00:1d 13596119                   /usr/lib/x86_64-linux-gnu/ld-linux-x86-64.so.2
7f248ec4f000-7f248ec77000 r-xp 00001000 00:1d 13596119                   /usr/lib/x86_64-linux-gnu/ld-linux-x86-64.so.2
7f248ec77000-7f248ec82000 r--p 00029000 00:1d 13596119                   /usr/lib/x86_64-linux-gnu/ld-linux-x86-64.so.2
7f248ec82000-7f248ec84000 r--p 00034000 00:1d 13596119                   /usr/lib/x86_64-linux-gnu/ld-linux-x86-64.so.2
7f248ec84000-7f248ec85000 rw-p 00036000 00:1d 13596119                   /usr/lib/x86_64-linux-gnu/ld-linux-x86-64.so.2
7f248ec85000-7f248ec86000 rw-p 00000000 00:00 0 
7ffeb9acf000-7ffeb9af1000 rw-p 00000000 00:00 0                          [stack]
Total number of mappings: 266

JVMTI agents: none


VM Arguments:
java_command: org.jetbrains.kotlin.cli.jvm.K2JVMCompiler @/home/niel/Documents/aCSDFE/YEAR 4/SEM 1/SYSTEM/threat-hunting-platform/mobile/android/app/build/20260602_13251748678917524031.compiler.options
java_class_path (initial): /home/niel/.gradle/caches/modules-2/files-2.1/org.jetbrains.kotlin/kotlin-compiler-embeddable/1.9.24/78dab849090e6c5e2eadb6e59a11cdc28fb67a08/kotlin-compiler-embeddable-1.9.24.jar:/home/niel/.gradle/caches/modules-2/files-2.1/org.jetbrains.kotlin/kotlin-stdlib/1.9.24/9928532f12c66ad816a625b3f9984f8368ca6d2b/kotlin-stdlib-1.9.24.jar:/home/niel/.gradle/caches/modules-2/files-2.1/org.jetbrains.kotlin/kotlin-script-runtime/1.9.24/96771497da90fbc5af1c90fce148db2595a62502/kotlin-script-runtime-1.9.24.jar:/home/niel/.gradle/caches/modules-2/files-2.1/org.jetbrains.kotlin/kotlin-reflect/1.6.10/1cbe9c92c12a94eea200d23c2bbaedaf3daf5132/kotlin-reflect-1.6.10.jar:/home/niel/.gradle/caches/modules-2/files-2.1/org.jetbrains.kotlin/kotlin-daemon-embeddable/1.9.24/86685b9c5e8d170925bd9ddbdc263374a6a73281/kotlin-daemon-embeddable-1.9.24.jar:/home/niel/.gradle/caches/modules-2/files-2.1/org.jetbrains.intellij.deps/trove4j/1.0.20200330/3afb14d5f9ceb459d724e907a21145e8ff394f02/trove4j-1.0.20200330.jar:/home/niel/.gradle/caches/modules-2/files-2.1/org.jetbrains/annotations/13.0/919f0dfe192fb4e063e7dacadee7f8bb9a2672a9/annotations-13.0.jar
Launcher Type: SUN_STANDARD

[Global flags]
     intx CICompilerCount                          = 4                                         {product} {ergonomic}
     uint ConcGCThreads                            = 2                                         {product} {ergonomic}
     uint G1ConcRefinementThreads                  = 8                                         {product} {ergonomic}
   size_t G1HeapRegionSize                         = 2097152                                   {product} {ergonomic}
    uintx GCDrainStackTargetSize                   = 64                                        {product} {ergonomic}
   size_t InitialHeapSize                          = 260046848                                 {product} {ergonomic}
   size_t MarkStackSize                            = 4194304                                   {product} {ergonomic}
   size_t MaxHeapSize                              = 4137680896                                {product} {ergonomic}
   size_t MaxNewSize                               = 2480930816                                {product} {ergonomic}
   size_t MinHeapDeltaBytes                        = 2097152                                   {product} {ergonomic}
   size_t MinHeapSize                              = 8388608                                   {product} {ergonomic}
    uintx NonNMethodCodeHeapSize                   = 5839372                                {pd product} {ergonomic}
    uintx NonProfiledCodeHeapSize                  = 122909434                              {pd product} {ergonomic}
    uintx ProfiledCodeHeapSize                     = 122909434                              {pd product} {ergonomic}
    uintx ReservedCodeCacheSize                    = 251658240                              {pd product} {ergonomic}
     bool SegmentedCodeCache                       = true                                      {product} {ergonomic}
   size_t SoftMaxHeapSize                          = 4137680896                             {manageable} {ergonomic}
     bool UseCompressedOops                        = true                           {product lp64_product} {ergonomic}
     bool UseG1GC                                  = true                                      {product} {ergonomic}

Logging:
Log output configuration:
 #0: stdout all=warning uptime,level,tags foldmultilines=false
 #1: stderr all=off uptime,level,tags foldmultilines=false

Release file:
IMPLEMENTOR="Eclipse Adoptium"
IMPLEMENTOR_VERSION="Temurin-21.0.9+10"
JAVA_RUNTIME_VERSION="21.0.9+10-LTS"
JAVA_VERSION="21.0.9"
JAVA_VERSION_DATE="2025-10-21"
LIBC="gnu"
MODULES="java.base java.compiler java.datatransfer java.xml java.prefs java.desktop java.instrument java.logging java.management java.security.sasl java.naming java.rmi java.management.rmi java.net.http java.scripting java.security.jgss java.transaction.xa java.sql java.sql.rowset java.xml.crypto java.se java.smartcardio jdk.accessibility jdk.internal.jvmstat jdk.attach jdk.charsets jdk.internal.opt jdk.zipfs jdk.compiler jdk.crypto.ec jdk.crypto.cryptoki jdk.dynalink jdk.internal.ed jdk.editpad jdk.hotspot.agent jdk.httpserver jdk.incubator.vector jdk.internal.le jdk.internal.vm.ci jdk.internal.vm.compiler jdk.internal.vm.compiler.management jdk.jartool jdk.javadoc jdk.jcmd jdk.management jdk.management.agent jdk.jconsole jdk.jdeps jdk.jdwp.agent jdk.jdi jdk.jfr jdk.jlink jdk.jpackage jdk.jshell jdk.jsobject jdk.jstatd jdk.localedata jdk.management.jfr jdk.naming.dns jdk.naming.rmi jdk.net jdk.nio.mapmode jdk.random jdk.sctp jdk.security.auth jdk.security.jgss jdk.unsupported jdk.unsupported.desktop jdk.xml.dom"
OS_ARCH="x86_64"
OS_NAME="Linux"
SOURCE=".:git:759062135b07"
BUILD_SOURCE="git:839fa0b45d809157cffd3dc8515aad262a4a1776"
BUILD_SOURCE_REPO="https://github.com/adoptium/temurin-build.git"
SOURCE_REPO="https://github.com/adoptium/jdk21u.git"
FULL_VERSION="21.0.9+10-LTS"
SEMANTIC_VERSION="21.0.9+10"
BUILD_INFO="OS: Linux Version: 6.8.0-1036-azure"
JVM_VARIANT="Hotspot"
JVM_VERSION="21.0.9+10-LTS"
IMAGE_TYPE="JDK"

Environment Variables:
JAVA_HOME=/home/niel/.asdf/installs/java/adoptopenjdk-21.0.9+10.0.LTS
PATH=/home/niel/.asdf/installs/java/adoptopenjdk-21.0.9+10.0.LTS/bin:/home/niel/.asdf/shims:/home/niel/Applications/scrcpy/scrcpy-linux-x86_64-v3.3.1/:/home/niel/Applications/flutter/bin:/home/niel/Android/Sdk/platform-tools/:/home/niel/.npm-global/bin:/home/niel/.fzf/bin:/home/niel/.cargo/bin:/home/niel/Applications/Scripts:/home/niel/Applications/Binaries:/home/niel/.local/bin:/snap/bin:/home/niel/.local/bin:/snap/bin:/usr/local/sbin:/usr/sbin:/sbin:/usr/local/bin:/usr/bin:/bin:/usr/local/games:/usr/games:/opt/nvim-linux-x86_64/bin
SHELL=/bin/bash
DISPLAY=:0.0
LANG=en_US.UTF-8
LC_NUMERIC=en_GB.UTF-8
LC_TIME=en_GB.UTF-8
TERM=xterm-256color

Active Locale:
LC_ALL=LC_CTYPE=en_US.UTF-8;LC_NUMERIC=en_GB.UTF-8;LC_TIME=en_GB.UTF-8;LC_COLLATE=en_US.UTF-8;LC_MONETARY=en_GB.UTF-8;LC_MESSAGES=en_US.UTF-8;LC_PAPER=en_GB.UTF-8;LC_NAME=en_GB.UTF-8;LC_ADDRESS=en_GB.UTF-8;LC_TELEPHONE=en_GB.UTF-8;LC_MEASUREMENT=en_GB.UTF-8;LC_IDENTIFICATION=en_GB.UTF-8
LC_COLLATE=en_US.UTF-8
LC_CTYPE=en_US.UTF-8
LC_MESSAGES=en_US.UTF-8
LC_MONETARY=en_GB.UTF-8
LC_NUMERIC=en_GB.UTF-8
LC_TIME=en_GB.UTF-8

Signal Handlers:
   SIGSEGV: crash_handler in libjvm.so, mask=11100100010111111101111111111110, flags=SA_RESTART|SA_SIGINFO, unblocked
    SIGBUS: crash_handler in libjvm.so, mask=11100100010111111101111111111110, flags=SA_RESTART|SA_SIGINFO, unblocked
    SIGFPE: crash_handler in libjvm.so, mask=11100100010111111101111111111110, flags=SA_RESTART|SA_SIGINFO, unblocked
   SIGPIPE: javaSignalHandler in libjvm.so, mask=11100100010111111101111111111110, flags=SA_RESTART|SA_SIGINFO, blocked
   SIGXFSZ: javaSignalHandler in libjvm.so, mask=11100100010111111101111111111110, flags=SA_RESTART|SA_SIGINFO, blocked
    SIGILL: crash_handler in libjvm.so, mask=11100100010111111101111111111110, flags=SA_RESTART|SA_SIGINFO, unblocked
   SIGUSR2: SR_handler in libjvm.so, mask=00000000000000000000000000000000, flags=SA_RESTART|SA_SIGINFO, blocked
    SIGHUP: UserHandler in libjvm.so, mask=11100100010111111101111111111110, flags=SA_RESTART|SA_SIGINFO, blocked
    SIGINT: UserHandler in libjvm.so, mask=11100100010111111101111111111110, flags=SA_RESTART|SA_SIGINFO, blocked
   SIGTERM: UserHandler in libjvm.so, mask=11100100010111111101111111111110, flags=SA_RESTART|SA_SIGINFO, blocked
   SIGQUIT: UserHandler in libjvm.so, mask=11100100010111111101111111111110, flags=SA_RESTART|SA_SIGINFO, blocked
   SIGTRAP: crash_handler in libjvm.so, mask=11100100010111111101111111111110, flags=SA_RESTART|SA_SIGINFO, unblocked


Periodic native trim disabled

---------------  S Y S T E M  ---------------

OS:
PRETTY_NAME="Parrot Security 7.1 (echo)"
NAME="Parrot Security"
VERSION_ID="7.1"
VERSION="7.1 (echo)"
VERSION_CODENAME=echo
DEBIAN_VERSION_FULL=7.1
ID=debian
HOME_URL="https://www.parrotsec.org/"
SUPPORT_URL="https://www.parrotsec.org/docs"
BUG_REPORT_URL="https://gitlab.com/parrotsec/"
uname: Linux 6.19.6+parrot7-amd64 #1 SMP PREEMPT_DYNAMIC Parrot 6.19.6-2parrot1 (2026-03-17) x86_64
OS uptime: 2 days 0:37 hours
libc: glibc 2.41 NPTL 2.41 
rlimit (soft/hard): STACK 8192k/infinity , CORE 0k/infinity , NPROC 62472/62472 , NOFILE 524288/524288 , AS infinity/infinity , CPU infinity/infinity , DATA infinity/infinity , FSIZE infinity/infinity , MEMLOCK 8192k/8192k
load average: 3.48 3.59 2.94

/proc/meminfo:
MemTotal:       16157852 kB
MemFree:          530944 kB
MemAvailable:    5119600 kB
Buffers:            1048 kB
Cached:          5444552 kB
SwapCached:       214424 kB
Active:          4188964 kB
Inactive:       10060440 kB
Active(anon):    3476624 kB
Inactive(anon):  5986340 kB
Active(file):     712340 kB
Inactive(file):  4074100 kB
Unevictable:      142508 kB
Mlocked:              80 kB
SwapTotal:      17777496 kB
SwapFree:       16387960 kB
Zswap:                 0 kB
Zswapped:              0 kB
Dirty:              3784 kB
Writeback:             0 kB
AnonPages:       8863320 kB
Mapped:           869792 kB
Shmem:            660824 kB
KReclaimable:     430908 kB
Slab:             749260 kB
SReclaimable:     430908 kB
SUnreclaim:       318352 kB
KernelStack:       29744 kB
PageTables:       100248 kB
SecPageTables:      3304 kB
NFS_Unstable:          0 kB
Bounce:                0 kB
WritebackTmp:          0 kB
CommitLimit:    25856420 kB
Committed_AS:   20193716 kB
VmallocTotal:   34359738367 kB
VmallocUsed:      254940 kB
VmallocChunk:          0 kB
Percpu:             8096 kB
HardwareCorrupted:     0 kB
AnonHugePages:   2930688 kB
ShmemHugePages:   223232 kB
ShmemPmdMapped:     8192 kB
FileHugePages:         0 kB
FilePmdMapped:         0 kB
Unaccepted:            0 kB
Balloon:               0 kB
HugePages_Total:       0
HugePages_Free:        0
HugePages_Rsvd:        0
HugePages_Surp:        0
Hugepagesize:       2048 kB
Hugetlb:               0 kB
DirectMap4k:      986624 kB
DirectMap2M:    15568896 kB
DirectMap1G:           0 kB

/sys/kernel/mm/transparent_hugepage/enabled: [always] madvise never
/sys/kernel/mm/transparent_hugepage/hpage_pmd_size: 2097152
/sys/kernel/mm/transparent_hugepage/defrag (defrag/compaction efforts parameter): always defer defer+madvise [madvise] never

Process Memory:
Virtual Size: 7455252K (peak: 7520788K)
Resident Set Size: 121600K (peak: 159808K) (anon: 98316K, file: 23240K, shmem: 44K)
Swapped out: 0K
C-Heap outstanding allocations: 51404K, retained: 3891K
glibc malloc tunables: (default)

/proc/sys/kernel/threads-max (system-wide limit on the number of threads): 124944
/proc/sys/vm/max_map_count (maximum number of memory map areas a process may have): 1048576
/proc/sys/vm/swappiness (control to define how aggressively the kernel swaps out anonymous memory): 60
/proc/sys/kernel/pid_max (system-wide limit on number of process identifiers): 4194304

container information not found.
Steal ticks since vm start: 0
Steal ticks percentage since vm start:  0.000

CPU: total 8 (initial active 8) (4 cores per cpu, 2 threads per core) family 6 model 94 stepping 3 microcode 0xf0, cx8, cmov, fxsr, ht, mmx, 3dnowpref, sse, sse2, sse3, ssse3, sse4.1, sse4.2, popcnt, lzcnt, tsc, tscinvbit, avx, avx2, aes, erms, clmul, bmi1, bmi2, adx, fma, vzeroupper, clflush, clflushopt, rdtscp, f16c
CPU Model and flags from /proc/cpuinfo:
model name	: Intel(R) Core(TM) i7-6820HQ CPU @ 2.70GHz
flags		: fpu vme de pse tsc msr pae mce cx8 apic sep mtrr pge mca cmov pat pse36 clflush dts acpi mmx fxsr sse sse2 ss ht tm pbe syscall nx pdpe1gb rdtscp lm constant_tsc art arch_perfmon pebs bts rep_good nopl xtopology nonstop_tsc cpuid aperfmperf pni pclmulqdq dtes64 monitor ds_cpl vmx smx est tm2 ssse3 sdbg fma cx16 xtpr pdcm pcid sse4_1 sse4_2 x2apic movbe popcnt tsc_deadline_timer aes xsave avx f16c rdrand lahf_lm abm 3dnowprefetch cpuid_fault epb pti ssbd ibrs ibpb stibp tpr_shadow flexpriority ept vpid ept_ad fsgsbase tsc_adjust bmi1 avx2 smep bmi2 erms invpcid mpx rdseed adx smap clflushopt intel_pt xsaveopt xsavec xgetbv1 xsaves dtherm ida arat pln pts hwp hwp_notify hwp_act_window hwp_epp vnmi md_clear flush_l1d arch_capabilities

Online cpus: 0-7
Offline cpus: 
BIOS frequency limitation: <Not Available>
Frequency switch latency (ns): 0
Available cpu frequencies: <Not Available>
Current governor: powersave
Core performance/turbo boost: <Not Available>

Memory: 4k page, physical 16157852k(5119600k free), swap 17777496k(16387960k free)
Page Sizes: 4k

vm_info: OpenJDK 64-Bit Server VM (21.0.9+10-LTS) for linux-amd64 JRE (21.0.9+10-LTS), built on 2025-10-21T00:00:00Z by "admin" with gcc 11.3.0

END.
