#
# A fatal error has been detected by the Java Runtime Environment:
#
#  SIGSEGV (0xb) at pc=0x00007fa1d2bcb1f2, pid=2947836, tid=2947840
#
# JRE version:  (21.0.9+10) (build )
# Java VM: OpenJDK 64-Bit Server VM (21.0.9+10-LTS, mixed mode, sharing, tiered, compressed oops, compressed class ptrs, g1 gc, linux-amd64)
# Problematic frame:
# V  [libjvm.so+0xdcb1f2]  AdapterHandlerLibrary::get_simple_adapter(methodHandle const&)+0x92
#
# No core dump will be written. Core dumps have been disabled. To enable core dumping, try "ulimit -c unlimited" before starting Java again
#
#

---------------  S U M M A R Y ------------

Command Line: -Dapplication.home=/home/niel/.asdf/installs/java/adoptopenjdk-21.0.9+10.0.LTS -Xms8m -Djdk.module.main=jdk.jlink jdk.jlink/jdk.tools.jmod.Main create --module-version 21 --target-platform LINUX-OTHER --class-path /home/niel/.gradle/caches/transforms-4/9e7c170fc1ec2e7e6b9e931bfb5ca234-22d953ec-93e1-4771-8ad7-740caec9da69/transformed/output/temp/module.jar /home/niel/.gradle/caches/transforms-4/9e7c170fc1ec2e7e6b9e931bfb5ca234-22d953ec-93e1-4771-8ad7-740caec9da69/transformed/output/temp/jmod/java.base.jmod

Host: Intel(R) Core(TM) i7-6820HQ CPU @ 2.70GHz, 8 cores, 15G, Parrot Security 7.1 (echo)
Time: Thu May 21 12:16:36 2026 EAT elapsed time: 0.058417 seconds (0d 0h 0m 0s)

---------------  T H R E A D  ---------------

Current thread (0x00007fa1cc02ad70):  JavaThread "Unknown thread" [_thread_in_vm, id=2947840, stack(0x00007fa1d1d00000,0x00007fa1d1e00000) (1024K)]

Stack: [0x00007fa1d1d00000,0x00007fa1d1e00000],  sp=0x00007fa1d1dfe648,  free space=1017k
Native frames: (J=compiled Java code, j=interpreted, Vv=VM code, C=native code)
V  [libjvm.so+0xdcb1f2]  AdapterHandlerLibrary::get_simple_adapter(methodHandle const&)+0x92
V  [libjvm.so+0xc8fc7e]  Method::link_method(methodHandle const&, JavaThread*)+0x5e
V  [libjvm.so+0x8e9e37]  InstanceKlass::link_methods(JavaThread*)+0x67
V  [libjvm.so+0x8ea0d3]  InstanceKlass::link_class_impl(JavaThread*)+0x1d3
V  [libjvm.so+0x8ea538]  InstanceKlass::link_class_or_fail(JavaThread*)+0x38
V  [libjvm.so+0xfb1cfe]  initialize_known_method(LatestMethodCache*, InstanceKlass*, char const*, Symbol*, bool, JavaThread*)+0x6e
V  [libjvm.so+0xfb1f69]  Universe::initialize_known_methods(JavaThread*)+0xe9
V  [libjvm.so+0xfb2325]  universe_post_init()+0x375
V  [libjvm.so+0x8e0ec4]  init_globals2()+0x54
V  [libjvm.so+0xf917aa]  Threads::create_vm(JavaVMInitArgs*, bool*)+0x32a
V  [libjvm.so+0x9b97ef]  JNI_CreateJavaVM+0x4f
C  [libjli.so+0x970b]  JavaMain+0x8b
C  [libjli.so+0xd259]  ThreadJavaMain+0x9

siginfo: si_signo: 11 (SIGSEGV), si_code: 1 (SEGV_MAPERR), si_addr: 0x0000000000000007

Registers:
RAX=0x0000000000000000, RBX=0x00007fa153435c38, RCX=0x0000000000000001, RDX=0x000000000000041e
RSP=0x00007fa1d1dfe648, RBP=0x00007fa1d1dfe770, RSI=0x00007fa153bcfb50, RDI=0x00007fa1d1dfe7c0
R8 =0x00007fa153435c38, R9 =0x0000000000000001, R10=0x0000000000000020, R11=0x0000000000000001
R12=0x00007fa1d1dfe7c0, R13=0x00007fa1cc02ad70, R14=0x0000000000000008, R15=0x00007fa153014040
RIP=0x00007fa1d2bcb1f2, EFLAGS=0x0000000000010202, CSGSFS=0x002b000000000033, ERR=0x0000000000000004
  TRAPNO=0x000000000000000e

XMM[0]=0x00007fa1cc02ad70 0x00007fa153435c38
XMM[1]=0x0000000000000000 0x00007fa1cc02ad70
XMM[2]=0x0000000000000000 0x0000000007537000
XMM[3]=0x00007fa1cc0ec9d0 0x00007fa1cc0ec9b0
XMM[4]=0x448b4870244c8b48 0x6824548b4860245c
XMM[5]=0x8948182454894820 0x247489485020ec83
XMM[6]=0x000080c481487824 0x448b4870244c8b48
XMM[7]=0x24748b4840247c8b 0x483824448b4c3024
XMM[8]=0x8b4c10246c8b4c08 0x24748b4c243c8b4c
XMM[9]=0x0000000000000000 0x0000000000000000
XMM[10]=0x3f3f3f3f3f3f3f3f 0x3f3f3f3f3f3f3f3f
XMM[11]=0x9999999999999999 0x9999999999999999
XMM[12]=0x2020202020202020 0x2020202020202020
XMM[13]=0x0000000000000000 0x0000000000000000
XMM[14]=0x0000000000000000 0x0000000000000000
XMM[15]=0x0000000000000000 0x0000000000000000
  MXCSR=0x00001fa2


Register to memory mapping:

RAX=0x0 is null
RBX={method} {0x00007fa153435c38} '
[error occurred during error reporting (printing register info), id 0xb, SIGSEGV (0xb) at pc=0x00007fa1d2d2c23f]
RCX=0x0000000000000001 is an unknown value
RDX=0x000000000000041e is an unknown value
RSP=0x00007fa1d1dfe648 is pointing into the stack for thread: 0x00007fa1cc02ad70
RBP=0x00007fa1d1dfe770 is pointing into the stack for thread: 0x00007fa1cc02ad70
RSI=0x00007fa153bcfb50 is pointing into metadata
RDI=0x00007fa1d1dfe7c0 is pointing into the stack for thread: 0x00007fa1cc02ad70
R8 ={method} {0x00007fa153435c38} '
[error occurred during error reporting (printing register info, attempt 2), id 0xb, SIGSEGV (0xb) at pc=0x00007fa1d2d2c23f]
R9 =0x0000000000000001 is an unknown value
R10=0x0000000000000020 is an unknown value
R11=0x0000000000000001 is an unknown value
R12=0x00007fa1d1dfe7c0 is pointing into the stack for thread: 0x00007fa1cc02ad70
R13=0x00007fa1cc02ad70 is a thread
R14=0x0000000000000008 is an unknown value
R15=0x00007fa153014040 is a pointer to class: 
java.lang.ClassLoader {0x00007fa153014040}
 - instance size:     10
 - klass size:        95
 - access:            public synchronized abstract 
 - flags:             rewritten has_nonstatic_fields is_shared_boot_class has_localvariable_table has_final_method 
 - state:             loaded
 - name:              'java/lang/ClassLoader'
 - super:             'java/lang/Object'
 - sub:               'jdk/internal/reflect/DelegatingClassLoader'   'java/security/SecureClassLoader'   
 - arrays:            'java/lang/ClassLoader'[]
 - methods:           Array<T>(0x00007fa15363f710)
 - method ordering:   Array<T>(0x00007fa15363fa00)
 - local interfaces:  Array<T>(0x00007fa15361bc50)
 - trans. interfaces: Array<T>(0x00007fa15361bc50)
 - secondary supers: Array<T>(0x00007fa15361b7a0)
 - hash_slot:         50
 - bitmap:            0x0000000000000000
 - constants:         constant pool [1108]/operands[35] {0x00007fa15363d400} for 'java/lang/ClassLoader' cache=0x00007fa153437460
 - class loader data:  loader data: 0x00007fa1cc0d7520 of 'bootstrap'
 - source file:       'ClassLoader.java'
 - inner classes:     Array<T>(0x00007fa15363f6e8)
 - nest members:     Array<T>(0x00007fa15363fbf8)
 - permitted subclasses:     Array<T>(0x00007fa15361bbd8)
 - java mirror:       a 'java/lang/Class'{0x00000007ffe80ed8} = 'java/lang/ClassLoader'
 - vtable length      34  (start addr: 0x00007fa153014210)
 - itable length      2 (start addr: 0x00007fa153014320)
 - ---- static fields (2 words):
 - private static final 'nocerts' '[Ljava/security/cert/Certificate;' @112 
 - private static volatile 'scl' 'Ljava/lang/ClassLoader;' @116 
 - static final synthetic '$assertionsDisabled' 'Z' @120 
 - ---- non-static fields (17 words):
 - private 'defaultAssertionStatus' 'Z' @12 
 - injected 'loader_data' 'J' @16 
 - private final 'parent' 'Ljava/lang/ClassLoader;' @24 
 - private final 'name' 'Ljava/lang/String;' @28 
 - private final 'unnamedModule' 'Ljava/lang/Module;' @32 
 - private final 'nameAndId' 'Ljava/lang/String;' @36 
 - private final 'parallelLockMap' 'Ljava/util/concurrent/ConcurrentHashMap;' @40 
 - private final 'package2certs' 'Ljava/util/concurrent/ConcurrentHashMap;' @44 
 - private final 'classes' 'Ljava/util/ArrayList;' @48 
 - private final 'defaultDomain' 'Ljava/security/ProtectionDomain;' @52 
 - private final 'packages' 'Ljava/util/concurrent/ConcurrentHashMap;' @56 
 - private final 'libraries' 'Ljdk/internal/loader/NativeLibraries;' @60 
 - final 'assertionLock' 'Ljava/lang/Object;' @64 
 - private 'packageAssertionStatus' 'Ljava/util/Map;' @68 
 - 'classAssertionStatus' 'Ljava/util/Map;' @72 
 - private volatile 'classLoaderValueMap' 'Ljava/util/concurrent/ConcurrentHashMap;' @76 
 - non-static oop maps: 24-76 

Top of Stack: (sp=0x00007fa1d1dfe648)
0x00007fa1d1dfe648:   00007fa1d2bd1089 00007fa1d1dfe680
0x00007fa1d1dfe658:   00000000000003d8 00007fa1cc02b4b0
0x00007fa1d1dfe668:   00007fa1cc02b4c0 00007fa1cc02b898
0x00007fa1d1dfe678:   00007fa1cc02b4c0 00007fa1cc02b4b0
0x00007fa1d1dfe688:   0000000100000000 0000000000007c3f
0x00007fa1d1dfe698:   00007fa1bbd78990 000000000000bbbb
0x00007fa1d1dfe6a8:   00007fa100000000 00007fa1ffffffff
0x00007fa1d1dfe6b8:   00007fa1d1dfe780 00007fa1d1dfe6e0
0x00007fa1d1dfe6c8:   00007fa1d2424898 00007fa15349ad78
0x00007fa1d1dfe6d8:   00007fa10000000c 0000000000559998
0x00007fa1d1dfe6e8:   0000000c0000000c 0000000c0000000c
0x00007fa1d1dfe6f8:   000000020000000a 0000000b0000000e
0x00007fa1d1dfe708:   0000000b0000000e 000000080000000e
0x00007fa1d1dfe718:   00007fa1cc02b4c0 0000000000000000
0x00007fa1d1dfe728:   00007fa1d1dfe6e8 00007fa100000006
0x00007fa1d1dfe738:   00007fa1d1dfe7c0 00007fa1d1dfe770
0x00007fa1d1dfe748:   00007fa153435c38 00007fa1d1dfe7c0
0x00007fa1d1dfe758:   00007fa1cc02ad70 0000000000000008
0x00007fa1d1dfe768:   00007fa153014040 00007fa1d1dfe7a0
0x00007fa1d1dfe778:   00007fa1d2a8fc7e 00000000000002d8
0x00007fa1d1dfe788:   00007fa1cc02ad70 00007fa1d1dfe7c0
0x00007fa1d1dfe798:   0000000000000008 00007fa1d1dfe800
0x00007fa1d1dfe7a8:   00007fa1d26e9e37 00007fa1d1dfe7e0
0x00007fa1d1dfe7b8:   00007fa1d35f9ed9 00007fa153435c38
0x00007fa1d1dfe7c8:   00007fa1cc02ad70 0000000000007c3f
0x00007fa1d1dfe7d8:   00007fa1cc034fb8 00007fa1cc02ad70
0x00007fa1d1dfe7e8:   00007fa153014040 00007fa1d1dfe860
0x00007fa1d1dfe7f8:   00007fa1d1dfe8a0 00007fa1d1dfe920
0x00007fa1d1dfe808:   00007fa1d26ea0d3 00007fa1d1dfe820
0x00007fa1d1dfe818:   00007fa1d1dfe820 00007fa1cc02ad70
0x00007fa1d1dfe828:   00007fa1cc034fb8 0000000000000001
0x00007fa1d1dfe838:   00007fa1cc02b4c0 0000000000000000 

Instructions: (pc=0x00007fa1d2bcb1f2)
0x00007fa1d2bcb0f2:   05 e1 02 79 00 c3 0f 1f 84 00 00 00 00 00 55 66
0x00007fa1d2bcb102:   48 0f 6e d6 66 48 0f 6e cf 66 48 0f 6e c2 66 48
0x00007fa1d2bcb112:   0f 6e d9 66 0f 6c ca 31 d2 be 04 00 00 00 66 0f
0x00007fa1d2bcb122:   6c c3 bf 28 00 00 00 48 89 e5 53 4c 89 c3 48 83
0x00007fa1d2bcb132:   ec 28 0f 29 4d d0 0f 29 45 e0 e8 cf 75 66 ff 66
0x00007fa1d2bcb142:   0f 6f 4d d0 66 0f 6f 45 e0 48 89 58 20 0f 11 08
0x00007fa1d2bcb152:   0f 11 40 10 48 8b 5d f8 c9 c3 0f 1f 40 00 48 8b
0x00007fa1d2bcb162:   07 8b 50 28 f6 c6 04 75 6d 48 8b 70 08 0f b7 4e
0x00007fa1d2bcb172:   2e 85 c9 74 49 83 f9 01 74 64 31 c0 83 f9 02 75
0x00007fa1d2bcb182:   4f 83 e2 08 75 4a 0f b7 4e 26 48 8b 56 08 48 8b
0x00007fa1d2bcb192:   54 ca 48 0f b6 4a 07 83 e9 42 80 f9 19 77 31 ba
0x00007fa1d2bcb1a2:   01 00 00 00 48 d3 e2 f7 c2 83 00 02 01 75 7f f7
0x00007fa1d2bcb1b2:   c2 00 04 00 02 48 0f 45 05 21 02 79 00 c3 48 8b
0x00007fa1d2bcb1c2:   05 39 02 79 00 c3 0f 1f 84 00 00 00 00 00 31 c0
0x00007fa1d2bcb1d2:   c3 0f 1f 44 00 00 48 8b 05 29 02 79 00 c3 83 e2
0x00007fa1d2bcb1e2:   08 74 3b 0f b7 56 26 48 8b 46 08 48 8b 44 d0 48
0x00007fa1d2bcb1f2:   0f b6 48 07 83 e9 42 80 f9 19 77 d2 ba 01 00 00
0x00007fa1d2bcb202:   00 48 d3 e2 48 89 d0 25 83 00 02 01 75 30 f7 c2
0x00007fa1d2bcb212:   00 04 00 02 48 0f 45 05 d2 01 79 00 c3 90 48 8b
0x00007fa1d2bcb222:   05 c9 01 79 00 c3 0f 1f 84 00 00 00 00 00 48 8b
0x00007fa1d2bcb232:   05 b1 01 79 00 c3 0f 1f 84 00 00 00 00 00 48 8b
0x00007fa1d2bcb242:   05 b1 01 79 00 c3 0f 1f 84 00 00 00 00 00 55 48
0x00007fa1d2bcb252:   89 e5 41 57 44 8d 7e 0e 41 56 41 55 49 89 d5 41
0x00007fa1d2bcb262:   54 41 89 f4 53 48 81 ec 58 03 00 00 48 8d 05 43
0x00007fa1d2bcb272:   20 79 00 48 89 bd a8 fc ff ff 48 8b 00 48 89 85
0x00007fa1d2bcb282:   88 fc ff ff 48 8d 05 73 50 7b 00 66 48 0f 6e c0
0x00007fa1d2bcb292:   89 f0 83 c0 07 66 0f 6c c0 44 0f 49 f8 0f 29 85
0x00007fa1d2bcb2a2:   10 fd ff ff 0f 29 85 20 fd ff ff 0f 29 85 30 fd
0x00007fa1d2bcb2b2:   ff ff 41 c1 ff 03 0f 29 85 40 fd ff ff 0f 29 85
0x00007fa1d2bcb2c2:   50 fd ff ff 0f 29 85 60 fd ff ff 0f 29 85 70 fd
0x00007fa1d2bcb2d2:   ff ff 0f 29 85 80 fd ff ff 0f 29 85 90 fd ff ff
0x00007fa1d2bcb2e2:   0f 29 85 a0 fd ff ff 0f 29 85 b0 fd ff ff 0f 29 


Stack slot to memory mapping:

stack at sp + 0 slots: 0x00007fa1d2bd1089: <offset 0x0000000000dd1089> in /home/niel/.asdf/installs/java/adoptopenjdk-21.0.9+10.0.LTS/lib/server/libjvm.so at 0x00007fa1d1e00000
stack at sp + 1 slots: 0x00007fa1d1dfe680 is pointing into the stack for thread: 0x00007fa1cc02ad70
stack at sp + 2 slots: 0x00000000000003d8 is an unknown value
stack at sp + 3 slots: 0x00007fa1cc02b4b0 points into unknown readable memory: 0x0000000000000000 | 00 00 00 00 00 00 00 00
stack at sp + 4 slots: 0x00007fa1cc02b4c0 points into unknown readable memory: 0x0000000000000018 | 18 00 00 00 00 00 00 00
stack at sp + 5 slots: 0x00007fa1cc02b898 points into unknown readable memory: 0x0000000000000045 | 45 00 00 00 00 00 00 00
stack at sp + 6 slots: 0x00007fa1cc02b4c0 points into unknown readable memory: 0x0000000000000018 | 18 00 00 00 00 00 00 00
stack at sp + 7 slots: 0x00007fa1cc02b4b0 points into unknown readable memory: 0x0000000000000000 | 00 00 00 00 00 00 00 00


---------------  P R O C E S S  ---------------

Threads class SMR info:
_java_thread_list=0x00007fa1cc0debd0, length=1, elements={
0x00007fa1cc02ad70
}

Java Threads: ( => current thread )
=>0x00007fa1cc02ad70 JavaThread "Unknown thread"             [_thread_in_vm, id=2947840, stack(0x00007fa1d1d00000,0x00007fa1d1e00000) (1024K)]
Total: 1

Other Threads:
  0x00007fa1cc0ddd40 WatcherThread "VM Periodic Task Thread"        [id=2947848, stack(0x00007fa1a1e7f000,0x00007fa1a1f7f000) (1024K)]
  0x00007fa1cc092a80 WorkerThread "GC Thread#0"                     [id=2947841, stack(0x00007fa1d0238000,0x00007fa1d0338000) (1024K)]
  0x00007fa1cc0a3720 ConcurrentGCThread "G1 Main Marker"            [id=2947842, stack(0x00007fa1d0137000,0x00007fa1d0237000) (1024K)]
  0x00007fa1cc0a46c0 WorkerThread "G1 Conc#0"                       [id=2947843, stack(0x00007fa1d0036000,0x00007fa1d0136000) (1024K)]
  0x00007fa1cc0cb580 ConcurrentGCThread "G1 Refine#0"               [id=2947844, stack(0x00007fa1b0150000,0x00007fa1b0250000) (1024K)]
  0x00007fa1cc0cc530 ConcurrentGCThread "G1 Service"                [id=2947845, stack(0x00007fa1b004f000,0x00007fa1b014f000) (1024K)]
Total: 6

Threads with active compile tasks:
Total: 0

VM state: not at safepoint (normal execution)

VM Mutex/Monitor currently owned by a thread: None

Heap address: 0x0000000709600000, size: 3946 MB, Compressed Oops mode: Zero based, Oop shift amount: 3

CDS archive(s) mapped at: [0x00007fa153000000-0x00007fa153ca0000-0x00007fa153ca0000), size 13238272, SharedBaseAddress: 0x00007fa153000000, ArchiveRelocationMode: 1.
Compressed class space mapped at: 0x00007fa154000000-0x00007fa194000000, reserved size: 1073741824
Narrow klass base: 0x00007fa153000000, Narrow klass shift: 0, Narrow klass range: 0x100000000

GC Precious Log:
 CardTable entry size: 512
 Card Set container configuration: InlinePtr #cards 4 size 8 Array Of Cards #cards 16 size 48 Howl #buckets 8 coarsen threshold 3686 Howl Bitmap #cards 512 size 80 coarsen threshold 460 Card regions per heap region 1 cards per card region 4096
 CPUs: 8 total, 8 available
 Memory: 15779M
 Large Page Support: Disabled
 NUMA Support: Disabled
 Compressed Oops: Enabled (Zero based)
 Heap Region Size: 2M
 Heap Min Capacity: 8M
 Heap Initial Capacity: 8M
 Heap Max Capacity: 3946M
 Pre-touch: Disabled
 Parallel Workers: 8
 Concurrent Workers: 2
 Concurrent Refinement Workers: 8
 Periodic GC: Disabled

Heap:
 garbage-first heap   total 10240K, used 1073K [0x0000000709600000, 0x0000000800000000)
  region size 2048K, 1 young (2048K), 0 survivors (0K)
 Metaspace       used 0K, committed 0K, reserved 1048576K
  class space    used 0K, committed 0K, reserved 1048576K

Heap Regions: E=young(eden), S=young(survivor), O=old, HS=humongous(starts), HC=humongous(continues), CS=collection set, F=free, TAMS=top-at-mark-start, PB=parsable bottom
|   0|0x0000000709600000, 0x0000000709600000, 0x0000000709800000|  0%| F|  |TAMS 0x0000000709600000| PB 0x0000000709600000| Untracked 
|   1|0x0000000709800000, 0x0000000709800000, 0x0000000709a00000|  0%| F|  |TAMS 0x0000000709800000| PB 0x0000000709800000| Untracked 
|   2|0x0000000709a00000, 0x0000000709a00000, 0x0000000709c00000|  0%| F|  |TAMS 0x0000000709a00000| PB 0x0000000709a00000| Untracked 
|   3|0x0000000709c00000, 0x0000000709c0a3e0, 0x0000000709e00000|  2%| E|  |TAMS 0x0000000709c00000| PB 0x0000000709c00000| Complete 
|1972|0x00000007ffe00000, 0x00000007fff0c798, 0x0000000800000000| 52%| O|  |TAMS 0x00000007ffe00000| PB 0x00000007ffe00000| Untracked 

Card table byte_map: [0x00007fa1d03b8000,0x00007fa1d0b6d000] _byte_map_base: 0x00007fa1ccb6d000

Marking Bits: (CMBitMap*) 0x00007fa1cc0935a0
 Bits: [0x00007fa1b0a58000, 0x00007fa1b4800000)

Polling page: 0x00007fa1d3720000

Metaspace:

Usage:
  Non-class:      0 bytes used.
      Class:      0 bytes used.
       Both:      0 bytes used.

Virtual space:
  Non-class space:        0 bytes reserved,       0 bytes (  ?%) committed,  0 nodes.
      Class space:        1.00 GB reserved,       0 bytes (  0%) committed,  1 nodes.
             Both:        1.00 GB reserved,       0 bytes (  0%) committed. 

Chunk freelists:
   Non-Class:  0 bytes
       Class:  16.00 MB
        Both:  16.00 MB

MaxMetaspaceSize: unlimited
CompressedClassSpaceSize: 1.00 GB
Initial GC threshold: 21.00 MB
Current GC threshold: 17179869184.00 GB
CDS: on
 - commit_granule_bytes: 65536.
 - commit_granule_words: 8192.
 - virtual_space_node_default_size: 8388608.
 - enlarge_chunks_in_place: 1.
 - use_allocation_guard: 0.


Internal statistics:

num_allocs_failed_limit: 0.
num_arena_births: 0.
num_arena_deaths: 0.
num_vsnodes_births: 1.
num_vsnodes_deaths: 0.
num_space_committed: 0.
num_space_uncommitted: 0.
num_chunks_returned_to_freelist: 0.
num_chunks_taken_from_freelist: 1.
num_chunk_merges: 0.
num_chunk_splits: 1.
num_chunks_enlarged: 0.
num_inconsistent_stats: 0.

CodeHeap 'non-profiled nmethods': size=120028Kb used=0Kb max_used=0Kb free=120028Kb
 bounds [0x00007fa1bc2c9000, 0x00007fa1bc539000, 0x00007fa1c3800000]
CodeHeap 'profiled nmethods': size=120028Kb used=0Kb max_used=0Kb free=120028Kb
 bounds [0x00007fa1b4800000, 0x00007fa1b4a70000, 0x00007fa1bbd37000]
CodeHeap 'non-nmethods': size=5704Kb used=207Kb max_used=343Kb free=5496Kb
 bounds [0x00007fa1bbd37000, 0x00007fa1bbfa7000, 0x00007fa1bc2c9000]
CodeCache: size=245760Kb, used=207Kb, max_used=343Kb, free=245552Kb
 total_blobs=62, nmethods=0, adapters=40, full_count=0
Compilation: enabled, stopped_count=0, restarted_count=0

Compilation events (0 events):
No events

GC Heap History (0 events):
No events

Dll operation events (1 events):
Event: 0.002 Loaded shared library /home/niel/.asdf/installs/java/adoptopenjdk-21.0.9+10.0.LTS/lib/libjava.so

Deoptimization events (0 events):
No events

Classes loaded (0 events):
No events

Classes unloaded (0 events):
No events

Classes redefined (0 events):
No events

Internal exceptions (0 events):
No events

ZGC Phase Switch (0 events):
No events

VM Operations (0 events):
No events

Memory protections (1 events):
Event: 0.001 Protecting memory [0x00007fa1d1d00000,0x00007fa1d1d04000] with protection modes 0

Nmethod flushes (0 events):
No events

Events (1 events):
Event: 0.035 Thread 0x00007fa1cc02ad70 Thread added: 0x00007fa1cc02ad70


Dynamic libraries:
709600000-709e00000 rw-p 00000000 00:00 0 
709e00000-7ffe00000 ---p 00000000 00:00 0 
7ffe00000-7fff0d000 rw-p 00cdf000 00:1d 6430153                          /home/niel/.asdf/installs/java/adoptopenjdk-21.0.9+10.0.LTS/lib/server/classes.jsa
7fff0d000-800000000 rw-p 00000000 00:00 0 
557b6ceea000-557b6ceeb000 r-xp 00000000 00:1d 6429686                    /home/niel/.asdf/installs/java/adoptopenjdk-21.0.9+10.0.LTS/bin/jmod
557b6ceec000-557b6ceed000 r--p 00001000 00:1d 6429686                    /home/niel/.asdf/installs/java/adoptopenjdk-21.0.9+10.0.LTS/bin/jmod
557b6ceed000-557b6ceee000 rw-p 00002000 00:1d 6429686                    /home/niel/.asdf/installs/java/adoptopenjdk-21.0.9+10.0.LTS/bin/jmod
557b76c8d000-557b76cd3000 rw-p 00000000 00:00 0                          [heap]
7fa153000000-7fa153ca0000 rw-p 00001000 00:1d 6430153                    /home/niel/.asdf/installs/java/adoptopenjdk-21.0.9+10.0.LTS/lib/server/classes.jsa
7fa153ca0000-7fa194000000 ---p 00000000 00:00 0 
7fa194000000-7fa194021000 rw-p 00000000 00:00 0 
7fa194021000-7fa198000000 ---p 00000000 00:00 0 
7fa198000000-7fa198021000 rw-p 00000000 00:00 0 
7fa198021000-7fa19c000000 ---p 00000000 00:00 0 
7fa19c000000-7fa19c021000 rw-p 00000000 00:00 0 
7fa19c021000-7fa1a0000000 ---p 00000000 00:00 0 
7fa1a1a12000-7fa1a1e7e000 rw-p 00000000 00:00 0 
7fa1a1e7e000-7fa1a1e7f000 ---p 00000000 00:00 0 
7fa1a1e7f000-7fa1a1f7f000 rw-p 00000000 00:00 0 
7fa1a1f7f000-7fa1a4021000 rw-p 00000000 00:00 0 
7fa1a4021000-7fa1a8000000 ---p 00000000 00:00 0 
7fa1a8000000-7fa1a8021000 rw-p 00000000 00:00 0 
7fa1a8021000-7fa1ac000000 ---p 00000000 00:00 0 
7fa1ac000000-7fa1ac021000 rw-p 00000000 00:00 0 
7fa1ac021000-7fa1b0000000 ---p 00000000 00:00 0 
7fa1b004e000-7fa1b004f000 ---p 00000000 00:00 0 
7fa1b004f000-7fa1b014f000 rw-p 00000000 00:00 0 
7fa1b014f000-7fa1b0150000 ---p 00000000 00:00 0 
7fa1b0150000-7fa1b0250000 rw-p 00000000 00:00 0 
7fa1b0250000-7fa1b0a78000 rw-p 00000000 00:00 0 
7fa1b0a78000-7fa1b47f8000 ---p 00000000 00:00 0 
7fa1b47f8000-7fa1b4800000 rw-p 00000000 00:00 0 
7fa1b4800000-7fa1b4a70000 rwxp 00000000 00:00 0 
7fa1b4a70000-7fa1bbd37000 ---p 00000000 00:00 0 
7fa1bbd37000-7fa1bbfa7000 rwxp 00000000 00:00 0 
7fa1bbfa7000-7fa1bc2c9000 ---p 00000000 00:00 0 
7fa1bc2c9000-7fa1bc539000 rwxp 00000000 00:00 0 
7fa1bc539000-7fa1c3800000 ---p 00000000 00:00 0 
7fa1c3800000-7fa1cbf8b000 r--s 00000000 00:1d 6430137                    /home/niel/.asdf/installs/java/adoptopenjdk-21.0.9+10.0.LTS/lib/modules
7fa1cbfa5000-7fa1cc0f9000 rw-p 00000000 00:00 0 
7fa1cc0f9000-7fa1d0000000 ---p 00000000 00:00 0 
7fa1d0035000-7fa1d0036000 ---p 00000000 00:00 0 
7fa1d0036000-7fa1d0136000 rw-p 00000000 00:00 0 
7fa1d0136000-7fa1d0137000 ---p 00000000 00:00 0 
7fa1d0137000-7fa1d0237000 rw-p 00000000 00:00 0 
7fa1d0237000-7fa1d0238000 ---p 00000000 00:00 0 
7fa1d0238000-7fa1d0338000 rw-p 00000000 00:00 0 
7fa1d0338000-7fa1d03bc000 rw-p 00000000 00:00 0 
7fa1d03bc000-7fa1d0b6c000 ---p 00000000 00:00 0 
7fa1d0b6c000-7fa1d0b71000 rw-p 00000000 00:00 0 
7fa1d0b71000-7fa1d1321000 ---p 00000000 00:00 0 
7fa1d1321000-7fa1d1b2f000 rw-p 00000000 00:00 0 
7fa1d1b2f000-7fa1d1c15000 ---p 00000000 00:00 0 
7fa1d1c15000-7fa1d1c1a000 rw-p 00000000 00:00 0 
7fa1d1c1a000-7fa1d1d00000 ---p 00000000 00:00 0 
7fa1d1d00000-7fa1d1d04000 ---p 00000000 00:00 0 
7fa1d1d04000-7fa1d1e00000 rw-p 00000000 00:00 0 
7fa1d1e00000-7fa1d321d000 r-xp 00000000 00:1d 6430156                    /home/niel/.asdf/installs/java/adoptopenjdk-21.0.9+10.0.LTS/lib/server/libjvm.so
7fa1d321d000-7fa1d32f2000 r--p 0141c000 00:1d 6430156                    /home/niel/.asdf/installs/java/adoptopenjdk-21.0.9+10.0.LTS/lib/server/libjvm.so
7fa1d32f2000-7fa1d3322000 rw-p 014f1000 00:1d 6430156                    /home/niel/.asdf/installs/java/adoptopenjdk-21.0.9+10.0.LTS/lib/server/libjvm.so
7fa1d3322000-7fa1d3388000 rw-p 00000000 00:00 0 
7fa1d33ac000-7fa1d33f2000 rw-p 00000000 00:00 0 
7fa1d33f2000-7fa1d33f9000 ---p 00000000 00:00 0 
7fa1d33f9000-7fa1d3419000 r-xp 00000000 00:1d 6430164                    /home/niel/.asdf/installs/java/adoptopenjdk-21.0.9+10.0.LTS/lib/libjava.so
7fa1d3419000-7fa1d341a000 ---p 00020000 00:1d 6430164                    /home/niel/.asdf/installs/java/adoptopenjdk-21.0.9+10.0.LTS/lib/libjava.so
7fa1d341a000-7fa1d341b000 r--p 00020000 00:1d 6430164                    /home/niel/.asdf/installs/java/adoptopenjdk-21.0.9+10.0.LTS/lib/libjava.so
7fa1d341b000-7fa1d341c000 rw-p 00021000 00:1d 6430164                    /home/niel/.asdf/installs/java/adoptopenjdk-21.0.9+10.0.LTS/lib/libjava.so
7fa1d341c000-7fa1d341d000 rw-p 00000000 00:00 0 
7fa1d341d000-7fa1d3425000 rw-s 00000000 00:2d 18996                      /tmp/hsperfdata_niel/2947836
7fa1d3425000-7fa1d3436000 r--p 00000000 00:1d 13596125                   /usr/lib/x86_64-linux-gnu/libm.so.6
7fa1d3436000-7fa1d34b3000 r-xp 00011000 00:1d 13596125                   /usr/lib/x86_64-linux-gnu/libm.so.6
7fa1d34b3000-7fa1d3513000 r--p 0008e000 00:1d 13596125                   /usr/lib/x86_64-linux-gnu/libm.so.6
7fa1d3513000-7fa1d3514000 r--p 000ed000 00:1d 13596125                   /usr/lib/x86_64-linux-gnu/libm.so.6
7fa1d3514000-7fa1d3515000 rw-p 000ee000 00:1d 13596125                   /usr/lib/x86_64-linux-gnu/libm.so.6
7fa1d3515000-7fa1d3516000 r--p 00000000 00:1d 13596136                   /usr/lib/x86_64-linux-gnu/librt.so.1
7fa1d3516000-7fa1d3517000 r-xp 00001000 00:1d 13596136                   /usr/lib/x86_64-linux-gnu/librt.so.1
7fa1d3517000-7fa1d3518000 r--p 00002000 00:1d 13596136                   /usr/lib/x86_64-linux-gnu/librt.so.1
7fa1d3518000-7fa1d3519000 r--p 00002000 00:1d 13596136                   /usr/lib/x86_64-linux-gnu/librt.so.1
7fa1d3519000-7fa1d351a000 rw-p 00003000 00:1d 13596136                   /usr/lib/x86_64-linux-gnu/librt.so.1
7fa1d351a000-7fa1d351e000 rw-p 00000000 00:00 0 
7fa1d351e000-7fa1d3546000 r--p 00000000 00:1d 13596122                   /usr/lib/x86_64-linux-gnu/libc.so.6
7fa1d3546000-7fa1d36a9000 r-xp 00028000 00:1d 13596122                   /usr/lib/x86_64-linux-gnu/libc.so.6
7fa1d36a9000-7fa1d36ff000 r--p 0018b000 00:1d 13596122                   /usr/lib/x86_64-linux-gnu/libc.so.6
7fa1d36ff000-7fa1d3703000 r--p 001e0000 00:1d 13596122                   /usr/lib/x86_64-linux-gnu/libc.so.6
7fa1d3703000-7fa1d3705000 rw-p 001e4000 00:1d 13596122                   /usr/lib/x86_64-linux-gnu/libc.so.6
7fa1d3705000-7fa1d3712000 rw-p 00000000 00:00 0 
7fa1d3712000-7fa1d3713000 r--p 00000000 00:1d 13596124                   /usr/lib/x86_64-linux-gnu/libdl.so.2
7fa1d3713000-7fa1d3714000 r-xp 00001000 00:1d 13596124                   /usr/lib/x86_64-linux-gnu/libdl.so.2
7fa1d3714000-7fa1d3715000 r--p 00002000 00:1d 13596124                   /usr/lib/x86_64-linux-gnu/libdl.so.2
7fa1d3715000-7fa1d3716000 r--p 00002000 00:1d 13596124                   /usr/lib/x86_64-linux-gnu/libdl.so.2
7fa1d3716000-7fa1d3717000 rw-p 00003000 00:1d 13596124                   /usr/lib/x86_64-linux-gnu/libdl.so.2
7fa1d3717000-7fa1d3718000 r--p 00000000 00:1d 13596134                   /usr/lib/x86_64-linux-gnu/libpthread.so.0
7fa1d3718000-7fa1d3719000 r-xp 00001000 00:1d 13596134                   /usr/lib/x86_64-linux-gnu/libpthread.so.0
7fa1d3719000-7fa1d371a000 r--p 00002000 00:1d 13596134                   /usr/lib/x86_64-linux-gnu/libpthread.so.0
7fa1d371a000-7fa1d371b000 r--p 00002000 00:1d 13596134                   /usr/lib/x86_64-linux-gnu/libpthread.so.0
7fa1d371b000-7fa1d371c000 rw-p 00003000 00:1d 13596134                   /usr/lib/x86_64-linux-gnu/libpthread.so.0
7fa1d3720000-7fa1d3721000 ---p 00000000 00:00 0 
7fa1d3721000-7fa1d3722000 r--p 00000000 00:00 0 
7fa1d3722000-7fa1d3723000 ---p 00000000 00:00 0 
7fa1d3723000-7fa1d373e000 r-xp 00000000 00:1d 6430113                    /home/niel/.asdf/installs/java/adoptopenjdk-21.0.9+10.0.LTS/lib/libjimage.so
7fa1d373e000-7fa1d373f000 ---p 0001b000 00:1d 6430113                    /home/niel/.asdf/installs/java/adoptopenjdk-21.0.9+10.0.LTS/lib/libjimage.so
7fa1d373f000-7fa1d3741000 r--p 0001b000 00:1d 6430113                    /home/niel/.asdf/installs/java/adoptopenjdk-21.0.9+10.0.LTS/lib/libjimage.so
7fa1d3741000-7fa1d3742000 rw-p 0001d000 00:1d 6430113                    /home/niel/.asdf/installs/java/adoptopenjdk-21.0.9+10.0.LTS/lib/libjimage.so
7fa1d3742000-7fa1d375b000 r-xp 00000000 00:1d 6430133                    /home/niel/.asdf/installs/java/adoptopenjdk-21.0.9+10.0.LTS/lib/libjli.so
7fa1d375b000-7fa1d375c000 r--p 00018000 00:1d 6430133                    /home/niel/.asdf/installs/java/adoptopenjdk-21.0.9+10.0.LTS/lib/libjli.so
7fa1d375c000-7fa1d375d000 rw-p 00019000 00:1d 6430133                    /home/niel/.asdf/installs/java/adoptopenjdk-21.0.9+10.0.LTS/lib/libjli.so
7fa1d375d000-7fa1d375f000 rw-p 00000000 00:00 0 
7fa1d375f000-7fa1d3763000 r--p 00000000 00:00 0                          [vvar]
7fa1d3763000-7fa1d3765000 r--p 00000000 00:00 0                          [vvar_vclock]
7fa1d3765000-7fa1d3767000 r-xp 00000000 00:00 0                          [vdso]
7fa1d3767000-7fa1d3768000 r--p 00000000 00:1d 13596119                   /usr/lib/x86_64-linux-gnu/ld-linux-x86-64.so.2
7fa1d3768000-7fa1d3790000 r-xp 00001000 00:1d 13596119                   /usr/lib/x86_64-linux-gnu/ld-linux-x86-64.so.2
7fa1d3790000-7fa1d379b000 r--p 00029000 00:1d 13596119                   /usr/lib/x86_64-linux-gnu/ld-linux-x86-64.so.2
7fa1d379b000-7fa1d379d000 r--p 00034000 00:1d 13596119                   /usr/lib/x86_64-linux-gnu/ld-linux-x86-64.so.2
7fa1d379d000-7fa1d379e000 rw-p 00036000 00:1d 13596119                   /usr/lib/x86_64-linux-gnu/ld-linux-x86-64.so.2
7fa1d379e000-7fa1d379f000 rw-p 00000000 00:00 0 
7ffce737b000-7ffce739d000 rw-p 00000000 00:00 0                          [stack]
Total number of mappings: 117

JVMTI agents: none


VM Arguments:
jvm_args: -Dapplication.home=/home/niel/.asdf/installs/java/adoptopenjdk-21.0.9+10.0.LTS -Xms8m -Djdk.module.main=jdk.jlink 
java_command: jdk.jlink/jdk.tools.jmod.Main create --module-version 21 --target-platform LINUX-OTHER --class-path /home/niel/.gradle/caches/transforms-4/9e7c170fc1ec2e7e6b9e931bfb5ca234-22d953ec-93e1-4771-8ad7-740caec9da69/transformed/output/temp/module.jar /home/niel/.gradle/caches/transforms-4/9e7c170fc1ec2e7e6b9e931bfb5ca234-22d953ec-93e1-4771-8ad7-740caec9da69/transformed/output/temp/jmod/java.base.jmod
java_class_path (initial): <not set>
Launcher Type: SUN_STANDARD

[Global flags]
     intx CICompilerCount                          = 4                                         {product} {ergonomic}
     uint ConcGCThreads                            = 2                                         {product} {ergonomic}
     uint G1ConcRefinementThreads                  = 8                                         {product} {ergonomic}
   size_t G1HeapRegionSize                         = 2097152                                   {product} {ergonomic}
    uintx GCDrainStackTargetSize                   = 64                                        {product} {ergonomic}
   size_t InitialHeapSize                          = 8388608                                   {product} {command line}
   size_t MarkStackSize                            = 4194304                                   {product} {ergonomic}
   size_t MaxHeapSize                              = 4137680896                                {product} {ergonomic}
   size_t MaxNewSize                               = 2480930816                                {product} {ergonomic}
   size_t MinHeapDeltaBytes                        = 2097152                                   {product} {ergonomic}
   size_t MinHeapSize                              = 8388608                                   {product} {command line}
    uintx NonNMethodCodeHeapSize                   = 5839372                                {pd product} {ergonomic}
    uintx NonProfiledCodeHeapSize                  = 122909434                              {pd product} {ergonomic}
    uintx ProfiledCodeHeapSize                     = 122909434                              {pd product} {ergonomic}
    uintx ReservedCodeCacheSize                    = 251658240                              {pd product} {ergonomic}
     bool SegmentedCodeCache                       = true                                      {product} {ergonomic}
   size_t SoftMaxHeapSize                          = 4137680896                             {manageable} {ergonomic}
     bool UseCompressedOops                        = true                           {product lp64_product} {ergonomic}
     bool UseG1GC                                  = true                                      {product} {ergonomic}

Logging:
Log output configuration:
 #0: stdout all=warning uptime,level,tags foldmultilines=false
 #1: stderr all=off uptime,level,tags foldmultilines=false

Release file:
<release file has not been read>
Environment Variables:
JAVA_HOME=/home/niel/.asdf/installs/java/adoptopenjdk-21.0.9+10.0.LTS
PATH=/home/niel/.asdf/installs/java/adoptopenjdk-21.0.9+10.0.LTS/bin:/home/niel/.asdf/shims:/home/niel/Applications/scrcpy/scrcpy-linux-x86_64-v3.3.1/:/home/niel/Applications/flutter/bin:/home/niel/Android/Sdk/platform-tools/:/home/niel/.npm-global/bin:/home/niel/.fzf/bin:/home/niel/.cargo/bin:/home/niel/Applications/Scripts:/home/niel/Applications/Binaries:/home/niel/.local/bin:/snap/bin:/home/niel/.local/bin:/snap/bin:/usr/local/sbin:/usr/sbin:/sbin:/usr/local/bin:/usr/bin:/bin:/usr/local/games:/usr/games:/opt/nvim-linux-x86_64/bin
SHELL=/bin/bash
DISPLAY=:0.0
LANG=en_US.UTF-8
LC_NUMERIC=en_GB.UTF-8
LC_TIME=en_GB.UTF-8
TERM=xterm-256color

Active Locale:
LC_ALL=C
LC_COLLATE=C
LC_CTYPE=C
LC_MESSAGES=C
LC_MONETARY=C
LC_NUMERIC=C
LC_TIME=C

Signal Handlers:
   SIGSEGV: crash_handler in libjvm.so, mask=11100100010111111101111111111110, flags=SA_RESTART|SA_SIGINFO, unblocked
    SIGBUS: crash_handler in libjvm.so, mask=11100100010111111101111111111110, flags=SA_RESTART|SA_SIGINFO, unblocked
    SIGFPE: crash_handler in libjvm.so, mask=11100100010111111101111111111110, flags=SA_RESTART|SA_SIGINFO, unblocked
   SIGPIPE: javaSignalHandler in libjvm.so, mask=11100100010111111101111111111110, flags=SA_RESTART|SA_SIGINFO, blocked
   SIGXFSZ: javaSignalHandler in libjvm.so, mask=11100100010111111101111111111110, flags=SA_RESTART|SA_SIGINFO, blocked
    SIGILL: crash_handler in libjvm.so, mask=11100100010111111101111111111110, flags=SA_RESTART|SA_SIGINFO, unblocked
   SIGUSR2: SR_handler in libjvm.so, mask=00000000000000000000000000000000, flags=SA_RESTART|SA_SIGINFO, blocked
    SIGHUP: SIG_DFL, mask=00000000000000000000000000000000, flags=none, blocked
    SIGINT: SIG_DFL, mask=00000000000000000000000000000000, flags=none, blocked
   SIGTERM: SIG_DFL, mask=00000000000000000000000000000000, flags=none, blocked
   SIGQUIT: UserHandler in libjvm.so, mask=11100100010111111101111111111110, flags=SA_RESTART|SA_SIGINFO, blocked
   SIGTRAP: crash_handler in libjvm.so, mask=11100100010111111101111111111110, flags=SA_RESTART|SA_SIGINFO, unblocked


Periodic native trim disabled

---------------  S Y S T E M  ---------------

OS:
PRETTY_NAME="Parrot Security 7.1 (echo)"
NAME="Parrot Security"
VERSION_ID="7.1"
VERSION="7.1 (echo)"
VERSION_CODENAME=echo
DEBIAN_VERSION_FULL=7.1
ID=debian
HOME_URL="https://www.parrotsec.org/"
SUPPORT_URL="https://www.parrotsec.org/docs"
BUG_REPORT_URL="https://gitlab.com/parrotsec/"
uname: Linux 6.19.6+parrot7-amd64 #1 SMP PREEMPT_DYNAMIC Parrot 6.19.6-2parrot1 (2026-03-17) x86_64
OS uptime: 0 days 12:38 hours
libc: glibc 2.41 NPTL 2.41 
rlimit (soft/hard): STACK 8192k/infinity , CORE 0k/infinity , NPROC 62472/62472 , NOFILE 524288/524288 , AS infinity/infinity , CPU infinity/infinity , DATA infinity/infinity , FSIZE infinity/infinity , MEMLOCK 8192k/8192k
load average: 12.71 10.04 7.73

/proc/meminfo:
MemTotal:       16157868 kB
MemFree:         1808648 kB
MemAvailable:    6469728 kB
Buffers:              36 kB
Cached:          5236612 kB
SwapCached:       237824 kB
Active:          4044432 kB
Inactive:        8884108 kB
Active(anon):    3510604 kB
Inactive(anon):  4748184 kB
Active(file):     533828 kB
Inactive(file):  4135924 kB
Unevictable:      117588 kB
Mlocked:              80 kB
SwapTotal:      17777496 kB
SwapFree:       14378236 kB
Zswap:                 0 kB
Zswapped:              0 kB
Dirty:             15668 kB
Writeback:             4 kB
AnonPages:       7727676 kB
Mapped:           964040 kB
Shmem:            568060 kB
KReclaimable:     370036 kB
Slab:             682420 kB
SReclaimable:     370036 kB
SUnreclaim:       312384 kB
KernelStack:       34724 kB
PageTables:       116668 kB
SecPageTables:      3364 kB
NFS_Unstable:          0 kB
Bounce:                0 kB
WritebackTmp:          0 kB
CommitLimit:    25856428 kB
Committed_AS:   22898620 kB
VmallocTotal:   34359738367 kB
VmallocUsed:      257400 kB
VmallocChunk:          0 kB
Percpu:             8160 kB
HardwareCorrupted:     0 kB
AnonHugePages:   1697792 kB
ShmemHugePages:   151552 kB
ShmemPmdMapped:        0 kB
FileHugePages:         0 kB
FilePmdMapped:         0 kB
Unaccepted:            0 kB
Balloon:               0 kB
HugePages_Total:       0
HugePages_Free:        0
HugePages_Rsvd:        0
HugePages_Surp:        0
Hugepagesize:       2048 kB
Hugetlb:               0 kB
DirectMap4k:      888320 kB
DirectMap2M:    15667200 kB
DirectMap1G:           0 kB

/sys/kernel/mm/transparent_hugepage/enabled: [always] madvise never
/sys/kernel/mm/transparent_hugepage/hpage_pmd_size: 2097152
/sys/kernel/mm/transparent_hugepage/defrag (defrag/compaction efforts parameter): always defer defer+madvise [madvise] never

Process Memory:
Virtual Size: 6118604K (peak: 6118604K)
Resident Set Size: 36344K (peak: 36344K) (anon: 19904K, file: 16408K, shmem: 32K)
Swapped out: 0K
C-Heap outstanding allocations: 23219K, retained: 984K
glibc malloc tunables: (default)

/proc/sys/kernel/threads-max (system-wide limit on the number of threads): 124945
/proc/sys/vm/max_map_count (maximum number of memory map areas a process may have): 1048576
/proc/sys/vm/swappiness (control to define how aggressively the kernel swaps out anonymous memory): 60
/proc/sys/kernel/pid_max (system-wide limit on number of process identifiers): 4194304

container information not found.
Steal ticks since vm start: 0
Steal ticks percentage since vm start:  0.000

CPU: total 8 (initial active 8) (4 cores per cpu, 2 threads per core) family 6 model 94 stepping 3 microcode 0xf0, cx8, cmov, fxsr, ht, mmx, 3dnowpref, sse, sse2, sse3, ssse3, sse4.1, sse4.2, popcnt, lzcnt, tsc, tscinvbit, avx, avx2, aes, erms, clmul, bmi1, bmi2, adx, fma, vzeroupper, clflush, clflushopt, rdtscp, f16c
CPU Model and flags from /proc/cpuinfo:
model name	: Intel(R) Core(TM) i7-6820HQ CPU @ 2.70GHz
flags		: fpu vme de pse tsc msr pae mce cx8 apic sep mtrr pge mca cmov pat pse36 clflush dts acpi mmx fxsr sse sse2 ss ht tm pbe syscall nx pdpe1gb rdtscp lm constant_tsc art arch_perfmon pebs bts rep_good nopl xtopology nonstop_tsc cpuid aperfmperf pni pclmulqdq dtes64 monitor ds_cpl vmx smx est tm2 ssse3 sdbg fma cx16 xtpr pdcm pcid sse4_1 sse4_2 x2apic movbe popcnt tsc_deadline_timer aes xsave avx f16c rdrand lahf_lm abm 3dnowprefetch cpuid_fault epb pti ssbd ibrs ibpb stibp tpr_shadow flexpriority ept vpid ept_ad fsgsbase tsc_adjust bmi1 avx2 smep bmi2 erms invpcid mpx rdseed adx smap clflushopt intel_pt xsaveopt xsavec xgetbv1 xsaves dtherm ida arat pln pts hwp hwp_notify hwp_act_window hwp_epp vnmi md_clear flush_l1d arch_capabilities

Online cpus: 0-7
Offline cpus: 
BIOS frequency limitation: <Not Available>
Frequency switch latency (ns): 0
Available cpu frequencies: <Not Available>
Current governor: powersave
Core performance/turbo boost: <Not Available>

Memory: 4k page, physical 16157868k(6469468k free), swap 17777496k(14378236k free)
Page Sizes: 4k

vm_info: OpenJDK 64-Bit Server VM (21.0.9+10-LTS) for linux-amd64 JRE (21.0.9+10-LTS), built on 2025-10-21T00:00:00Z by "admin" with gcc 11.3.0

END.
